<?xml version="1.0" encoding="UTF-8"?>
<coverage generated="1767297030907" clover="3.2.0">
  <project timestamp="1767297030907" name="All files">
    <metrics statements="1182" coveredstatements="422" conditionals="771" coveredconditionals="304" methods="223" coveredmethods="102" elements="2176" coveredelements="828" complexity="0" loc="1182" ncloc="1182" packages="8" files="28" classes="28"/>
    <package name="components.layout">
      <metrics statements="5" coveredstatements="5" conditionals="6" coveredconditionals="6" methods="1" coveredmethods="1"/>
      <file name="DesktopContainer.tsx" path="/Users/slava/Projects/exquizite-app/components/layout/DesktopContainer.tsx">
        <metrics statements="5" coveredstatements="5" conditionals="6" coveredconditionals="6" methods="1" coveredmethods="1"/>
        <line num="18" count="6" type="stmt"/>
        <line num="20" count="6" type="cond" truecount="2" falsecount="0"/>
        <line num="21" count="2" type="stmt"/>
        <line num="24" count="4" type="stmt"/>
        <line num="33" count="1" type="stmt"/>
      </file>
    </package>
    <package name="components.set">
      <metrics statements="175" coveredstatements="89" conditionals="122" coveredconditionals="42" methods="42" coveredmethods="16"/>
      <file name="DesktopSetCard.tsx" path="/Users/slava/Projects/exquizite-app/components/set/DesktopSetCard.tsx">
        <metrics statements="42" coveredstatements="30" conditionals="22" coveredconditionals="15" methods="13" coveredmethods="6"/>
        <line num="21" count="20" type="stmt"/>
        <line num="22" count="20" type="stmt"/>
        <line num="23" count="20" type="stmt"/>
        <line num="24" count="20" type="stmt"/>
        <line num="25" count="20" type="stmt"/>
        <line num="26" count="20" type="stmt"/>
        <line num="28" count="20" type="stmt"/>
        <line num="29" count="20" type="stmt"/>
        <line num="31" count="202" type="stmt"/>
        <line num="32" count="20" type="stmt"/>
        <line num="43" count="20" type="stmt"/>
        <line num="46" count="20" type="stmt"/>
        <line num="47" count="19" type="cond" truecount="1" falsecount="1"/>
        <line num="48" count="19" type="stmt"/>
        <line num="49" count="19" type="stmt"/>
        <line num="50" count="19" type="stmt"/>
        <line num="51" count="19" type="stmt"/>
        <line num="53" count="19" type="cond" truecount="2" falsecount="0"/>
        <line num="54" count="18" type="cond" truecount="1" falsecount="1"/>
        <line num="55" count="18" type="cond" truecount="1" falsecount="1"/>
        <line num="56" count="18" type="stmt"/>
        <line num="59" count="20" type="stmt"/>
        <line num="60" count="0" type="stmt"/>
        <line num="61" count="0" type="stmt"/>
        <line num="64" count="20" type="stmt"/>
        <line num="65" count="0" type="stmt"/>
        <line num="66" count="0" type="stmt"/>
        <line num="69" count="20" type="stmt"/>
        <line num="70" count="0" type="stmt"/>
        <line num="71" count="0" type="stmt"/>
        <line num="80" count="0" type="stmt"/>
        <line num="81" count="0" type="stmt"/>
        <line num="83" count="0" type="stmt"/>
        <line num="94" count="20" type="stmt"/>
        <line num="95" count="1" type="stmt"/>
        <line num="98" count="20" type="stmt"/>
        <line num="100" count="20" type="stmt"/>
        <line num="106" count="0" type="stmt"/>
        <line num="140" count="0" type="stmt"/>
        <line num="150" count="1" type="stmt"/>
        <line num="253" count="0" type="stmt"/>
        <line num="259" count="1" type="stmt"/>
      </file>
      <file name="SetCard.tsx" path="/Users/slava/Projects/exquizite-app/components/set/SetCard.tsx">
        <metrics statements="46" coveredstatements="34" conditionals="22" coveredconditionals="13" methods="14" coveredmethods="7"/>
        <line num="25" count="10" type="stmt"/>
        <line num="26" count="10" type="stmt"/>
        <line num="27" count="10" type="stmt"/>
        <line num="28" count="10" type="stmt"/>
        <line num="29" count="10" type="stmt"/>
        <line num="30" count="10" type="stmt"/>
        <line num="31" count="10" type="stmt"/>
        <line num="34" count="10" type="stmt"/>
        <line num="35" count="10" type="stmt"/>
        <line num="37" count="100" type="stmt"/>
        <line num="38" count="10" type="stmt"/>
        <line num="49" count="10" type="stmt"/>
        <line num="52" count="10" type="stmt"/>
        <line num="53" count="1" type="cond" truecount="1" falsecount="1"/>
        <line num="54" count="1" type="stmt"/>
        <line num="55" count="1" type="stmt"/>
        <line num="56" count="1" type="stmt"/>
        <line num="57" count="1" type="stmt"/>
        <line num="59" count="1" type="cond" truecount="1" falsecount="1"/>
        <line num="60" count="0" type="cond" truecount="0" falsecount="2"/>
        <line num="61" count="0" type="cond" truecount="0" falsecount="2"/>
        <line num="62" count="0" type="stmt"/>
        <line num="65" count="10" type="stmt"/>
        <line num="66" count="10" type="stmt"/>
        <line num="71" count="10" type="stmt"/>
        <line num="72" count="0" type="stmt"/>
        <line num="75" count="10" type="stmt"/>
        <line num="76" count="0" type="stmt"/>
        <line num="79" count="10" type="stmt"/>
        <line num="80" count="2" type="cond" truecount="2" falsecount="0"/>
        <line num="81" count="1" type="stmt"/>
        <line num="83" count="1" type="stmt"/>
        <line num="87" count="10" type="stmt"/>
        <line num="88" count="0" type="stmt"/>
        <line num="91" count="10" type="stmt"/>
        <line num="92" count="0" type="stmt"/>
        <line num="101" count="0" type="stmt"/>
        <line num="102" count="0" type="stmt"/>
        <line num="104" count="0" type="stmt"/>
        <line num="115" count="10" type="stmt"/>
        <line num="116" count="0" type="stmt"/>
        <line num="119" count="27" type="stmt"/>
        <line num="121" count="10" type="stmt"/>
        <line num="123" count="10" type="stmt"/>
        <line num="260" count="0" type="stmt"/>
        <line num="266" count="1" type="stmt"/>
      </file>
      <file name="ShareModal.tsx" path="/Users/slava/Projects/exquizite-app/components/set/ShareModal.tsx">
        <metrics statements="87" coveredstatements="25" conditionals="78" coveredconditionals="14" methods="15" coveredmethods="3"/>
        <line num="40" count="10" type="stmt"/>
        <line num="41" count="10" type="stmt"/>
        <line num="42" count="10" type="stmt"/>
        <line num="43" count="10" type="stmt"/>
        <line num="44" count="10" type="stmt"/>
        <line num="45" count="10" type="stmt"/>
        <line num="46" count="10" type="stmt"/>
        <line num="47" count="10" type="stmt"/>
        <line num="49" count="10" type="stmt"/>
        <line num="50" count="9" type="cond" truecount="1" falsecount="1"/>
        <line num="51" count="0" type="stmt"/>
        <line num="52" count="0" type="stmt"/>
        <line num="56" count="10" type="stmt"/>
        <line num="57" count="9" type="cond" truecount="2" falsecount="2"/>
        <line num="59" count="0" type="stmt"/>
        <line num="60" count="0" type="stmt"/>
        <line num="61" count="0" type="stmt"/>
        <line num="62" count="0" type="stmt"/>
        <line num="63" count="9" type="cond" truecount="1" falsecount="1"/>
        <line num="65" count="9" type="stmt"/>
        <line num="66" count="9" type="stmt"/>
        <line num="67" count="9" type="stmt"/>
        <line num="71" count="10" type="stmt"/>
        <line num="72" count="0" type="cond" truecount="0" falsecount="4"/>
        <line num="74" count="0" type="stmt"/>
        <line num="75" count="0" type="stmt"/>
        <line num="76" count="0" type="stmt"/>
        <line num="78" count="0" type="cond" truecount="0" falsecount="2"/>
        <line num="79" count="0" type="stmt"/>
        <line num="81" count="0" type="stmt"/>
        <line num="82" count="0" type="stmt"/>
        <line num="85" count="0" type="stmt"/>
        <line num="86" count="0" type="stmt"/>
        <line num="87" count="0" type="stmt"/>
        <line num="89" count="0" type="stmt"/>
        <line num="93" count="10" type="stmt"/>
        <line num="94" count="0" type="cond" truecount="0" falsecount="2"/>
        <line num="96" count="0" type="stmt"/>
        <line num="98" count="0" type="cond" truecount="0" falsecount="2"/>
        <line num="102" count="0" type="cond" truecount="0" falsecount="4"/>
        <line num="103" count="0" type="stmt"/>
        <line num="105" count="0" type="stmt"/>
        <line num="108" count="0" type="stmt"/>
        <line num="109" count="0" type="stmt"/>
        <line num="111" count="0" type="stmt"/>
        <line num="112" count="0" type="stmt"/>
        <line num="116" count="10" type="stmt"/>
        <line num="117" count="0" type="cond" truecount="0" falsecount="2"/>
        <line num="119" count="0" type="stmt"/>
        <line num="128" count="0" type="stmt"/>
        <line num="129" count="0" type="stmt"/>
        <line num="130" count="0" type="stmt"/>
        <line num="131" count="0" type="stmt"/>
        <line num="133" count="0" type="stmt"/>
        <line num="141" count="10" type="stmt"/>
        <line num="142" count="0" type="cond" truecount="0" falsecount="4"/>
        <line num="144" count="0" type="stmt"/>
        <line num="145" count="0" type="stmt"/>
        <line num="152" count="0" type="stmt"/>
        <line num="158" count="0" type="cond" truecount="0" falsecount="2"/>
        <line num="159" count="0" type="stmt"/>
        <line num="164" count="10" type="stmt"/>
        <line num="165" count="0" type="cond" truecount="0" falsecount="4"/>
        <line num="167" count="0" type="stmt"/>
        <line num="168" count="0" type="stmt"/>
        <line num="175" count="0" type="stmt"/>
        <line num="176" count="0" type="cond" truecount="0" falsecount="2"/>
        <line num="177" count="0" type="stmt"/>
        <line num="183" count="0" type="cond" truecount="0" falsecount="2"/>
        <line num="187" count="0" type="stmt"/>
        <line num="188" count="0" type="stmt"/>
        <line num="190" count="0" type="stmt"/>
        <line num="191" count="0" type="stmt"/>
        <line num="195" count="10" type="stmt"/>
        <line num="196" count="0" type="cond" truecount="0" falsecount="4"/>
        <line num="198" count="0" type="stmt"/>
        <line num="199" count="0" type="stmt"/>
        <line num="201" count="0" type="stmt"/>
        <line num="202" count="0" type="stmt"/>
        <line num="204" count="0" type="stmt"/>
        <line num="207" count="10" type="cond" truecount="1" falsecount="1"/>
        <line num="209" count="10" type="stmt"/>
        <line num="542" count="0" type="stmt"/>
        <line num="558" count="0" type="stmt"/>
        <line num="574" count="0" type="stmt"/>
        <line num="590" count="0" type="stmt"/>
        <line num="612" count="1" type="stmt"/>
      </file>
    </package>
    <package name="components.tour">
      <metrics statements="13" coveredstatements="13" conditionals="10" coveredconditionals="10" methods="6" coveredmethods="6"/>
      <file name="TourProgressDots.tsx" path="/Users/slava/Projects/exquizite-app/components/tour/TourProgressDots.tsx">
        <metrics statements="10" coveredstatements="10" conditionals="10" coveredconditionals="10" methods="5" coveredmethods="5"/>
        <line num="23" count="6" type="stmt"/>
        <line num="26" count="22" type="stmt"/>
        <line num="44" count="22" type="cond" truecount="2" falsecount="0"/>
        <line num="45" count="22" type="cond" truecount="2" falsecount="0"/>
        <line num="47" count="22" type="stmt"/>
        <line num="48" count="22" type="cond" truecount="2" falsecount="0"/>
        <line num="52" count="22" type="cond" truecount="2" falsecount="0"/>
        <line num="55" count="22" type="stmt"/>
        <line num="60" count="22" type="stmt"/>
        <line num="73" count="1" type="stmt"/>
      </file>
      <file name="TourSlide.tsx" path="/Users/slava/Projects/exquizite-app/components/tour/TourSlide.tsx">
        <metrics statements="3" coveredstatements="3" conditionals="0" coveredconditionals="0" methods="1" coveredmethods="1"/>
        <line num="19" count="4" type="stmt"/>
        <line num="21" count="4" type="stmt"/>
        <line num="41" count="1" type="stmt"/>
      </file>
    </package>
    <package name="components.ui">
      <metrics statements="73" coveredstatements="68" conditionals="120" coveredconditionals="106" methods="20" coveredmethods="18"/>
      <file name="AlertDialog.tsx" path="/Users/slava/Projects/exquizite-app/components/ui/AlertDialog.tsx">
        <metrics statements="28" coveredstatements="28" conditionals="49" coveredconditionals="44" methods="8" coveredmethods="8"/>
        <line num="16" count="1" type="stmt"/>
        <line num="39" count="18" type="stmt"/>
        <line num="40" count="18" type="cond" truecount="1" falsecount="1"/>
        <line num="41" count="18" type="stmt"/>
        <line num="43" count="18" type="stmt"/>
        <line num="44" count="7" type="cond" truecount="2" falsecount="0"/>
        <line num="45" count="6" type="stmt"/>
        <line num="46" count="6" type="stmt"/>
        <line num="48" count="5" type="cond" truecount="2" falsecount="0"/>
        <line num="49" count="4" type="stmt"/>
        <line num="52" count="2" type="stmt"/>
        <line num="55" count="7" type="stmt"/>
        <line num="59" count="18" type="stmt"/>
        <line num="60" count="19" type="stmt"/>
        <line num="61" count="18" type="cond" truecount="1" falsecount="1"/>
        <line num="62" count="18" type="cond" truecount="2" falsecount="0"/>
        <line num="63" count="8" type="stmt"/>
        <line num="65" count="10" type="stmt"/>
        <line num="75" count="18" type="stmt"/>
        <line num="76" count="12" type="stmt"/>
        <line num="77" count="12" type="cond" truecount="1" falsecount="1"/>
        <line num="78" count="12" type="cond" truecount="1" falsecount="1"/>
        <line num="79" count="12" type="stmt"/>
        <line num="82" count="18" type="stmt"/>
        <line num="174" count="3" type="stmt"/>
        <line num="186" count="18" type="stmt"/>
        <line num="204" count="4" type="stmt"/>
        <line num="229" count="1" type="stmt"/>
      </file>
      <file name="Button.tsx" path="/Users/slava/Projects/exquizite-app/components/ui/Button.tsx">
        <metrics statements="29" coveredstatements="24" conditionals="36" coveredconditionals="31" methods="7" coveredmethods="5"/>
        <line num="16" count="1" type="stmt"/>
        <line num="35" count="9" type="stmt"/>
        <line num="36" count="9" type="stmt"/>
        <line num="38" count="9" type="stmt"/>
        <line num="42" count="9" type="stmt"/>
        <line num="43" count="0" type="stmt"/>
        <line num="46" count="9" type="stmt"/>
        <line num="47" count="0" type="stmt"/>
        <line num="50" count="9" type="stmt"/>
        <line num="51" count="9" type="cond" truecount="2" falsecount="0"/>
        <line num="52" count="1" type="cond" truecount="1" falsecount="1"/>
        <line num="53" count="0" type="cond" truecount="0" falsecount="2"/>
        <line num="54" count="0" type="stmt"/>
        <line num="56" count="8" type="cond" truecount="2" falsecount="0"/>
        <line num="57" count="3" type="cond" truecount="2" falsecount="0"/>
        <line num="58" count="2" type="stmt"/>
        <line num="61" count="9" type="stmt"/>
        <line num="62" count="9" type="cond" truecount="3" falsecount="1"/>
        <line num="63" count="9" type="cond" truecount="2" falsecount="0"/>
        <line num="64" count="8" type="cond" truecount="2" falsecount="0"/>
        <line num="65" count="7" type="stmt"/>
        <line num="68" count="9" type="stmt"/>
        <line num="69" count="9" type="cond" truecount="2" falsecount="0"/>
        <line num="70" count="8" type="cond" truecount="2" falsecount="0"/>
        <line num="71" count="3" type="cond" truecount="2" falsecount="0"/>
        <line num="72" count="2" type="cond" truecount="3" falsecount="1"/>
        <line num="73" count="0" type="stmt"/>
        <line num="76" count="9" type="stmt"/>
        <line num="101" count="1" type="stmt"/>
      </file>
      <file name="Card.tsx" path="/Users/slava/Projects/exquizite-app/components/ui/Card.tsx">
        <metrics statements="3" coveredstatements="3" conditionals="3" coveredconditionals="3" methods="1" coveredmethods="1"/>
        <line num="13" count="5" type="stmt"/>
        <line num="15" count="5" type="stmt"/>
        <line num="29" count="1" type="stmt"/>
      </file>
      <file name="Input.tsx" path="/Users/slava/Projects/exquizite-app/components/ui/Input.tsx">
        <metrics statements="3" coveredstatements="3" conditionals="6" coveredconditionals="6" methods="1" coveredmethods="1"/>
        <line num="17" count="8" type="stmt"/>
        <line num="19" count="8" type="stmt"/>
        <line num="44" count="1" type="stmt"/>
      </file>
      <file name="LanguageBadge.tsx" path="/Users/slava/Projects/exquizite-app/components/ui/LanguageBadge.tsx">
        <metrics statements="10" coveredstatements="10" conditionals="26" coveredconditionals="22" methods="3" coveredmethods="3"/>
        <line num="19" count="7" type="stmt"/>
        <line num="21" count="16" type="stmt"/>
        <line num="22" count="13" type="stmt"/>
        <line num="24" count="7" type="cond" truecount="4" falsecount="0"/>
        <line num="25" count="2" type="stmt"/>
        <line num="28" count="5" type="stmt"/>
        <line num="31" count="5" type="cond" truecount="2" falsecount="0"/>
        <line num="32" count="1" type="stmt"/>
        <line num="72" count="4" type="stmt"/>
        <line num="130" count="1" type="stmt"/>
      </file>
    </package>
    <package name="contexts">
      <metrics statements="619" coveredstatements="6" conditionals="338" coveredconditionals="0" methods="87" coveredmethods="0"/>
      <file name="AuthContext.tsx" path="/Users/slava/Projects/exquizite-app/contexts/AuthContext.tsx">
        <metrics statements="149" coveredstatements="1" conditionals="82" coveredconditionals="0" methods="16" coveredmethods="0"/>
        <line num="28" count="1" type="stmt"/>
        <line num="31" count="0" type="stmt"/>
        <line num="32" count="0" type="stmt"/>
        <line num="34" count="0" type="stmt"/>
        <line num="36" count="0" type="stmt"/>
        <line num="39" count="0" type="stmt"/>
        <line num="41" count="0" type="stmt"/>
        <line num="44" count="0" type="cond" truecount="0" falsecount="2"/>
        <line num="45" count="0" type="stmt"/>
        <line num="48" count="0" type="cond" truecount="0" falsecount="2"/>
        <line num="49" count="0" type="stmt"/>
        <line num="51" count="0" type="stmt"/>
        <line num="52" count="0" type="cond" truecount="0" falsecount="2"/>
        <line num="53" count="0" type="stmt"/>
        <line num="54" count="0" type="stmt"/>
        <line num="56" count="0" type="stmt"/>
        <line num="58" count="0" type="stmt"/>
        <line num="61" count="0" type="cond" truecount="0" falsecount="2"/>
        <line num="62" count="0" type="stmt"/>
        <line num="65" count="0" type="stmt"/>
        <line num="66" count="0" type="cond" truecount="0" falsecount="2"/>
        <line num="67" count="0" type="stmt"/>
        <line num="68" count="0" type="stmt"/>
        <line num="70" count="0" type="stmt"/>
        <line num="77" count="0" type="stmt"/>
        <line num="80" count="0" type="cond" truecount="0" falsecount="2"/>
        <line num="81" count="0" type="stmt"/>
        <line num="82" count="0" type="stmt"/>
        <line num="87" count="0" type="stmt"/>
        <line num="88" count="0" type="stmt"/>
        <line num="89" count="0" type="stmt"/>
        <line num="93" count="0" type="cond" truecount="0" falsecount="1"/>
        <line num="94" count="0" type="stmt"/>
        <line num="99" count="0" type="stmt"/>
        <line num="102" count="0" type="cond" truecount="0" falsecount="2"/>
        <line num="103" count="0" type="stmt"/>
        <line num="105" count="0" type="stmt"/>
        <line num="107" count="0" type="cond" truecount="0" falsecount="4"/>
        <line num="108" count="0" type="stmt"/>
        <line num="110" count="0" type="stmt"/>
        <line num="111" count="0" type="stmt"/>
        <line num="112" count="0" type="cond" truecount="0" falsecount="2"/>
        <line num="113" count="0" type="stmt"/>
        <line num="114" count="0" type="stmt"/>
        <line num="116" count="0" type="stmt"/>
        <line num="118" count="0" type="stmt"/>
        <line num="122" count="0" type="cond" truecount="0" falsecount="2"/>
        <line num="123" count="0" type="stmt"/>
        <line num="125" count="0" type="stmt"/>
        <line num="128" count="0" type="cond" truecount="0" falsecount="2"/>
        <line num="129" count="0" type="stmt"/>
        <line num="132" count="0" type="stmt"/>
        <line num="133" count="0" type="cond" truecount="0" falsecount="2"/>
        <line num="134" count="0" type="stmt"/>
        <line num="135" count="0" type="stmt"/>
        <line num="137" count="0" type="stmt"/>
        <line num="141" count="0" type="stmt"/>
        <line num="143" count="0" type="stmt"/>
        <line num="144" count="0" type="cond" truecount="0" falsecount="2"/>
        <line num="145" count="0" type="stmt"/>
        <line num="146" count="0" type="stmt"/>
        <line num="148" count="0" type="stmt"/>
        <line num="151" count="0" type="cond" truecount="0" falsecount="2"/>
        <line num="152" count="0" type="stmt"/>
        <line num="157" count="0" type="cond" truecount="0" falsecount="1"/>
        <line num="158" count="0" type="stmt"/>
        <line num="160" count="0" type="stmt"/>
        <line num="161" count="0" type="stmt"/>
        <line num="168" count="0" type="cond" truecount="0" falsecount="2"/>
        <line num="171" count="0" type="cond" truecount="0" falsecount="4"/>
        <line num="176" count="0" type="cond" truecount="0" falsecount="2"/>
        <line num="177" count="0" type="stmt"/>
        <line num="178" count="0" type="stmt"/>
        <line num="179" count="0" type="stmt"/>
        <line num="180" count="0" type="stmt"/>
        <line num="184" count="0" type="cond" truecount="0" falsecount="4"/>
        <line num="185" count="0" type="stmt"/>
        <line num="188" count="0" type="stmt"/>
        <line num="189" count="0" type="stmt"/>
        <line num="192" count="0" type="stmt"/>
        <line num="193" count="0" type="stmt"/>
        <line num="194" count="0" type="stmt"/>
        <line num="195" count="0" type="stmt"/>
        <line num="198" count="0" type="cond" truecount="0" falsecount="2"/>
        <line num="199" count="0" type="stmt"/>
        <line num="200" count="0" type="stmt"/>
        <line num="208" count="0" type="stmt"/>
        <line num="209" count="0" type="stmt"/>
        <line num="210" count="0" type="stmt"/>
        <line num="213" count="0" type="stmt"/>
        <line num="214" count="0" type="stmt"/>
        <line num="215" count="0" type="stmt"/>
        <line num="219" count="0" type="stmt"/>
        <line num="220" count="0" type="stmt"/>
        <line num="221" count="0" type="stmt"/>
        <line num="226" count="0" type="cond" truecount="0" falsecount="2"/>
        <line num="229" count="0" type="stmt"/>
        <line num="230" count="0" type="cond" truecount="0" falsecount="2"/>
        <line num="234" count="0" type="stmt"/>
        <line num="239" count="0" type="stmt"/>
        <line num="240" count="0" type="stmt"/>
        <line num="251" count="0" type="cond" truecount="0" falsecount="2"/>
        <line num="254" count="0" type="cond" truecount="0" falsecount="4"/>
        <line num="255" count="0" type="stmt"/>
        <line num="260" count="0" type="stmt"/>
        <line num="261" count="0" type="cond" truecount="0" falsecount="2"/>
        <line num="265" count="0" type="stmt"/>
        <line num="266" count="0" type="stmt"/>
        <line num="267" count="0" type="stmt"/>
        <line num="270" count="0" type="cond" truecount="0" falsecount="2"/>
        <line num="272" count="0" type="stmt"/>
        <line num="278" count="0" type="stmt"/>
        <line num="280" count="0" type="stmt"/>
        <line num="281" count="0" type="cond" truecount="0" falsecount="2"/>
        <line num="285" count="0" type="stmt"/>
        <line num="286" count="0" type="stmt"/>
        <line num="287" count="0" type="stmt"/>
        <line num="291" count="0" type="cond" truecount="0" falsecount="2"/>
        <line num="293" count="0" type="stmt"/>
        <line num="294" count="0" type="cond" truecount="0" falsecount="2"/>
        <line num="298" count="0" type="stmt"/>
        <line num="299" count="0" type="stmt"/>
        <line num="301" count="0" type="cond" truecount="0" falsecount="2"/>
        <line num="303" count="0" type="stmt"/>
        <line num="304" count="0" type="stmt"/>
        <line num="307" count="0" type="stmt"/>
        <line num="309" count="0" type="stmt"/>
        <line num="311" count="0" type="stmt"/>
        <line num="312" count="0" type="stmt"/>
        <line num="316" count="0" type="stmt"/>
        <line num="319" count="0" type="cond" truecount="0" falsecount="4"/>
        <line num="320" count="0" type="stmt"/>
        <line num="321" count="0" type="stmt"/>
        <line num="324" count="0" type="stmt"/>
        <line num="325" count="0" type="stmt"/>
        <line num="328" count="0" type="stmt"/>
        <line num="330" count="0" type="cond" truecount="0" falsecount="2"/>
        <line num="331" count="0" type="stmt"/>
        <line num="332" count="0" type="stmt"/>
        <line num="333" count="0" type="stmt"/>
        <line num="336" count="0" type="stmt"/>
        <line num="345" count="0" type="stmt"/>
        <line num="347" count="0" type="stmt"/>
        <line num="348" count="0" type="stmt"/>
        <line num="352" count="0" type="stmt"/>
        <line num="371" count="0" type="stmt"/>
        <line num="372" count="0" type="cond" truecount="0" falsecount="2"/>
        <line num="373" count="0" type="stmt"/>
        <line num="375" count="0" type="stmt"/>
      </file>
      <file name="LanguageContext.tsx" path="/Users/slava/Projects/exquizite-app/contexts/LanguageContext.tsx">
        <metrics statements="99" coveredstatements="4" conditionals="60" coveredconditionals="0" methods="12" coveredmethods="0"/>
        <line num="29" count="1" type="stmt"/>
        <line num="33" count="1" type="stmt"/>
        <line num="36" count="1" type="stmt"/>
        <line num="84" count="1" type="stmt"/>
        <line num="85" count="0" type="stmt"/>
        <line num="86" count="0" type="cond" truecount="0" falsecount="4"/>
        <line num="87" count="0" type="stmt"/>
        <line num="88" count="0" type="cond" truecount="0" falsecount="2"/>
        <line num="91" count="0" type="stmt"/>
        <line num="92" count="0" type="stmt"/>
        <line num="94" count="0" type="cond" truecount="0" falsecount="2"/>
        <line num="95" count="0" type="stmt"/>
        <line num="98" count="0" type="stmt"/>
        <line num="102" count="0" type="stmt"/>
        <line num="103" count="0" type="stmt"/>
        <line num="108" count="0" type="stmt"/>
        <line num="110" count="0" type="stmt"/>
        <line num="111" count="0" type="cond" truecount="0" falsecount="2"/>
        <line num="112" count="0" type="stmt"/>
        <line num="116" count="0" type="stmt"/>
        <line num="117" count="0" type="stmt"/>
        <line num="118" count="0" type="stmt"/>
        <line num="120" count="0" type="cond" truecount="0" falsecount="2"/>
        <line num="121" count="0" type="stmt"/>
        <line num="122" count="0" type="stmt"/>
        <line num="123" count="0" type="stmt"/>
        <line num="128" count="0" type="stmt"/>
        <line num="129" count="0" type="stmt"/>
        <line num="133" count="0" type="stmt"/>
        <line num="136" count="0" type="stmt"/>
        <line num="137" count="0" type="stmt"/>
        <line num="139" count="0" type="cond" truecount="0" falsecount="2"/>
        <line num="140" count="0" type="stmt"/>
        <line num="141" count="0" type="stmt"/>
        <line num="146" count="0" type="stmt"/>
        <line num="147" count="0" type="stmt"/>
        <line num="154" count="0" type="cond" truecount="0" falsecount="2"/>
        <line num="155" count="0" type="stmt"/>
        <line num="157" count="0" type="cond" truecount="0" falsecount="2"/>
        <line num="158" count="0" type="cond" truecount="0" falsecount="2"/>
        <line num="159" count="0" type="stmt"/>
        <line num="160" count="0" type="stmt"/>
        <line num="162" count="0" type="stmt"/>
        <line num="166" count="0" type="stmt"/>
        <line num="170" count="0" type="stmt"/>
        <line num="172" count="0" type="cond" truecount="0" falsecount="2"/>
        <line num="173" count="0" type="stmt"/>
        <line num="174" count="0" type="stmt"/>
        <line num="182" count="0" type="cond" truecount="0" falsecount="4"/>
        <line num="183" count="0" type="stmt"/>
        <line num="186" count="0" type="stmt"/>
        <line num="187" count="0" type="stmt"/>
        <line num="191" count="0" type="cond" truecount="0" falsecount="2"/>
        <line num="196" count="0" type="stmt"/>
        <line num="199" count="0" type="stmt"/>
        <line num="200" count="0" type="stmt"/>
        <line num="202" count="0" type="stmt"/>
        <line num="204" count="0" type="stmt"/>
        <line num="205" count="0" type="stmt"/>
        <line num="209" count="0" type="cond" truecount="0" falsecount="4"/>
        <line num="210" count="0" type="stmt"/>
        <line num="211" count="0" type="cond" truecount="0" falsecount="2"/>
        <line num="212" count="0" type="stmt"/>
        <line num="216" count="0" type="stmt"/>
        <line num="217" count="0" type="cond" truecount="0" falsecount="4"/>
        <line num="219" count="0" type="stmt"/>
        <line num="220" count="0" type="cond" truecount="0" falsecount="2"/>
        <line num="221" count="0" type="cond" truecount="0" falsecount="2"/>
        <line num="223" count="0" type="stmt"/>
        <line num="228" count="0" type="stmt"/>
        <line num="235" count="0" type="stmt"/>
        <line num="240" count="0" type="stmt"/>
        <line num="243" count="0" type="stmt"/>
        <line num="244" count="0" type="stmt"/>
        <line num="248" count="0" type="stmt"/>
        <line num="255" count="0" type="stmt"/>
        <line num="257" count="0" type="stmt"/>
        <line num="258" count="0" type="stmt"/>
        <line num="264" count="0" type="stmt"/>
        <line num="268" count="0" type="stmt"/>
        <line num="272" count="0" type="stmt"/>
        <line num="273" count="0" type="cond" truecount="0" falsecount="2"/>
        <line num="274" count="0" type="stmt"/>
        <line num="277" count="0" type="stmt"/>
        <line num="283" count="0" type="stmt"/>
        <line num="284" count="0" type="stmt"/>
        <line num="286" count="0" type="stmt"/>
        <line num="292" count="0" type="stmt"/>
        <line num="294" count="0" type="stmt"/>
        <line num="295" count="0" type="stmt"/>
        <line num="299" count="0" type="stmt"/>
        <line num="313" count="0" type="stmt"/>
        <line num="314" count="0" type="cond" truecount="0" falsecount="2"/>
        <line num="315" count="0" type="stmt"/>
        <line num="317" count="0" type="stmt"/>
        <line num="322" count="0" type="stmt"/>
        <line num="323" count="0" type="cond" truecount="0" falsecount="2"/>
        <line num="328" count="0" type="stmt"/>
        <line num="329" count="0" type="cond" truecount="0" falsecount="2"/>
      </file>
      <file name="SetsContext.tsx" path="/Users/slava/Projects/exquizite-app/contexts/SetsContext.tsx">
        <metrics statements="371" coveredstatements="1" conditionals="196" coveredconditionals="0" methods="59" coveredmethods="0"/>
        <line num="57" count="1" type="stmt"/>
        <line num="61" count="0" type="stmt"/>
        <line num="67" count="0" type="stmt"/>
        <line num="68" count="0" type="stmt"/>
        <line num="71" count="0" type="stmt"/>
        <line num="76" count="0" type="stmt"/>
        <line num="78" count="0" type="stmt"/>
        <line num="86" count="0" type="stmt"/>
        <line num="87" count="0" type="stmt"/>
        <line num="88" count="0" type="stmt"/>
        <line num="90" count="0" type="stmt"/>
        <line num="91" count="0" type="stmt"/>
        <line num="92" count="0" type="stmt"/>
        <line num="95" count="0" type="stmt"/>
        <line num="96" count="0" type="stmt"/>
        <line num="97" count="0" type="stmt"/>
        <line num="98" count="0" type="stmt"/>
        <line num="101" count="0" type="stmt"/>
        <line num="102" count="0" type="stmt"/>
        <line num="104" count="0" type="stmt"/>
        <line num="105" count="0" type="cond" truecount="0" falsecount="2"/>
        <line num="107" count="0" type="stmt"/>
        <line num="108" count="0" type="cond" truecount="0" falsecount="2"/>
        <line num="109" count="0" type="cond" truecount="0" falsecount="2"/>
        <line num="112" count="0" type="stmt"/>
        <line num="115" count="0" type="stmt"/>
        <line num="116" count="0" type="stmt"/>
        <line num="117" count="0" type="stmt"/>
        <line num="124" count="0" type="cond" truecount="0" falsecount="2"/>
        <line num="125" count="0" type="stmt"/>
        <line num="128" count="0" type="cond" truecount="0" falsecount="4"/>
        <line num="130" count="0" type="cond" truecount="0" falsecount="2"/>
        <line num="131" count="0" type="stmt"/>
        <line num="140" count="0" type="stmt"/>
        <line num="141" count="0" type="stmt"/>
        <line num="145" count="0" type="cond" truecount="0" falsecount="4"/>
        <line num="146" count="0" type="stmt"/>
        <line num="149" count="0" type="stmt"/>
        <line num="150" count="0" type="stmt"/>
        <line num="151" count="0" type="stmt"/>
        <line num="152" count="0" type="stmt"/>
        <line num="154" count="0" type="stmt"/>
        <line num="155" count="0" type="stmt"/>
        <line num="156" count="0" type="stmt"/>
        <line num="157" count="0" type="stmt"/>
        <line num="159" count="0" type="stmt"/>
        <line num="160" count="0" type="cond" truecount="0" falsecount="2"/>
        <line num="161" count="0" type="stmt"/>
        <line num="162" count="0" type="stmt"/>
        <line num="167" count="0" type="stmt"/>
        <line num="168" count="0" type="cond" truecount="0" falsecount="2"/>
        <line num="169" count="0" type="stmt"/>
        <line num="170" count="0" type="stmt"/>
        <line num="178" count="0" type="stmt"/>
        <line num="180" count="0" type="cond" truecount="0" falsecount="2"/>
        <line num="181" count="0" type="stmt"/>
        <line num="182" count="0" type="stmt"/>
        <line num="185" count="0" type="stmt"/>
        <line num="186" count="0" type="stmt"/>
        <line num="187" count="0" type="cond" truecount="0" falsecount="2"/>
        <line num="188" count="0" type="stmt"/>
        <line num="189" count="0" type="stmt"/>
        <line num="190" count="0" type="stmt"/>
        <line num="191" count="0" type="stmt"/>
        <line num="192" count="0" type="stmt"/>
        <line num="195" count="0" type="stmt"/>
        <line num="196" count="0" type="stmt"/>
        <line num="201" count="0" type="stmt"/>
        <line num="202" count="0" type="stmt"/>
        <line num="205" count="0" type="cond" truecount="0" falsecount="1"/>
        <line num="206" count="0" type="cond" truecount="0" falsecount="2"/>
        <line num="208" count="0" type="stmt"/>
        <line num="209" count="0" type="stmt"/>
        <line num="210" count="0" type="stmt"/>
        <line num="213" count="0" type="cond" truecount="0" falsecount="2"/>
        <line num="214" count="0" type="stmt"/>
        <line num="215" count="0" type="stmt"/>
        <line num="216" count="0" type="stmt"/>
        <line num="217" count="0" type="stmt"/>
        <line num="220" count="0" type="cond" truecount="0" falsecount="2"/>
        <line num="223" count="0" type="stmt"/>
        <line num="224" count="0" type="cond" truecount="0" falsecount="2"/>
        <line num="225" count="0" type="stmt"/>
        <line num="226" count="0" type="stmt"/>
        <line num="227" count="0" type="stmt"/>
        <line num="228" count="0" type="stmt"/>
        <line num="232" count="0" type="stmt"/>
        <line num="233" count="0" type="stmt"/>
        <line num="245" count="0" type="cond" truecount="0" falsecount="2"/>
        <line num="248" count="0" type="cond" truecount="0" falsecount="4"/>
        <line num="253" count="0" type="cond" truecount="0" falsecount="2"/>
        <line num="254" count="0" type="stmt"/>
        <line num="255" count="0" type="stmt"/>
        <line num="257" count="0" type="stmt"/>
        <line num="258" count="0" type="stmt"/>
        <line num="261" count="0" type="stmt"/>
        <line num="265" count="0" type="cond" truecount="0" falsecount="2"/>
        <line num="269" count="0" type="stmt"/>
        <line num="270" count="0" type="stmt"/>
        <line num="285" count="0" type="stmt"/>
        <line num="289" count="0" type="cond" truecount="0" falsecount="2"/>
        <line num="290" count="0" type="stmt"/>
        <line num="291" count="0" type="stmt"/>
        <line num="293" count="0" type="stmt"/>
        <line num="294" count="0" type="stmt"/>
        <line num="296" count="0" type="stmt"/>
        <line num="300" count="0" type="stmt"/>
        <line num="301" count="0" type="cond" truecount="0" falsecount="2"/>
        <line num="302" count="0" type="stmt"/>
        <line num="303" count="0" type="stmt"/>
        <line num="308" count="0" type="cond" truecount="0" falsecount="7"/>
        <line num="309" count="0" type="stmt"/>
        <line num="310" count="0" type="stmt"/>
        <line num="312" count="0" type="stmt"/>
        <line num="313" count="0" type="stmt"/>
        <line num="314" count="0" type="stmt"/>
        <line num="318" count="0" type="stmt"/>
        <line num="321" count="0" type="cond" truecount="0" falsecount="5"/>
        <line num="322" count="0" type="stmt"/>
        <line num="323" count="0" type="stmt"/>
        <line num="325" count="0" type="stmt"/>
        <line num="326" count="0" type="stmt"/>
        <line num="327" count="0" type="stmt"/>
        <line num="331" count="0" type="cond" truecount="0" falsecount="2"/>
        <line num="332" count="0" type="stmt"/>
        <line num="333" count="0" type="stmt"/>
        <line num="338" count="0" type="cond" truecount="0" falsecount="4"/>
        <line num="339" count="0" type="stmt"/>
        <line num="344" count="0" type="stmt"/>
        <line num="350" count="0" type="cond" truecount="0" falsecount="2"/>
        <line num="351" count="0" type="stmt"/>
        <line num="352" count="0" type="stmt"/>
        <line num="353" count="0" type="stmt"/>
        <line num="358" count="0" type="stmt"/>
        <line num="359" count="0" type="stmt"/>
        <line num="369" count="0" type="cond" truecount="0" falsecount="2"/>
        <line num="370" count="0" type="stmt"/>
        <line num="371" count="0" type="stmt"/>
        <line num="379" count="0" type="stmt"/>
        <line num="381" count="0" type="stmt"/>
        <line num="382" count="0" type="stmt"/>
        <line num="384" count="0" type="stmt"/>
        <line num="387" count="0" type="stmt"/>
        <line num="388" count="0" type="stmt"/>
        <line num="394" count="0" type="stmt"/>
        <line num="395" count="0" type="stmt"/>
        <line num="406" count="0" type="cond" truecount="0" falsecount="2"/>
        <line num="407" count="0" type="stmt"/>
        <line num="411" count="0" type="stmt"/>
        <line num="417" count="0" type="stmt"/>
        <line num="422" count="0" type="stmt"/>
        <line num="425" count="0" type="stmt"/>
        <line num="428" count="0" type="stmt"/>
        <line num="435" count="0" type="stmt"/>
        <line num="437" count="0" type="stmt"/>
        <line num="438" count="0" type="stmt"/>
        <line num="443" count="0" type="cond" truecount="0" falsecount="2"/>
        <line num="444" count="0" type="stmt"/>
        <line num="448" count="0" type="stmt"/>
        <line num="454" count="0" type="stmt"/>
        <line num="459" count="0" type="stmt"/>
        <line num="462" count="0" type="stmt"/>
        <line num="465" count="0" type="stmt"/>
        <line num="468" count="0" type="cond" truecount="0" falsecount="2"/>
        <line num="481" count="0" type="stmt"/>
        <line num="483" count="0" type="stmt"/>
        <line num="484" count="0" type="stmt"/>
        <line num="486" count="0" type="stmt"/>
        <line num="489" count="0" type="stmt"/>
        <line num="491" count="0" type="stmt"/>
        <line num="492" count="0" type="stmt"/>
        <line num="496" count="0" type="stmt"/>
        <line num="507" count="0" type="cond" truecount="0" falsecount="3"/>
        <line num="508" count="0" type="stmt"/>
        <line num="510" count="0" type="stmt"/>
        <line num="514" count="0" type="stmt"/>
        <line num="521" count="0" type="cond" truecount="0" falsecount="2"/>
        <line num="522" count="0" type="stmt"/>
        <line num="526" count="0" type="stmt"/>
        <line num="527" count="0" type="cond" truecount="0" falsecount="2"/>
        <line num="528" count="0" type="stmt"/>
        <line num="533" count="0" type="stmt"/>
        <line num="534" count="0" type="stmt"/>
        <line num="543" count="0" type="cond" truecount="0" falsecount="2"/>
        <line num="544" count="0" type="stmt"/>
        <line num="545" count="0" type="stmt"/>
        <line num="552" count="0" type="stmt"/>
        <line num="553" count="0" type="stmt"/>
        <line num="554" count="0" type="stmt"/>
        <line num="560" count="0" type="stmt"/>
        <line num="561" count="0" type="stmt"/>
        <line num="570" count="0" type="cond" truecount="0" falsecount="2"/>
        <line num="571" count="0" type="stmt"/>
        <line num="572" count="0" type="stmt"/>
        <line num="577" count="0" type="stmt"/>
        <line num="578" count="0" type="stmt"/>
        <line num="583" count="0" type="cond" truecount="0" falsecount="2"/>
        <line num="584" count="0" type="stmt"/>
        <line num="585" count="0" type="stmt"/>
        <line num="592" count="0" type="stmt"/>
        <line num="599" count="0" type="stmt"/>
        <line num="600" count="0" type="stmt"/>
        <line num="604" count="0" type="cond" truecount="0" falsecount="2"/>
        <line num="605" count="0" type="stmt"/>
        <line num="606" count="0" type="stmt"/>
        <line num="612" count="0" type="stmt"/>
        <line num="615" count="0" type="stmt"/>
        <line num="617" count="0" type="stmt"/>
        <line num="619" count="0" type="stmt"/>
        <line num="623" count="0" type="stmt"/>
        <line num="624" count="0" type="cond" truecount="0" falsecount="2"/>
        <line num="627" count="0" type="stmt"/>
        <line num="628" count="0" type="cond" truecount="0" falsecount="2"/>
        <line num="629" count="0" type="stmt"/>
        <line num="632" count="0" type="stmt"/>
        <line num="634" count="0" type="cond" truecount="0" falsecount="2"/>
        <line num="635" count="0" type="stmt"/>
        <line num="636" count="0" type="stmt"/>
        <line num="637" count="0" type="stmt"/>
        <line num="638" count="0" type="stmt"/>
        <line num="639" count="0" type="stmt"/>
        <line num="643" count="0" type="stmt"/>
        <line num="644" count="0" type="cond" truecount="0" falsecount="2"/>
        <line num="645" count="0" type="stmt"/>
        <line num="646" count="0" type="stmt"/>
        <line num="652" count="0" type="stmt"/>
        <line num="653" count="0" type="stmt"/>
        <line num="660" count="0" type="cond" truecount="0" falsecount="2"/>
        <line num="661" count="0" type="stmt"/>
        <line num="662" count="0" type="stmt"/>
        <line num="666" count="0" type="cond" truecount="0" falsecount="2"/>
        <line num="667" count="0" type="stmt"/>
        <line num="668" count="0" type="stmt"/>
        <line num="671" count="0" type="stmt"/>
        <line num="674" count="0" type="stmt"/>
        <line num="676" count="0" type="stmt"/>
        <line num="677" count="0" type="stmt"/>
        <line num="681" count="0" type="stmt"/>
        <line num="682" count="0" type="stmt"/>
        <line num="685" count="0" type="stmt"/>
        <line num="686" count="0" type="cond" truecount="0" falsecount="2"/>
        <line num="688" count="0" type="stmt"/>
        <line num="690" count="0" type="cond" truecount="0" falsecount="2"/>
        <line num="691" count="0" type="stmt"/>
        <line num="692" count="0" type="stmt"/>
        <line num="693" count="0" type="stmt"/>
        <line num="694" count="0" type="cond" truecount="0" falsecount="2"/>
        <line num="699" count="0" type="stmt"/>
        <line num="703" count="0" type="stmt"/>
        <line num="708" count="0" type="cond" truecount="0" falsecount="2"/>
        <line num="711" count="0" type="stmt"/>
        <line num="712" count="0" type="stmt"/>
        <line num="713" count="0" type="cond" truecount="0" falsecount="2"/>
        <line num="719" count="0" type="stmt"/>
        <line num="723" count="0" type="stmt"/>
        <line num="724" count="0" type="stmt"/>
        <line num="727" count="0" type="stmt"/>
        <line num="729" count="0" type="cond" truecount="0" falsecount="4"/>
        <line num="730" count="0" type="stmt"/>
        <line num="731" count="0" type="stmt"/>
        <line num="734" count="0" type="stmt"/>
        <line num="735" count="0" type="stmt"/>
        <line num="738" count="0" type="stmt"/>
        <line num="740" count="0" type="cond" truecount="0" falsecount="2"/>
        <line num="741" count="0" type="stmt"/>
        <line num="742" count="0" type="stmt"/>
        <line num="743" count="0" type="stmt"/>
        <line num="746" count="0" type="stmt"/>
        <line num="749" count="0" type="stmt"/>
        <line num="750" count="0" type="stmt"/>
        <line num="753" count="0" type="stmt"/>
        <line num="764" count="0" type="cond" truecount="0" falsecount="2"/>
        <line num="765" count="0" type="stmt"/>
        <line num="766" count="0" type="stmt"/>
        <line num="770" count="0" type="cond" truecount="0" falsecount="2"/>
        <line num="771" count="0" type="stmt"/>
        <line num="778" count="0" type="stmt"/>
        <line num="782" count="0" type="cond" truecount="0" falsecount="2"/>
        <line num="783" count="0" type="stmt"/>
        <line num="790" count="0" type="stmt"/>
        <line num="794" count="0" type="stmt"/>
        <line num="795" count="0" type="stmt"/>
        <line num="798" count="0" type="stmt"/>
        <line num="800" count="0" type="stmt"/>
        <line num="801" count="0" type="stmt"/>
        <line num="806" count="0" type="stmt"/>
        <line num="810" count="0" type="cond" truecount="0" falsecount="2"/>
        <line num="811" count="0" type="stmt"/>
        <line num="812" count="0" type="stmt"/>
        <line num="816" count="0" type="cond" truecount="0" falsecount="2"/>
        <line num="817" count="0" type="stmt"/>
        <line num="820" count="0" type="stmt"/>
        <line num="824" count="0" type="stmt"/>
        <line num="825" count="0" type="cond" truecount="0" falsecount="2"/>
        <line num="826" count="0" type="stmt"/>
        <line num="831" count="0" type="stmt"/>
        <line num="833" count="0" type="stmt"/>
        <line num="834" count="0" type="stmt"/>
        <line num="836" count="0" type="stmt"/>
        <line num="843" count="0" type="stmt"/>
        <line num="851" count="0" type="stmt"/>
        <line num="856" count="0" type="cond" truecount="0" falsecount="2"/>
        <line num="857" count="0" type="stmt"/>
        <line num="858" count="0" type="stmt"/>
        <line num="861" count="0" type="cond" truecount="0" falsecount="2"/>
        <line num="862" count="0" type="stmt"/>
        <line num="865" count="0" type="stmt"/>
        <line num="867" count="0" type="stmt"/>
        <line num="868" count="0" type="stmt"/>
        <line num="872" count="0" type="stmt"/>
        <line num="875" count="0" type="stmt"/>
        <line num="876" count="0" type="stmt"/>
        <line num="878" count="0" type="stmt"/>
        <line num="885" count="0" type="cond" truecount="0" falsecount="2"/>
        <line num="886" count="0" type="stmt"/>
        <line num="887" count="0" type="stmt"/>
        <line num="890" count="0" type="stmt"/>
        <line num="891" count="0" type="stmt"/>
        <line num="892" count="0" type="stmt"/>
        <line num="893" count="0" type="stmt"/>
        <line num="894" count="0" type="stmt"/>
        <line num="896" count="0" type="stmt"/>
        <line num="897" count="0" type="stmt"/>
        <line num="901" count="0" type="stmt"/>
        <line num="905" count="0" type="cond" truecount="0" falsecount="2"/>
        <line num="906" count="0" type="stmt"/>
        <line num="907" count="0" type="stmt"/>
        <line num="911" count="0" type="cond" truecount="0" falsecount="2"/>
        <line num="912" count="0" type="stmt"/>
        <line num="915" count="0" type="stmt"/>
        <line num="918" count="0" type="stmt"/>
        <line num="919" count="0" type="stmt"/>
        <line num="921" count="0" type="stmt"/>
        <line num="931" count="0" type="cond" truecount="0" falsecount="2"/>
        <line num="932" count="0" type="stmt"/>
        <line num="933" count="0" type="stmt"/>
        <line num="936" count="0" type="stmt"/>
        <line num="938" count="0" type="stmt"/>
        <line num="941" count="0" type="stmt"/>
        <line num="952" count="0" type="cond" truecount="0" falsecount="4"/>
        <line num="953" count="0" type="stmt"/>
        <line num="955" count="0" type="stmt"/>
        <line num="956" count="0" type="cond" truecount="0" falsecount="2"/>
        <line num="960" count="0" type="stmt"/>
        <line num="964" count="0" type="stmt"/>
        <line num="965" count="0" type="stmt"/>
        <line num="978" count="0" type="stmt"/>
        <line num="980" count="0" type="stmt"/>
        <line num="982" count="0" type="stmt"/>
        <line num="983" count="0" type="stmt"/>
        <line num="987" count="0" type="stmt"/>
        <line num="988" count="0" type="cond" truecount="0" falsecount="2"/>
        <line num="989" count="0" type="stmt"/>
        <line num="990" count="0" type="stmt"/>
        <line num="994" count="0" type="cond" truecount="0" falsecount="2"/>
        <line num="995" count="0" type="stmt"/>
        <line num="996" count="0" type="stmt"/>
        <line num="999" count="0" type="stmt"/>
        <line num="1000" count="0" type="stmt"/>
        <line num="1003" count="0" type="stmt"/>
        <line num="1009" count="0" type="cond" truecount="0" falsecount="2"/>
        <line num="1010" count="0" type="stmt"/>
        <line num="1011" count="0" type="stmt"/>
        <line num="1014" count="0" type="stmt"/>
        <line num="1016" count="0" type="stmt"/>
        <line num="1017" count="0" type="stmt"/>
        <line num="1021" count="0" type="stmt"/>
        <line num="1045" count="0" type="stmt"/>
        <line num="1046" count="0" type="cond" truecount="0" falsecount="2"/>
        <line num="1047" count="0" type="stmt"/>
        <line num="1049" count="0" type="stmt"/>
      </file>
    </package>
    <package name="hooks">
      <metrics statements="9" coveredstatements="9" conditionals="0" coveredconditionals="0" methods="6" coveredmethods="6"/>
      <file name="useResponsive.ts" path="/Users/slava/Projects/exquizite-app/hooks/useResponsive.ts">
        <metrics statements="9" coveredstatements="9" conditionals="0" coveredconditionals="0" methods="6" coveredmethods="6"/>
        <line num="7" count="10" type="stmt"/>
        <line num="8" count="10" type="stmt"/>
        <line num="9" count="8" type="stmt"/>
        <line num="12" count="10" type="stmt"/>
        <line num="13" count="8" type="stmt"/>
        <line num="14" count="2" type="stmt"/>
        <line num="15" count="2" type="stmt"/>
        <line num="18" count="8" type="stmt"/>
        <line num="21" count="10" type="stmt"/>
      </file>
    </package>
    <package name="lib">
      <metrics statements="273" coveredstatements="218" conditionals="167" coveredconditionals="135" methods="58" coveredmethods="52"/>
      <file name="alert.ts" path="/Users/slava/Projects/exquizite-app/lib/alert.ts">
        <metrics statements="10" coveredstatements="10" conditionals="4" coveredconditionals="4" methods="6" coveredmethods="6"/>
        <line num="15" count="2" type="stmt"/>
        <line num="22" count="17" type="stmt"/>
        <line num="40" count="12" type="cond" truecount="4" falsecount="0"/>
        <line num="41" count="4" type="stmt"/>
        <line num="42" count="4" type="stmt"/>
        <line num="46" count="8" type="stmt"/>
        <line num="54" count="4" type="stmt"/>
        <line num="55" count="4" type="stmt"/>
        <line num="56" count="1" type="stmt"/>
        <line num="57" count="3" type="stmt"/>
      </file>
      <file name="constants.ts" path="/Users/slava/Projects/exquizite-app/lib/constants.ts">
        <metrics statements="8" coveredstatements="8" conditionals="0" coveredconditionals="0" methods="0" coveredmethods="0"/>
        <line num="5" count="9" type="stmt"/>
        <line num="19" count="9" type="stmt"/>
        <line num="46" count="9" type="stmt"/>
        <line num="48" count="9" type="stmt"/>
        <line num="57" count="9" type="stmt"/>
        <line num="92" count="9" type="stmt"/>
        <line num="100" count="9" type="stmt"/>
        <line num="124" count="9" type="stmt"/>
      </file>
      <file name="guestStorage.ts" path="/Users/slava/Projects/exquizite-app/lib/guestStorage.ts">
        <metrics statements="56" coveredstatements="56" conditionals="17" coveredconditionals="17" methods="19" coveredmethods="19"/>
        <line num="7" count="2" type="stmt"/>
        <line num="8" count="2" type="stmt"/>
        <line num="12" count="5" type="stmt"/>
        <line num="13" count="5" type="stmt"/>
        <line num="18" count="9" type="stmt"/>
        <line num="19" count="279" type="stmt"/>
        <line num="20" count="279" type="cond" truecount="2" falsecount="0"/>
        <line num="21" count="279" type="stmt"/>
        <line num="28" count="2" type="stmt"/>
        <line num="35" count="2" type="stmt"/>
        <line num="36" count="2" type="stmt"/>
        <line num="40" count="8" type="stmt"/>
        <line num="41" count="8" type="stmt"/>
        <line num="42" count="8" type="cond" truecount="2" falsecount="0"/>
        <line num="43" count="4" type="stmt"/>
        <line num="45" count="1" type="stmt"/>
        <line num="46" count="1" type="stmt"/>
        <line num="51" count="2" type="stmt"/>
        <line num="52" count="2" type="cond" truecount="2" falsecount="0"/>
        <line num="53" count="1" type="stmt"/>
        <line num="56" count="1" type="stmt"/>
        <line num="57" count="1" type="stmt"/>
        <line num="61" count="2" type="stmt"/>
        <line num="67" count="15" type="stmt"/>
        <line num="68" count="15" type="stmt"/>
        <line num="69" count="15" type="cond" truecount="2" falsecount="0"/>
        <line num="70" count="12" type="stmt"/>
        <line num="72" count="1" type="stmt"/>
        <line num="73" count="1" type="stmt"/>
        <line num="83" count="2" type="stmt"/>
        <line num="85" count="2" type="stmt"/>
        <line num="95" count="2" type="stmt"/>
        <line num="96" count="2" type="stmt"/>
        <line num="98" count="2" type="stmt"/>
        <line num="108" count="2" type="stmt"/>
        <line num="109" count="2" type="stmt"/>
        <line num="111" count="2" type="cond" truecount="2" falsecount="0"/>
        <line num="112" count="1" type="stmt"/>
        <line num="115" count="1" type="stmt"/>
        <line num="124" count="1" type="stmt"/>
        <line num="128" count="1" type="stmt"/>
        <line num="129" count="2" type="stmt"/>
        <line num="130" count="1" type="stmt"/>
        <line num="134" count="2" type="stmt"/>
        <line num="135" count="2" type="stmt"/>
        <line num="137" count="2" type="cond" truecount="2" falsecount="0"/>
        <line num="138" count="1" type="stmt"/>
        <line num="141" count="1" type="stmt"/>
        <line num="146" count="1" type="stmt"/>
        <line num="150" count="2" type="stmt"/>
        <line num="151" count="2" type="cond" truecount="2" falsecount="0"/>
        <line num="156" count="1" type="stmt"/>
        <line num="157" count="1" type="stmt"/>
        <line num="162" count="3" type="stmt"/>
        <line num="163" count="3" type="stmt"/>
        <line num="164" count="3" type="cond" truecount="2" falsecount="0"/>
      </file>
      <file name="platform-utils.ts" path="/Users/slava/Projects/exquizite-app/lib/platform-utils.ts">
        <metrics statements="14" coveredstatements="14" conditionals="14" coveredconditionals="14" methods="3" coveredmethods="3"/>
        <line num="8" count="8" type="cond" truecount="2" falsecount="0"/>
        <line num="9" count="1" type="stmt"/>
        <line num="13" count="7" type="cond" truecount="2" falsecount="0"/>
        <line num="14" count="1" type="stmt"/>
        <line num="18" count="6" type="stmt"/>
        <line num="19" count="6" type="stmt"/>
        <line num="23" count="6" type="cond" truecount="3" falsecount="0"/>
        <line num="30" count="6" type="stmt"/>
        <line num="31" count="6" type="stmt"/>
        <line num="35" count="6" type="cond" truecount="3" falsecount="0"/>
        <line num="43" count="3" type="cond" truecount="2" falsecount="0"/>
        <line num="44" count="1" type="stmt"/>
        <line num="47" count="2" type="stmt"/>
        <line num="54" count="3" type="cond" truecount="2" falsecount="0"/>
      </file>
      <file name="responsive.ts" path="/Users/slava/Projects/exquizite-app/lib/responsive.ts">
        <metrics statements="29" coveredstatements="29" conditionals="20" coveredconditionals="20" methods="6" coveredmethods="6"/>
        <line num="5" count="1" type="stmt"/>
        <line num="13" count="1" type="stmt"/>
        <line num="14" count="24" type="stmt"/>
        <line num="15" count="24" type="stmt"/>
        <line num="19" count="1" type="stmt"/>
        <line num="20" count="14" type="cond" truecount="2" falsecount="0"/>
        <line num="21" count="12" type="stmt"/>
        <line num="22" count="12" type="stmt"/>
        <line num="26" count="1" type="stmt"/>
        <line num="27" count="11" type="cond" truecount="2" falsecount="0"/>
        <line num="28" count="9" type="stmt"/>
        <line num="29" count="9" type="cond" truecount="2" falsecount="0"/>
        <line num="33" count="1" type="stmt"/>
        <line num="34" count="3" type="cond" truecount="2" falsecount="0"/>
        <line num="35" count="2" type="stmt"/>
        <line num="36" count="2" type="stmt"/>
        <line num="40" count="1" type="stmt"/>
        <line num="41" count="10" type="cond" truecount="2" falsecount="0"/>
        <line num="42" count="6" type="cond" truecount="2" falsecount="0"/>
        <line num="43" count="3" type="stmt"/>
        <line num="47" count="1" type="stmt"/>
        <line num="52" count="6" type="stmt"/>
        <line num="54" count="6" type="cond" truecount="4" falsecount="0"/>
        <line num="55" count="2" type="stmt"/>
        <line num="58" count="4" type="cond" truecount="4" falsecount="0"/>
        <line num="59" count="1" type="stmt"/>
        <line num="62" count="3" type="stmt"/>
        <line num="66" count="1" type="stmt"/>
        <line num="67" count="1" type="stmt"/>
      </file>
      <file name="routing.ts" path="/Users/slava/Projects/exquizite-app/lib/routing.ts">
        <metrics statements="16" coveredstatements="16" conditionals="29" coveredconditionals="29" methods="1" coveredmethods="1"/>
        <line num="86" count="22" type="stmt"/>
        <line num="88" count="22" type="stmt"/>
        <line num="89" count="22" type="stmt"/>
        <line num="92" count="22" type="cond" truecount="4" falsecount="0"/>
        <line num="93" count="2" type="stmt"/>
        <line num="97" count="20" type="cond" truecount="4" falsecount="0"/>
        <line num="98" count="1" type="stmt"/>
        <line num="104" count="19" type="cond" truecount="5" falsecount="0"/>
        <line num="105" count="4" type="stmt"/>
        <line num="108" count="15" type="cond" truecount="5" falsecount="0"/>
        <line num="109" count="3" type="stmt"/>
        <line num="113" count="12" type="cond" truecount="5" falsecount="0"/>
        <line num="114" count="4" type="stmt"/>
        <line num="117" count="8" type="cond" truecount="6" falsecount="0"/>
        <line num="118" count="3" type="stmt"/>
        <line num="122" count="5" type="stmt"/>
      </file>
      <file name="setIcons.ts" path="/Users/slava/Projects/exquizite-app/lib/setIcons.ts">
        <metrics statements="7" coveredstatements="7" conditionals="2" coveredconditionals="2" methods="1" coveredmethods="1"/>
        <line num="13" count="1" type="stmt"/>
        <line num="100" count="59" type="stmt"/>
        <line num="103" count="59" type="stmt"/>
        <line num="104" count="1238" type="cond" truecount="2" falsecount="0"/>
        <line num="105" count="51" type="stmt"/>
        <line num="110" count="8" type="stmt"/>
        <line num="117" count="1" type="stmt"/>
      </file>
      <file name="share-utils.ts" path="/Users/slava/Projects/exquizite-app/lib/share-utils.ts">
        <metrics statements="35" coveredstatements="23" conditionals="23" coveredconditionals="21" methods="9" coveredmethods="7"/>
        <line num="7" count="2" type="stmt"/>
        <line num="18" count="4" type="stmt"/>
        <line num="25" count="3" type="stmt"/>
        <line num="32" count="14" type="stmt"/>
        <line num="34" count="14" type="stmt"/>
        <line num="37" count="14" type="stmt"/>
        <line num="38" count="14" type="cond" truecount="4" falsecount="0"/>
        <line num="39" count="4" type="stmt"/>
        <line num="43" count="10" type="stmt"/>
        <line num="44" count="10" type="stmt"/>
        <line num="45" count="10" type="cond" truecount="4" falsecount="0"/>
        <line num="46" count="2" type="stmt"/>
        <line num="50" count="8" type="cond" truecount="4" falsecount="0"/>
        <line num="51" count="2" type="stmt"/>
        <line num="54" count="6" type="stmt"/>
        <line num="56" count="0" type="stmt"/>
        <line num="57" count="0" type="stmt"/>
        <line num="65" count="13" type="stmt"/>
        <line num="78" count="6" type="stmt"/>
        <line num="90" count="3" type="cond" truecount="2" falsecount="0"/>
        <line num="93" count="3" type="stmt"/>
        <line num="104" count="0" type="stmt"/>
        <line num="106" count="0" type="stmt"/>
        <line num="108" count="0" type="stmt"/>
        <line num="110" count="0" type="stmt"/>
        <line num="116" count="0" type="stmt"/>
        <line num="118" count="0" type="stmt"/>
        <line num="119" count="0" type="stmt"/>
        <line num="127" count="6" type="stmt"/>
        <line num="128" count="6" type="cond" truecount="4" falsecount="0"/>
        <line num="129" count="3" type="stmt"/>
        <line num="131" count="3" type="stmt"/>
        <line num="139" count="0" type="cond" truecount="0" falsecount="2"/>
        <line num="140" count="0" type="stmt"/>
        <line num="142" count="0" type="stmt"/>
      </file>
      <file name="storage.ts" path="/Users/slava/Projects/exquizite-app/lib/storage.ts">
        <metrics statements="14" coveredstatements="1" conditionals="12" coveredconditionals="0" methods="3" coveredmethods="0"/>
        <line num="10" count="1" type="stmt"/>
        <line num="12" count="0" type="cond" truecount="0" falsecount="2"/>
        <line num="13" count="0" type="cond" truecount="0" falsecount="2"/>
        <line num="14" count="0" type="stmt"/>
        <line num="16" count="0" type="stmt"/>
        <line num="19" count="0" type="stmt"/>
        <line num="24" count="0" type="cond" truecount="0" falsecount="2"/>
        <line num="25" count="0" type="cond" truecount="0" falsecount="2"/>
        <line num="26" count="0" type="stmt"/>
        <line num="30" count="0" type="stmt"/>
        <line num="35" count="0" type="cond" truecount="0" falsecount="2"/>
        <line num="36" count="0" type="cond" truecount="0" falsecount="2"/>
        <line num="37" count="0" type="stmt"/>
        <line num="41" count="0" type="stmt"/>
      </file>
      <file name="supabase.ts" path="/Users/slava/Projects/exquizite-app/lib/supabase.ts">
        <metrics statements="37" coveredstatements="11" conditionals="31" coveredconditionals="15" methods="3" coveredmethods="2"/>
        <line num="7" count="1" type="stmt"/>
        <line num="33" count="0" type="stmt"/>
        <line num="37" count="0" type="stmt"/>
        <line num="40" count="0" type="cond" truecount="0" falsecount="4"/>
        <line num="41" count="0" type="stmt"/>
        <line num="45" count="0" type="stmt"/>
        <line num="47" count="0" type="cond" truecount="0" falsecount="4"/>
        <line num="48" count="0" type="stmt"/>
        <line num="49" count="0" type="stmt"/>
        <line num="52" count="0" type="stmt"/>
        <line num="53" count="0" type="stmt"/>
        <line num="57" count="0" type="cond" truecount="0" falsecount="2"/>
        <line num="58" count="0" type="stmt"/>
        <line num="59" count="0" type="stmt"/>
        <line num="60" count="0" type="stmt"/>
        <line num="62" count="0" type="cond" truecount="0" falsecount="2"/>
        <line num="63" count="0" type="stmt"/>
        <line num="67" count="0" type="stmt"/>
        <line num="69" count="0" type="cond" truecount="0" falsecount="4"/>
        <line num="70" count="0" type="stmt"/>
        <line num="71" count="0" type="stmt"/>
        <line num="74" count="0" type="stmt"/>
        <line num="75" count="0" type="stmt"/>
        <line num="79" count="0" type="stmt"/>
        <line num="81" count="0" type="stmt"/>
        <line num="82" count="0" type="stmt"/>
        <line num="94" count="10" type="stmt"/>
        <line num="95" count="19" type="stmt"/>
        <line num="96" count="19" type="stmt"/>
        <line num="98" count="13" type="stmt"/>
        <line num="100" count="13" type="cond" truecount="9" falsecount="0"/>
        <line num="111" count="13" type="cond" truecount="4" falsecount="0"/>
        <line num="112" count="9" type="stmt"/>
        <line num="115" count="9" type="stmt"/>
        <line num="116" count="9" type="stmt"/>
        <line num="120" count="4" type="stmt"/>
        <line num="124" count="0" type="stmt"/>
      </file>
      <file name="web-share.ts" path="/Users/slava/Projects/exquizite-app/lib/web-share.ts">
        <metrics statements="47" coveredstatements="43" conditionals="15" coveredconditionals="13" methods="7" coveredmethods="7"/>
        <line num="21" count="2" type="stmt"/>
        <line num="22" count="6" type="cond" truecount="2" falsecount="0"/>
        <line num="28" count="2" type="stmt"/>
        <line num="29" count="6" type="stmt"/>
        <line num="40" count="2" type="stmt"/>
        <line num="41" count="4" type="cond" truecount="2" falsecount="0"/>
        <line num="42" count="1" type="stmt"/>
        <line num="45" count="3" type="stmt"/>
        <line num="46" count="3" type="stmt"/>
        <line num="47" count="1" type="stmt"/>
        <line num="50" count="2" type="cond" truecount="2" falsecount="0"/>
        <line num="51" count="1" type="stmt"/>
        <line num="54" count="1" type="stmt"/>
        <line num="55" count="1" type="stmt"/>
        <line num="62" count="2" type="stmt"/>
        <line num="63" count="2" type="cond" truecount="1" falsecount="1"/>
        <line num="64" count="0" type="stmt"/>
        <line num="67" count="2" type="stmt"/>
        <line num="68" count="2" type="stmt"/>
        <line num="69" count="2" type="stmt"/>
        <line num="70" count="2" type="stmt"/>
        <line num="71" count="2" type="stmt"/>
        <line num="73" count="2" type="stmt"/>
        <line num="74" count="2" type="stmt"/>
        <line num="75" count="2" type="stmt"/>
        <line num="77" count="2" type="stmt"/>
        <line num="78" count="2" type="stmt"/>
        <line num="79" count="2" type="stmt"/>
        <line num="80" count="2" type="stmt"/>
        <line num="82" count="0" type="stmt"/>
        <line num="83" count="0" type="stmt"/>
        <line num="84" count="0" type="stmt"/>
        <line num="92" count="2" type="stmt"/>
        <line num="94" count="3" type="cond" truecount="2" falsecount="0"/>
        <line num="95" count="2" type="stmt"/>
        <line num="96" count="2" type="stmt"/>
        <line num="97" count="1" type="stmt"/>
        <line num="99" count="1" type="stmt"/>
        <line num="105" count="2" type="stmt"/>
        <line num="111" count="2" type="stmt"/>
        <line num="116" count="5" type="stmt"/>
        <line num="117" count="5" type="stmt"/>
        <line num="118" count="5" type="stmt"/>
        <line num="120" count="5" type="stmt"/>
        <line num="132" count="2" type="stmt"/>
        <line num="133" count="1" type="cond" truecount="1" falsecount="1"/>
        <line num="134" count="1" type="stmt"/>
      </file>
    </package>
    <package name="lib.i18n">
      <metrics statements="15" coveredstatements="14" conditionals="8" coveredconditionals="5" methods="3" coveredmethods="3"/>
      <file name="index.ts" path="/Users/slava/Projects/exquizite-app/lib/i18n/index.ts">
        <metrics statements="9" coveredstatements="8" conditionals="8" coveredconditionals="5" methods="1" coveredmethods="1"/>
        <line num="316" count="1" type="stmt"/>
        <line num="672" count="1" type="stmt"/>
        <line num="673" count="1" type="stmt"/>
        <line num="674" count="1" type="cond" truecount="3" falsecount="1"/>
        <line num="675" count="1" type="cond" truecount="1" falsecount="1"/>
        <line num="677" count="1" type="cond" truecount="1" falsecount="1"/>
        <line num="678" count="1" type="stmt"/>
        <line num="681" count="0" type="stmt"/>
        <line num="684" count="1" type="stmt"/>
      </file>
      <file name="languages.ts" path="/Users/slava/Projects/exquizite-app/lib/i18n/languages.ts">
        <metrics statements="6" coveredstatements="6" conditionals="0" coveredconditionals="0" methods="2" coveredmethods="2"/>
        <line num="9" count="1" type="stmt"/>
        <line num="66" count="1" type="stmt"/>
        <line num="69" count="1" type="stmt"/>
        <line num="116" count="1" type="stmt"/>
        <line num="117" count="44" type="stmt"/>
        <line num="118" count="2" type="stmt"/>
      </file>
    </package>
  </project>
</coverage>
