{"/Users/slava/Projects/exquizite-app/components/layout/DesktopContainer.tsx": {"path":"/Users/slava/Projects/exquizite-app/components/layout/DesktopContainer.tsx","statementMap":{"0":{"start":{"line":18,"column":24},"end":{"line":18,"column":39}},"1":{"start":{"line":20,"column":2},"end":{"line":22,"column":3}},"2":{"start":{"line":21,"column":4},"end":{"line":21,"column":27}},"3":{"start":{"line":24,"column":2},"end":{"line":30,"column":4}},"4":{"start":{"line":33,"column":15},"end":{"line":42,"column":2}}},"fnMap":{"0":{"name":"DesktopContainer","decl":{"start":{"line":13,"column":16},"end":{"line":13,"column":32}},"loc":{"start":{"line":17,"column":26},"end":{"line":31,"column":1}},"line":17}},"branchMap":{"0":{"loc":{"start":{"line":15,"column":2},"end":{"line":15,"column":30}},"type":"default-arg","locations":[{"start":{"line":15,"column":13},"end":{"line":15,"column":30}}],"line":15},"1":{"loc":{"start":{"line":16,"column":2},"end":{"line":16,"column":19}},"type":"default-arg","locations":[{"start":{"line":16,"column":14},"end":{"line":16,"column":19}}],"line":16},"2":{"loc":{"start":{"line":20,"column":2},"end":{"line":22,"column":3}},"type":"if","locations":[{"start":{"line":20,"column":2},"end":{"line":22,"column":3}},{"start":{},"end":{}}],"line":20},"3":{"loc":{"start":{"line":26,"column":46},"end":{"line":26,"column":75}},"type":"binary-expr","locations":[{"start":{"line":26,"column":46},"end":{"line":26,"column":55}},{"start":{"line":26,"column":59},"end":{"line":26,"column":75}}],"line":26}},"s":{"0":6,"1":6,"2":2,"3":4,"4":1},"f":{"0":6},"b":{"0":[5],"1":[5],"2":[2,4],"3":[4,1]},"_coverageSchema":"1a1c01bbd47fc00a2c39e90264f33305004495a9","hash":"a368a7fa2791c66384babe4d36b11bbe8bed1550"}
,"/Users/slava/Projects/exquizite-app/components/set/DesktopSetCard.tsx": {"path":"/Users/slava/Projects/exquizite-app/components/set/DesktopSetCard.tsx","statementMap":{"0":{"start":{"line":21,"column":16},"end":{"line":21,"column":39}},"1":{"start":{"line":22,"column":21},"end":{"line":22,"column":31}},"2":{"start":{"line":23,"column":24},"end":{"line":23,"column":33}},"3":{"start":{"line":24,"column":17},"end":{"line":24,"column":28}},"4":{"start":{"line":25,"column":46},"end":{"line":25,"column":61}},"5":{"start":{"line":26,"column":34},"end":{"line":26,"column":49}},"6":{"start":{"line":28,"column":28},"end":{"line":44,"column":3}},"7":{"start":{"line":29,"column":17},"end":{"line":31,"column":57}},"8":{"start":{"line":31,"column":29},"end":{"line":31,"column":53}},"9":{"start":{"line":32,"column":42},"end":{"line":42,"column":5}},"10":{"start":{"line":43,"column":4},"end":{"line":43,"column":46}},"11":{"start":{"line":46,"column":21},"end":{"line":57,"column":3}},"12":{"start":{"line":47,"column":4},"end":{"line":47,"column":51}},"13":{"start":{"line":47,"column":21},"end":{"line":47,"column":51}},"14":{"start":{"line":48,"column":17},"end":{"line":48,"column":37}},"15":{"start":{"line":49,"column":16},"end":{"line":49,"column":26}},"16":{"start":{"line":50,"column":21},"end":{"line":50,"column":61}},"17":{"start":{"line":51,"column":21},"end":{"line":51,"column":64}},"18":{"start":{"line":53,"column":4},"end":{"line":53,"column":54}},"19":{"start":{"line":53,"column":24},"end":{"line":53,"column":54}},"20":{"start":{"line":54,"column":4},"end":{"line":54,"column":58}},"21":{"start":{"line":54,"column":24},"end":{"line":54,"column":58}},"22":{"start":{"line":55,"column":4},"end":{"line":55,"column":75}},"23":{"start":{"line":55,"column":22},"end":{"line":55,"column":75}},"24":{"start":{"line":56,"column":4},"end":{"line":56,"column":37}},"25":{"start":{"line":59,"column":26},"end":{"line":62,"column":3}},"26":{"start":{"line":60,"column":4},"end":{"line":60,"column":23}},"27":{"start":{"line":61,"column":4},"end":{"line":61,"column":42}},"28":{"start":{"line":64,"column":27},"end":{"line":67,"column":3}},"29":{"start":{"line":65,"column":4},"end":{"line":65,"column":23}},"30":{"start":{"line":66,"column":4},"end":{"line":66,"column":28}},"31":{"start":{"line":69,"column":28},"end":{"line":92,"column":3}},"32":{"start":{"line":70,"column":4},"end":{"line":70,"column":23}},"33":{"start":{"line":71,"column":4},"end":{"line":91,"column":6}},"34":{"start":{"line":80,"column":12},"end":{"line":87,"column":13}},"35":{"start":{"line":81,"column":14},"end":{"line":81,"column":38}},"36":{"start":{"line":83,"column":14},"end":{"line":86,"column":16}},"37":{"start":{"line":94,"column":26},"end":{"line":96,"column":3}},"38":{"start":{"line":95,"column":4},"end":{"line":95,"column":56}},"39":{"start":{"line":98,"column":25},"end":{"line":98,"column":44}},"40":{"start":{"line":100,"column":2},"end":{"line":256,"column":4}},"41":{"start":{"line":106,"column":25},"end":{"line":106,"column":43}},"42":{"start":{"line":140,"column":29},"end":{"line":140,"column":51}},"43":{"start":{"line":150,"column":27},"end":{"line":150,"column":64}},"44":{"start":{"line":253,"column":23},"end":{"line":253,"column":47}},"45":{"start":{"line":259,"column":15},"end":{"line":434,"column":2}}},"fnMap":{"0":{"name":"DesktopSetCard","decl":{"start":{"line":20,"column":16},"end":{"line":20,"column":30}},"loc":{"start":{"line":20,"column":77},"end":{"line":257,"column":1}},"line":20},"1":{"name":"(anonymous_1)","decl":{"start":{"line":28,"column":28},"end":{"line":28,"column":29}},"loc":{"start":{"line":28,"column":52},"end":{"line":44,"column":3}},"line":28},"2":{"name":"(anonymous_2)","decl":{"start":{"line":31,"column":14},"end":{"line":31,"column":15}},"loc":{"start":{"line":31,"column":29},"end":{"line":31,"column":53}},"line":31},"3":{"name":"(anonymous_3)","decl":{"start":{"line":46,"column":21},"end":{"line":46,"column":22}},"loc":{"start":{"line":46,"column":46},"end":{"line":57,"column":3}},"line":46},"4":{"name":"(anonymous_4)","decl":{"start":{"line":59,"column":26},"end":{"line":59,"column":27}},"loc":{"start":{"line":59,"column":32},"end":{"line":62,"column":3}},"line":59},"5":{"name":"(anonymous_5)","decl":{"start":{"line":64,"column":27},"end":{"line":64,"column":28}},"loc":{"start":{"line":64,"column":33},"end":{"line":67,"column":3}},"line":64},"6":{"name":"(anonymous_6)","decl":{"start":{"line":69,"column":28},"end":{"line":69,"column":29}},"loc":{"start":{"line":69,"column":34},"end":{"line":92,"column":3}},"line":69},"7":{"name":"(anonymous_7)","decl":{"start":{"line":79,"column":19},"end":{"line":79,"column":20}},"loc":{"start":{"line":79,"column":31},"end":{"line":88,"column":11}},"line":79},"8":{"name":"(anonymous_8)","decl":{"start":{"line":94,"column":26},"end":{"line":94,"column":27}},"loc":{"start":{"line":94,"column":32},"end":{"line":96,"column":3}},"line":94},"9":{"name":"(anonymous_9)","decl":{"start":{"line":106,"column":19},"end":{"line":106,"column":20}},"loc":{"start":{"line":106,"column":25},"end":{"line":106,"column":43}},"line":106},"10":{"name":"(anonymous_10)","decl":{"start":{"line":140,"column":23},"end":{"line":140,"column":24}},"loc":{"start":{"line":140,"column":29},"end":{"line":140,"column":51}},"line":140},"11":{"name":"(anonymous_11)","decl":{"start":{"line":150,"column":21},"end":{"line":150,"column":22}},"loc":{"start":{"line":150,"column":27},"end":{"line":150,"column":64}},"line":150},"12":{"name":"(anonymous_12)","decl":{"start":{"line":253,"column":17},"end":{"line":253,"column":18}},"loc":{"start":{"line":253,"column":23},"end":{"line":253,"column":47}},"line":253}},"branchMap":{"0":{"loc":{"start":{"line":47,"column":4},"end":{"line":47,"column":51}},"type":"if","locations":[{"start":{"line":47,"column":4},"end":{"line":47,"column":51}},{"start":{},"end":{}}],"line":47},"1":{"loc":{"start":{"line":53,"column":4},"end":{"line":53,"column":54}},"type":"if","locations":[{"start":{"line":53,"column":4},"end":{"line":53,"column":54}},{"start":{},"end":{}}],"line":53},"2":{"loc":{"start":{"line":54,"column":4},"end":{"line":54,"column":58}},"type":"if","locations":[{"start":{"line":54,"column":4},"end":{"line":54,"column":58}},{"start":{},"end":{}}],"line":54},"3":{"loc":{"start":{"line":55,"column":4},"end":{"line":55,"column":75}},"type":"if","locations":[{"start":{"line":55,"column":4},"end":{"line":55,"column":75}},{"start":{},"end":{}}],"line":55},"4":{"loc":{"start":{"line":85,"column":16},"end":{"line":85,"column":75}},"type":"binary-expr","locations":[{"start":{"line":85,"column":16},"end":{"line":85,"column":30}},{"start":{"line":85,"column":34},"end":{"line":85,"column":75}}],"line":85},"5":{"loc":{"start":{"line":103,"column":7},"end":{"line":108,"column":7}},"type":"binary-expr","locations":[{"start":{"line":103,"column":7},"end":{"line":103,"column":15}},{"start":{"line":104,"column":8},"end":{"line":107,"column":10}}],"line":103},"6":{"loc":{"start":{"line":111,"column":7},"end":{"line":116,"column":7}},"type":"binary-expr","locations":[{"start":{"line":111,"column":7},"end":{"line":111,"column":21}},{"start":{"line":112,"column":8},"end":{"line":115,"column":15}}],"line":111},"7":{"loc":{"start":{"line":126,"column":11},"end":{"line":134,"column":11}},"type":"binary-expr","locations":[{"start":{"line":126,"column":11},"end":{"line":126,"column":25}},{"start":{"line":127,"column":12},"end":{"line":133,"column":19}}],"line":126},"8":{"loc":{"start":{"line":137,"column":11},"end":{"line":145,"column":11}},"type":"binary-expr","locations":[{"start":{"line":137,"column":11},"end":{"line":137,"column":26}},{"start":{"line":138,"column":12},"end":{"line":144,"column":31}}],"line":137},"9":{"loc":{"start":{"line":182,"column":13},"end":{"line":193,"column":13}},"type":"binary-expr","locations":[{"start":{"line":182,"column":13},"end":{"line":182,"column":30}},{"start":{"line":183,"column":14},"end":{"line":192,"column":21}}],"line":182},"10":{"loc":{"start":{"line":210,"column":9},"end":{"line":247,"column":9}},"type":"binary-expr","locations":[{"start":{"line":210,"column":9},"end":{"line":210,"column":17}},{"start":{"line":211,"column":10},"end":{"line":246,"column":17}}],"line":210}},"s":{"0":20,"1":20,"2":20,"3":20,"4":20,"5":20,"6":20,"7":20,"8":202,"9":20,"10":20,"11":20,"12":19,"13":0,"14":19,"15":19,"16":19,"17":19,"18":19,"19":1,"20":18,"21":0,"22":18,"23":0,"24":18,"25":20,"26":0,"27":0,"28":20,"29":0,"30":0,"31":20,"32":0,"33":0,"34":0,"35":0,"36":0,"37":20,"38":1,"39":20,"40":20,"41":0,"42":0,"43":1,"44":0,"45":1},"f":{"0":20,"1":20,"2":202,"3":19,"4":0,"5":0,"6":0,"7":0,"8":1,"9":0,"10":0,"11":1,"12":0},"b":{"0":[0,19],"1":[1,18],"2":[0,18],"3":[0,18],"4":[0,0],"5":[20,0],"6":[20,3],"7":[20,2],"8":[20,17],"9":[20,19],"10":[20,0]},"_coverageSchema":"1a1c01bbd47fc00a2c39e90264f33305004495a9","hash":"57002ba10d35adf9684a6af07a30b985f3814483"}
,"/Users/slava/Projects/exquizite-app/components/set/SetCard.tsx": {"path":"/Users/slava/Projects/exquizite-app/components/set/SetCard.tsx","statementMap":{"0":{"start":{"line":25,"column":16},"end":{"line":25,"column":39}},"1":{"start":{"line":26,"column":21},"end":{"line":26,"column":31}},"2":{"start":{"line":27,"column":24},"end":{"line":27,"column":33}},"3":{"start":{"line":28,"column":17},"end":{"line":28,"column":28}},"4":{"start":{"line":29,"column":38},"end":{"line":29,"column":53}},"5":{"start":{"line":30,"column":46},"end":{"line":30,"column":61}},"6":{"start":{"line":31,"column":16},"end":{"line":31,"column":33}},"7":{"start":{"line":34,"column":28},"end":{"line":50,"column":3}},"8":{"start":{"line":35,"column":17},"end":{"line":37,"column":57}},"9":{"start":{"line":37,"column":29},"end":{"line":37,"column":53}},"10":{"start":{"line":38,"column":42},"end":{"line":48,"column":5}},"11":{"start":{"line":49,"column":4},"end":{"line":49,"column":46}},"12":{"start":{"line":52,"column":21},"end":{"line":63,"column":3}},"13":{"start":{"line":53,"column":4},"end":{"line":53,"column":51}},"14":{"start":{"line":53,"column":21},"end":{"line":53,"column":51}},"15":{"start":{"line":54,"column":17},"end":{"line":54,"column":37}},"16":{"start":{"line":55,"column":16},"end":{"line":55,"column":26}},"17":{"start":{"line":56,"column":21},"end":{"line":56,"column":61}},"18":{"start":{"line":57,"column":21},"end":{"line":57,"column":64}},"19":{"start":{"line":59,"column":4},"end":{"line":59,"column":54}},"20":{"start":{"line":59,"column":24},"end":{"line":59,"column":54}},"21":{"start":{"line":60,"column":4},"end":{"line":60,"column":58}},"22":{"start":{"line":60,"column":24},"end":{"line":60,"column":58}},"23":{"start":{"line":61,"column":4},"end":{"line":61,"column":75}},"24":{"start":{"line":61,"column":22},"end":{"line":61,"column":75}},"25":{"start":{"line":62,"column":4},"end":{"line":62,"column":37}},"26":{"start":{"line":65,"column":24},"end":{"line":69,"column":4}},"27":{"start":{"line":66,"column":4},"end":{"line":68,"column":6}},"28":{"start":{"line":71,"column":24},"end":{"line":73,"column":3}},"29":{"start":{"line":72,"column":4},"end":{"line":72,"column":68}},"30":{"start":{"line":75,"column":25},"end":{"line":77,"column":3}},"31":{"start":{"line":76,"column":4},"end":{"line":76,"column":65}},"32":{"start":{"line":79,"column":26},"end":{"line":85,"column":3}},"33":{"start":{"line":80,"column":4},"end":{"line":84,"column":5}},"34":{"start":{"line":81,"column":6},"end":{"line":81,"column":16}},"35":{"start":{"line":83,"column":6},"end":{"line":83,"column":33}},"36":{"start":{"line":87,"column":26},"end":{"line":89,"column":3}},"37":{"start":{"line":88,"column":4},"end":{"line":88,"column":42}},"38":{"start":{"line":91,"column":28},"end":{"line":113,"column":3}},"39":{"start":{"line":92,"column":4},"end":{"line":112,"column":6}},"40":{"start":{"line":101,"column":12},"end":{"line":108,"column":13}},"41":{"start":{"line":102,"column":14},"end":{"line":102,"column":38}},"42":{"start":{"line":104,"column":14},"end":{"line":107,"column":16}},"43":{"start":{"line":115,"column":27},"end":{"line":117,"column":3}},"44":{"start":{"line":116,"column":4},"end":{"line":116,"column":28}},"45":{"start":{"line":119,"column":24},"end":{"line":119,"column":67}},"46":{"start":{"line":119,"column":46},"end":{"line":119,"column":55}},"47":{"start":{"line":121,"column":25},"end":{"line":121,"column":44}},"48":{"start":{"line":123,"column":2},"end":{"line":263,"column":4}},"49":{"start":{"line":260,"column":23},"end":{"line":260,"column":47}},"50":{"start":{"line":266,"column":15},"end":{"line":419,"column":2}}},"fnMap":{"0":{"name":"SetCard","decl":{"start":{"line":24,"column":16},"end":{"line":24,"column":23}},"loc":{"start":{"line":24,"column":56},"end":{"line":264,"column":1}},"line":24},"1":{"name":"(anonymous_1)","decl":{"start":{"line":34,"column":28},"end":{"line":34,"column":29}},"loc":{"start":{"line":34,"column":52},"end":{"line":50,"column":3}},"line":34},"2":{"name":"(anonymous_2)","decl":{"start":{"line":37,"column":14},"end":{"line":37,"column":15}},"loc":{"start":{"line":37,"column":29},"end":{"line":37,"column":53}},"line":37},"3":{"name":"(anonymous_3)","decl":{"start":{"line":52,"column":21},"end":{"line":52,"column":22}},"loc":{"start":{"line":52,"column":46},"end":{"line":63,"column":3}},"line":52},"4":{"name":"(anonymous_4)","decl":{"start":{"line":65,"column":41},"end":{"line":65,"column":42}},"loc":{"start":{"line":65,"column":47},"end":{"line":69,"column":3}},"line":65},"5":{"name":"(anonymous_5)","decl":{"start":{"line":71,"column":24},"end":{"line":71,"column":25}},"loc":{"start":{"line":71,"column":30},"end":{"line":73,"column":3}},"line":71},"6":{"name":"(anonymous_6)","decl":{"start":{"line":75,"column":25},"end":{"line":75,"column":26}},"loc":{"start":{"line":75,"column":31},"end":{"line":77,"column":3}},"line":75},"7":{"name":"(anonymous_7)","decl":{"start":{"line":79,"column":26},"end":{"line":79,"column":27}},"loc":{"start":{"line":79,"column":32},"end":{"line":85,"column":3}},"line":79},"8":{"name":"(anonymous_8)","decl":{"start":{"line":87,"column":26},"end":{"line":87,"column":27}},"loc":{"start":{"line":87,"column":32},"end":{"line":89,"column":3}},"line":87},"9":{"name":"(anonymous_9)","decl":{"start":{"line":91,"column":28},"end":{"line":91,"column":29}},"loc":{"start":{"line":91,"column":34},"end":{"line":113,"column":3}},"line":91},"10":{"name":"(anonymous_10)","decl":{"start":{"line":100,"column":19},"end":{"line":100,"column":20}},"loc":{"start":{"line":100,"column":31},"end":{"line":109,"column":11}},"line":100},"11":{"name":"(anonymous_11)","decl":{"start":{"line":115,"column":27},"end":{"line":115,"column":28}},"loc":{"start":{"line":115,"column":33},"end":{"line":117,"column":3}},"line":115},"12":{"name":"(anonymous_12)","decl":{"start":{"line":119,"column":38},"end":{"line":119,"column":39}},"loc":{"start":{"line":119,"column":46},"end":{"line":119,"column":55}},"line":119},"13":{"name":"(anonymous_13)","decl":{"start":{"line":260,"column":17},"end":{"line":260,"column":18}},"loc":{"start":{"line":260,"column":23},"end":{"line":260,"column":47}},"line":260}},"branchMap":{"0":{"loc":{"start":{"line":53,"column":4},"end":{"line":53,"column":51}},"type":"if","locations":[{"start":{"line":53,"column":4},"end":{"line":53,"column":51}},{"start":{},"end":{}}],"line":53},"1":{"loc":{"start":{"line":59,"column":4},"end":{"line":59,"column":54}},"type":"if","locations":[{"start":{"line":59,"column":4},"end":{"line":59,"column":54}},{"start":{},"end":{}}],"line":59},"2":{"loc":{"start":{"line":60,"column":4},"end":{"line":60,"column":58}},"type":"if","locations":[{"start":{"line":60,"column":4},"end":{"line":60,"column":58}},{"start":{},"end":{}}],"line":60},"3":{"loc":{"start":{"line":61,"column":4},"end":{"line":61,"column":75}},"type":"if","locations":[{"start":{"line":61,"column":4},"end":{"line":61,"column":75}},{"start":{},"end":{}}],"line":61},"4":{"loc":{"start":{"line":80,"column":4},"end":{"line":84,"column":5}},"type":"if","locations":[{"start":{"line":80,"column":4},"end":{"line":84,"column":5}},{"start":{"line":82,"column":11},"end":{"line":84,"column":5}}],"line":80},"5":{"loc":{"start":{"line":106,"column":16},"end":{"line":106,"column":75}},"type":"binary-expr","locations":[{"start":{"line":106,"column":16},"end":{"line":106,"column":30}},{"start":{"line":106,"column":34},"end":{"line":106,"column":75}}],"line":106},"6":{"loc":{"start":{"line":126,"column":7},"end":{"line":136,"column":7}},"type":"binary-expr","locations":[{"start":{"line":126,"column":7},"end":{"line":126,"column":21}},{"start":{"line":127,"column":8},"end":{"line":135,"column":15}}],"line":126},"7":{"loc":{"start":{"line":173,"column":13},"end":{"line":184,"column":13}},"type":"binary-expr","locations":[{"start":{"line":173,"column":13},"end":{"line":173,"column":30}},{"start":{"line":174,"column":14},"end":{"line":183,"column":21}}],"line":173},"8":{"loc":{"start":{"line":198,"column":11},"end":{"line":253,"column":9}},"type":"binary-expr","locations":[{"start":{"line":198,"column":11},"end":{"line":198,"column":21}},{"start":{"line":199,"column":12},"end":{"line":252,"column":17}}],"line":198},"9":{"loc":{"start":{"line":209,"column":17},"end":{"line":209,"column":60}},"type":"binary-expr","locations":[{"start":{"line":209,"column":17},"end":{"line":209,"column":30}},{"start":{"line":209,"column":34},"end":{"line":209,"column":60}}],"line":209},"10":{"loc":{"start":{"line":226,"column":15},"end":{"line":250,"column":15}},"type":"binary-expr","locations":[{"start":{"line":226,"column":15},"end":{"line":226,"column":30}},{"start":{"line":227,"column":16},"end":{"line":249,"column":19}}],"line":226}},"s":{"0":10,"1":10,"2":10,"3":10,"4":10,"5":10,"6":10,"7":10,"8":10,"9":100,"10":10,"11":10,"12":10,"13":1,"14":0,"15":1,"16":1,"17":1,"18":1,"19":1,"20":0,"21":1,"22":1,"23":0,"24":0,"25":0,"26":10,"27":10,"28":10,"29":0,"30":10,"31":0,"32":10,"33":2,"34":1,"35":1,"36":10,"37":0,"38":10,"39":0,"40":0,"41":0,"42":0,"43":10,"44":0,"45":10,"46":27,"47":10,"48":10,"49":0,"50":1},"f":{"0":10,"1":10,"2":100,"3":1,"4":10,"5":0,"6":0,"7":2,"8":0,"9":0,"10":0,"11":0,"12":27,"13":0},"b":{"0":[0,1],"1":[0,1],"2":[1,0],"3":[0,0],"4":[1,1],"5":[0,0],"6":[10,1],"7":[10,1],"8":[10,1],"9":[1,0],"10":[1,1]},"_coverageSchema":"1a1c01bbd47fc00a2c39e90264f33305004495a9","hash":"dd85f1cb534a5b6e47811b6cddfdc5ea55965403"}
,"/Users/slava/Projects/exquizite-app/components/set/ShareModal.tsx": {"path":"/Users/slava/Projects/exquizite-app/components/set/ShareModal.tsx","statementMap":{"0":{"start":{"line":40,"column":16},"end":{"line":40,"column":32}},"1":{"start":{"line":41,"column":21},"end":{"line":41,"column":31}},"2":{"start":{"line":42,"column":36},"end":{"line":42,"column":45}},"3":{"start":{"line":43,"column":36},"end":{"line":43,"column":72}},"4":{"start":{"line":44,"column":36},"end":{"line":44,"column":51}},"5":{"start":{"line":45,"column":30},"end":{"line":45,"column":45}},"6":{"start":{"line":46,"column":34},"end":{"line":46,"column":49}},"7":{"start":{"line":47,"column":32},"end":{"line":47,"column":47}},"8":{"start":{"line":49,"column":2},"end":{"line":54,"column":9}},"9":{"start":{"line":50,"column":4},"end":{"line":53,"column":5}},"10":{"start":{"line":51,"column":6},"end":{"line":51,"column":36}},"11":{"start":{"line":52,"column":6},"end":{"line":52,"column":36}},"12":{"start":{"line":56,"column":2},"end":{"line":69,"column":21}},"13":{"start":{"line":57,"column":4},"end":{"line":68,"column":5}},"14":{"start":{"line":59,"column":6},"end":{"line":59,"column":25}},"15":{"start":{"line":60,"column":6},"end":{"line":60,"column":23}},"16":{"start":{"line":61,"column":6},"end":{"line":61,"column":25}},"17":{"start":{"line":62,"column":6},"end":{"line":62,"column":26}},"18":{"start":{"line":63,"column":11},"end":{"line":68,"column":5}},"19":{"start":{"line":65,"column":6},"end":{"line":65,"column":25}},"20":{"start":{"line":66,"column":6},"end":{"line":66,"column":23}},"21":{"start":{"line":67,"column":6},"end":{"line":67,"column":26}},"22":{"start":{"line":71,"column":28},"end":{"line":91,"column":3}},"23":{"start":{"line":72,"column":4},"end":{"line":72,"column":34}},"24":{"start":{"line":72,"column":27},"end":{"line":72,"column":34}},"25":{"start":{"line":74,"column":4},"end":{"line":74,"column":23}},"26":{"start":{"line":75,"column":4},"end":{"line":90,"column":5}},"27":{"start":{"line":76,"column":19},"end":{"line":76,"column":41}},"28":{"start":{"line":78,"column":6},"end":{"line":83,"column":7}},"29":{"start":{"line":79,"column":8},"end":{"line":79,"column":27}},"30":{"start":{"line":81,"column":8},"end":{"line":81,"column":76}},"31":{"start":{"line":82,"column":8},"end":{"line":82,"column":18}},"32":{"start":{"line":85,"column":6},"end":{"line":85,"column":59}},"33":{"start":{"line":86,"column":6},"end":{"line":86,"column":74}},"34":{"start":{"line":87,"column":6},"end":{"line":87,"column":16}},"35":{"start":{"line":89,"column":6},"end":{"line":89,"column":26}},"36":{"start":{"line":93,"column":25},"end":{"line":114,"column":3}},"37":{"start":{"line":94,"column":4},"end":{"line":94,"column":27}},"38":{"start":{"line":94,"column":20},"end":{"line":94,"column":27}},"39":{"start":{"line":96,"column":4},"end":{"line":113,"column":5}},"40":{"start":{"line":98,"column":8},"end":{"line":100,"column":30}},"41":{"start":{"line":102,"column":6},"end":{"line":106,"column":7}},"42":{"start":{"line":103,"column":8},"end":{"line":103,"column":44}},"43":{"start":{"line":105,"column":8},"end":{"line":105,"column":50}},"44":{"start":{"line":108,"column":6},"end":{"line":108,"column":22}},"45":{"start":{"line":109,"column":6},"end":{"line":109,"column":47}},"46":{"start":{"line":109,"column":23},"end":{"line":109,"column":39}},"47":{"start":{"line":111,"column":6},"end":{"line":111,"column":58}},"48":{"start":{"line":112,"column":6},"end":{"line":112,"column":73}},"49":{"start":{"line":116,"column":28},"end":{"line":139,"column":3}},"50":{"start":{"line":117,"column":4},"end":{"line":117,"column":21}},"51":{"start":{"line":117,"column":14},"end":{"line":117,"column":21}},"52":{"start":{"line":119,"column":4},"end":{"line":138,"column":6}},"53":{"start":{"line":128,"column":12},"end":{"line":134,"column":13}},"54":{"start":{"line":129,"column":14},"end":{"line":129,"column":40}},"55":{"start":{"line":130,"column":14},"end":{"line":130,"column":89}},"56":{"start":{"line":131,"column":14},"end":{"line":131,"column":24}},"57":{"start":{"line":133,"column":14},"end":{"line":133,"column":82}},"58":{"start":{"line":141,"column":28},"end":{"line":162,"column":3}},"59":{"start":{"line":142,"column":4},"end":{"line":142,"column":35}},"60":{"start":{"line":142,"column":28},"end":{"line":142,"column":35}},"61":{"start":{"line":144,"column":4},"end":{"line":161,"column":5}},"62":{"start":{"line":145,"column":22},"end":{"line":150,"column":7}},"63":{"start":{"line":152,"column":6},"end":{"line":155,"column":9}},"64":{"start":{"line":158,"column":6},"end":{"line":160,"column":7}},"65":{"start":{"line":159,"column":8},"end":{"line":159,"column":47}},"66":{"start":{"line":164,"column":25},"end":{"line":193,"column":3}},"67":{"start":{"line":165,"column":4},"end":{"line":165,"column":35}},"68":{"start":{"line":165,"column":28},"end":{"line":165,"column":35}},"69":{"start":{"line":167,"column":19},"end":{"line":167,"column":59}},"70":{"start":{"line":168,"column":20},"end":{"line":173,"column":5}},"71":{"start":{"line":175,"column":4},"end":{"line":192,"column":5}},"72":{"start":{"line":176,"column":6},"end":{"line":184,"column":7}},"73":{"start":{"line":177,"column":24},"end":{"line":181,"column":10}},"74":{"start":{"line":183,"column":8},"end":{"line":183,"column":28}},"75":{"start":{"line":183,"column":21},"end":{"line":183,"column":28}},"76":{"start":{"line":187,"column":6},"end":{"line":187,"column":29}},"77":{"start":{"line":188,"column":6},"end":{"line":188,"column":91}},"78":{"start":{"line":190,"column":6},"end":{"line":190,"column":45}},"79":{"start":{"line":191,"column":6},"end":{"line":191,"column":74}},"80":{"start":{"line":195,"column":28},"end":{"line":205,"column":3}},"81":{"start":{"line":196,"column":4},"end":{"line":196,"column":35}},"82":{"start":{"line":196,"column":28},"end":{"line":196,"column":35}},"83":{"start":{"line":198,"column":19},"end":{"line":198,"column":59}},"84":{"start":{"line":199,"column":20},"end":{"line":199,"column":89}},"85":{"start":{"line":201,"column":17},"end":{"line":201,"column":62}},"86":{"start":{"line":202,"column":22},"end":{"line":202,"column":36}},"87":{"start":{"line":204,"column":4},"end":{"line":204,"column":28}},"88":{"start":{"line":207,"column":2},"end":{"line":207,"column":24}},"89":{"start":{"line":207,"column":12},"end":{"line":207,"column":24}},"90":{"start":{"line":209,"column":2},"end":{"line":609,"column":4}},"91":{"start":{"line":542,"column":39},"end":{"line":542,"column":67}},"92":{"start":{"line":558,"column":39},"end":{"line":558,"column":68}},"93":{"start":{"line":574,"column":39},"end":{"line":574,"column":68}},"94":{"start":{"line":590,"column":39},"end":{"line":590,"column":68}},"95":{"start":{"line":612,"column":15},"end":{"line":789,"column":2}}},"fnMap":{"0":{"name":"ShareModal","decl":{"start":{"line":39,"column":16},"end":{"line":39,"column":26}},"loc":{"start":{"line":39,"column":71},"end":{"line":610,"column":1}},"line":39},"1":{"name":"(anonymous_1)","decl":{"start":{"line":49,"column":12},"end":{"line":49,"column":13}},"loc":{"start":{"line":49,"column":18},"end":{"line":54,"column":3}},"line":49},"2":{"name":"(anonymous_2)","decl":{"start":{"line":56,"column":12},"end":{"line":56,"column":13}},"loc":{"start":{"line":56,"column":18},"end":{"line":69,"column":3}},"line":56},"3":{"name":"(anonymous_3)","decl":{"start":{"line":71,"column":28},"end":{"line":71,"column":29}},"loc":{"start":{"line":71,"column":40},"end":{"line":91,"column":3}},"line":71},"4":{"name":"(anonymous_4)","decl":{"start":{"line":93,"column":25},"end":{"line":93,"column":26}},"loc":{"start":{"line":93,"column":37},"end":{"line":114,"column":3}},"line":93},"5":{"name":"(anonymous_5)","decl":{"start":{"line":109,"column":17},"end":{"line":109,"column":18}},"loc":{"start":{"line":109,"column":23},"end":{"line":109,"column":39}},"line":109},"6":{"name":"(anonymous_6)","decl":{"start":{"line":116,"column":28},"end":{"line":116,"column":29}},"loc":{"start":{"line":116,"column":34},"end":{"line":139,"column":3}},"line":116},"7":{"name":"(anonymous_7)","decl":{"start":{"line":127,"column":19},"end":{"line":127,"column":20}},"loc":{"start":{"line":127,"column":31},"end":{"line":135,"column":11}},"line":127},"8":{"name":"(anonymous_8)","decl":{"start":{"line":141,"column":28},"end":{"line":141,"column":29}},"loc":{"start":{"line":141,"column":40},"end":{"line":162,"column":3}},"line":141},"9":{"name":"(anonymous_9)","decl":{"start":{"line":164,"column":25},"end":{"line":164,"column":26}},"loc":{"start":{"line":164,"column":37},"end":{"line":193,"column":3}},"line":164},"10":{"name":"(anonymous_10)","decl":{"start":{"line":195,"column":28},"end":{"line":195,"column":29}},"loc":{"start":{"line":195,"column":58},"end":{"line":205,"column":3}},"line":195},"11":{"name":"(anonymous_11)","decl":{"start":{"line":542,"column":33},"end":{"line":542,"column":34}},"loc":{"start":{"line":542,"column":39},"end":{"line":542,"column":67}},"line":542},"12":{"name":"(anonymous_12)","decl":{"start":{"line":558,"column":33},"end":{"line":558,"column":34}},"loc":{"start":{"line":558,"column":39},"end":{"line":558,"column":68}},"line":558},"13":{"name":"(anonymous_13)","decl":{"start":{"line":574,"column":33},"end":{"line":574,"column":34}},"loc":{"start":{"line":574,"column":39},"end":{"line":574,"column":68}},"line":574},"14":{"name":"(anonymous_14)","decl":{"start":{"line":590,"column":33},"end":{"line":590,"column":34}},"loc":{"start":{"line":590,"column":39},"end":{"line":590,"column":68}},"line":590}},"branchMap":{"0":{"loc":{"start":{"line":50,"column":4},"end":{"line":53,"column":5}},"type":"if","locations":[{"start":{"line":50,"column":4},"end":{"line":53,"column":5}},{"start":{},"end":{}}],"line":50},"1":{"loc":{"start":{"line":57,"column":4},"end":{"line":68,"column":5}},"type":"if","locations":[{"start":{"line":57,"column":4},"end":{"line":68,"column":5}},{"start":{"line":63,"column":11},"end":{"line":68,"column":5}}],"line":57},"2":{"loc":{"start":{"line":57,"column":8},"end":{"line":57,"column":22}},"type":"binary-expr","locations":[{"start":{"line":57,"column":8},"end":{"line":57,"column":15}},{"start":{"line":57,"column":19},"end":{"line":57,"column":22}}],"line":57},"3":{"loc":{"start":{"line":63,"column":11},"end":{"line":68,"column":5}},"type":"if","locations":[{"start":{"line":63,"column":11},"end":{"line":68,"column":5}},{"start":{},"end":{}}],"line":63},"4":{"loc":{"start":{"line":72,"column":4},"end":{"line":72,"column":34}},"type":"if","locations":[{"start":{"line":72,"column":4},"end":{"line":72,"column":34}},{"start":{},"end":{}}],"line":72},"5":{"loc":{"start":{"line":72,"column":8},"end":{"line":72,"column":25}},"type":"binary-expr","locations":[{"start":{"line":72,"column":8},"end":{"line":72,"column":12}},{"start":{"line":72,"column":16},"end":{"line":72,"column":25}}],"line":72},"6":{"loc":{"start":{"line":78,"column":6},"end":{"line":83,"column":7}},"type":"if","locations":[{"start":{"line":78,"column":6},"end":{"line":83,"column":7}},{"start":{"line":80,"column":13},"end":{"line":83,"column":7}}],"line":78},"7":{"loc":{"start":{"line":94,"column":4},"end":{"line":94,"column":27}},"type":"if","locations":[{"start":{"line":94,"column":4},"end":{"line":94,"column":27}},{"start":{},"end":{}}],"line":94},"8":{"loc":{"start":{"line":98,"column":8},"end":{"line":100,"column":30}},"type":"cond-expr","locations":[{"start":{"line":99,"column":12},"end":{"line":99,"column":52}},{"start":{"line":100,"column":12},"end":{"line":100,"column":30}}],"line":98},"9":{"loc":{"start":{"line":102,"column":6},"end":{"line":106,"column":7}},"type":"if","locations":[{"start":{"line":102,"column":6},"end":{"line":106,"column":7}},{"start":{"line":104,"column":13},"end":{"line":106,"column":7}}],"line":102},"10":{"loc":{"start":{"line":102,"column":10},"end":{"line":102,"column":42}},"type":"binary-expr","locations":[{"start":{"line":102,"column":10},"end":{"line":102,"column":31}},{"start":{"line":102,"column":35},"end":{"line":102,"column":42}}],"line":102},"11":{"loc":{"start":{"line":117,"column":4},"end":{"line":117,"column":21}},"type":"if","locations":[{"start":{"line":117,"column":4},"end":{"line":117,"column":21}},{"start":{},"end":{}}],"line":117},"12":{"loc":{"start":{"line":142,"column":4},"end":{"line":142,"column":35}},"type":"if","locations":[{"start":{"line":142,"column":4},"end":{"line":142,"column":35}},{"start":{},"end":{}}],"line":142},"13":{"loc":{"start":{"line":142,"column":8},"end":{"line":142,"column":26}},"type":"binary-expr","locations":[{"start":{"line":142,"column":8},"end":{"line":142,"column":12}},{"start":{"line":142,"column":16},"end":{"line":142,"column":26}}],"line":142},"14":{"loc":{"start":{"line":158,"column":6},"end":{"line":160,"column":7}},"type":"if","locations":[{"start":{"line":158,"column":6},"end":{"line":160,"column":7}},{"start":{},"end":{}}],"line":158},"15":{"loc":{"start":{"line":165,"column":4},"end":{"line":165,"column":35}},"type":"if","locations":[{"start":{"line":165,"column":4},"end":{"line":165,"column":35}},{"start":{},"end":{}}],"line":165},"16":{"loc":{"start":{"line":165,"column":8},"end":{"line":165,"column":26}},"type":"binary-expr","locations":[{"start":{"line":165,"column":8},"end":{"line":165,"column":12}},{"start":{"line":165,"column":16},"end":{"line":165,"column":26}}],"line":165},"17":{"loc":{"start":{"line":176,"column":6},"end":{"line":184,"column":7}},"type":"if","locations":[{"start":{"line":176,"column":6},"end":{"line":184,"column":7}},{"start":{},"end":{}}],"line":176},"18":{"loc":{"start":{"line":183,"column":8},"end":{"line":183,"column":28}},"type":"if","locations":[{"start":{"line":183,"column":8},"end":{"line":183,"column":28}},{"start":{},"end":{}}],"line":183},"19":{"loc":{"start":{"line":196,"column":4},"end":{"line":196,"column":35}},"type":"if","locations":[{"start":{"line":196,"column":4},"end":{"line":196,"column":35}},{"start":{},"end":{}}],"line":196},"20":{"loc":{"start":{"line":196,"column":8},"end":{"line":196,"column":26}},"type":"binary-expr","locations":[{"start":{"line":196,"column":8},"end":{"line":196,"column":12}},{"start":{"line":196,"column":16},"end":{"line":196,"column":26}}],"line":196},"21":{"loc":{"start":{"line":207,"column":2},"end":{"line":207,"column":24}},"type":"if","locations":[{"start":{"line":207,"column":2},"end":{"line":207,"column":24}},{"start":{},"end":{}}],"line":207},"22":{"loc":{"start":{"line":217,"column":9},"end":{"line":226,"column":9}},"type":"cond-expr","locations":[{"start":{"line":218,"column":10},"end":{"line":218,"column":69}},{"start":{"line":220,"column":10},"end":{"line":225,"column":12}}],"line":217},"23":{"loc":{"start":{"line":273,"column":15},"end":{"line":285,"column":15}},"type":"binary-expr","locations":[{"start":{"line":273,"column":15},"end":{"line":273,"column":24}},{"start":{"line":274,"column":16},"end":{"line":284,"column":23}}],"line":273},"24":{"loc":{"start":{"line":288,"column":15},"end":{"line":603,"column":15}},"type":"binary-expr","locations":[{"start":{"line":288,"column":15},"end":{"line":288,"column":25}},{"start":{"line":288,"column":29},"end":{"line":288,"column":38}},{"start":{"line":289,"column":16},"end":{"line":602,"column":19}}],"line":288},"25":{"loc":{"start":{"line":335,"column":25},"end":{"line":337,"column":46}},"type":"cond-expr","locations":[{"start":{"line":336,"column":28},"end":{"line":336,"column":68}},{"start":{"line":337,"column":28},"end":{"line":337,"column":46}}],"line":335},"26":{"loc":{"start":{"line":340,"column":30},"end":{"line":340,"column":74}},"type":"cond-expr","locations":[{"start":{"line":340,"column":39},"end":{"line":340,"column":57}},{"start":{"line":340,"column":60},"end":{"line":340,"column":74}}],"line":340},"27":{"loc":{"start":{"line":342,"column":31},"end":{"line":342,"column":77}},"type":"cond-expr","locations":[{"start":{"line":342,"column":40},"end":{"line":342,"column":54}},{"start":{"line":342,"column":57},"end":{"line":342,"column":77}}],"line":342},"28":{"loc":{"start":{"line":417,"column":21},"end":{"line":531,"column":21}},"type":"cond-expr","locations":[{"start":{"line":418,"column":22},"end":{"line":478,"column":25}},{"start":{"line":480,"column":22},"end":{"line":530,"column":25}}],"line":417},"29":{"loc":{"start":{"line":420,"column":25},"end":{"line":438,"column":25}},"type":"binary-expr","locations":[{"start":{"line":420,"column":25},"end":{"line":420,"column":33}},{"start":{"line":421,"column":26},"end":{"line":437,"column":45}}],"line":420},"30":{"loc":{"start":{"line":457,"column":29},"end":{"line":457,"column":95}},"type":"cond-expr","locations":[{"start":{"line":457,"column":38},"end":{"line":457,"column":64}},{"start":{"line":457,"column":67},"end":{"line":457,"column":95}}],"line":457},"31":{"loc":{"start":{"line":496,"column":29},"end":{"line":496,"column":91}},"type":"cond-expr","locations":[{"start":{"line":496,"column":38},"end":{"line":496,"column":64}},{"start":{"line":496,"column":67},"end":{"line":496,"column":91}}],"line":496},"32":{"loc":{"start":{"line":535,"column":19},"end":{"line":601,"column":19}},"type":"binary-expr","locations":[{"start":{"line":535,"column":19},"end":{"line":535,"column":40}},{"start":{"line":535,"column":44},"end":{"line":535,"column":53}},{"start":{"line":536,"column":20},"end":{"line":600,"column":27}}],"line":535},"33":{"loc":{"start":{"line":622,"column":15},"end":{"line":622,"column":52}},"type":"cond-expr","locations":[{"start":{"line":622,"column":39},"end":{"line":622,"column":44}},{"start":{"line":622,"column":47},"end":{"line":622,"column":52}}],"line":622},"34":{"loc":{"start":{"line":633,"column":15},"end":{"line":633,"column":54}},"type":"cond-expr","locations":[{"start":{"line":633,"column":39},"end":{"line":633,"column":48}},{"start":{"line":633,"column":51},"end":{"line":633,"column":54}}],"line":633},"35":{"loc":{"start":{"line":644,"column":23},"end":{"line":644,"column":52}},"type":"cond-expr","locations":[{"start":{"line":644,"column":47},"end":{"line":644,"column":48}},{"start":{"line":644,"column":51},"end":{"line":644,"column":52}}],"line":644},"36":{"loc":{"start":{"line":699,"column":16},"end":{"line":699,"column":61}},"type":"cond-expr","locations":[{"start":{"line":699,"column":40},"end":{"line":699,"column":47}},{"start":{"line":699,"column":50},"end":{"line":699,"column":61}}],"line":699},"37":{"loc":{"start":{"line":711,"column":16},"end":{"line":711,"column":61}},"type":"cond-expr","locations":[{"start":{"line":711,"column":40},"end":{"line":711,"column":47}},{"start":{"line":711,"column":50},"end":{"line":711,"column":61}}],"line":711}},"s":{"0":10,"1":10,"2":10,"3":10,"4":10,"5":10,"6":10,"7":10,"8":10,"9":9,"10":0,"11":0,"12":10,"13":9,"14":0,"15":0,"16":0,"17":0,"18":9,"19":9,"20":9,"21":9,"22":10,"23":0,"24":0,"25":0,"26":0,"27":0,"28":0,"29":0,"30":0,"31":0,"32":0,"33":0,"34":0,"35":0,"36":10,"37":0,"38":0,"39":0,"40":0,"41":0,"42":0,"43":0,"44":0,"45":0,"46":0,"47":0,"48":0,"49":10,"50":0,"51":0,"52":0,"53":0,"54":0,"55":0,"56":0,"57":0,"58":10,"59":0,"60":0,"61":0,"62":0,"63":0,"64":0,"65":0,"66":10,"67":0,"68":0,"69":0,"70":0,"71":0,"72":0,"73":0,"74":0,"75":0,"76":0,"77":0,"78":0,"79":0,"80":10,"81":0,"82":0,"83":0,"84":0,"85":0,"86":0,"87":0,"88":10,"89":0,"90":10,"91":0,"92":0,"93":0,"94":0,"95":1},"f":{"0":10,"1":9,"2":9,"3":0,"4":0,"5":0,"6":0,"7":0,"8":0,"9":0,"10":0,"11":0,"12":0,"13":0,"14":0},"b":{"0":[0,9],"1":[0,9],"2":[9,0],"3":[9,0],"4":[0,0],"5":[0,0],"6":[0,0],"7":[0,0],"8":[0,0],"9":[0,0],"10":[0,0],"11":[0,0],"12":[0,0],"13":[0,0],"14":[0,0],"15":[0,0],"16":[0,0],"17":[0,0],"18":[0,0],"19":[0,0],"20":[0,0],"21":[0,10],"22":[10,0],"23":[10,0],"24":[10,10,0],"25":[0,0],"26":[0,0],"27":[0,0],"28":[0,0],"29":[0,0],"30":[0,0],"31":[0,0],"32":[0,0,0],"33":[0,1],"34":[0,1],"35":[0,1],"36":[1,0],"37":[1,0]},"_coverageSchema":"1a1c01bbd47fc00a2c39e90264f33305004495a9","hash":"ceae3f8ade44ff8fd1018b07ed9309e37a9126b7"}
,"/Users/slava/Projects/exquizite-app/components/tour/TourProgressDots.tsx": {"path":"/Users/slava/Projects/exquizite-app/components/tour/TourProgressDots.tsx","statementMap":{"0":{"start":{"line":23,"column":2},"end":{"line":34,"column":4}},"1":{"start":{"line":26,"column":8},"end":{"line":31,"column":10}},"2":{"start":{"line":44,"column":16},"end":{"line":44,"column":50}},"3":{"start":{"line":45,"column":18},"end":{"line":45,"column":52}},"4":{"start":{"line":47,"column":2},"end":{"line":53,"column":17}},"5":{"start":{"line":48,"column":4},"end":{"line":51,"column":7}},"6":{"start":{"line":52,"column":4},"end":{"line":52,"column":51}},"7":{"start":{"line":55,"column":24},"end":{"line":58,"column":5}},"8":{"start":{"line":55,"column":48},"end":{"line":58,"column":3}},"9":{"start":{"line":60,"column":2},"end":{"line":70,"column":4}},"10":{"start":{"line":73,"column":15},"end":{"line":86,"column":2}}},"fnMap":{"0":{"name":"TourProgressDots","decl":{"start":{"line":17,"column":16},"end":{"line":17,"column":32}},"loc":{"start":{"line":22,"column":26},"end":{"line":35,"column":1}},"line":22},"1":{"name":"(anonymous_1)","decl":{"start":{"line":25,"column":41},"end":{"line":25,"column":42}},"loc":{"start":{"line":26,"column":8},"end":{"line":31,"column":10}},"line":26},"2":{"name":"Dot","decl":{"start":{"line":43,"column":9},"end":{"line":43,"column":12}},"loc":{"start":{"line":43,"column":65},"end":{"line":71,"column":1}},"line":43},"3":{"name":"(anonymous_3)","decl":{"start":{"line":47,"column":12},"end":{"line":47,"column":13}},"loc":{"start":{"line":47,"column":18},"end":{"line":53,"column":3}},"line":47},"4":{"name":"(anonymous_4)","decl":{"start":{"line":55,"column":41},"end":{"line":55,"column":42}},"loc":{"start":{"line":55,"column":48},"end":{"line":58,"column":3}},"line":55}},"branchMap":{"0":{"loc":{"start":{"line":44,"column":31},"end":{"line":44,"column":49}},"type":"cond-expr","locations":[{"start":{"line":44,"column":42},"end":{"line":44,"column":45}},{"start":{"line":44,"column":48},"end":{"line":44,"column":49}}],"line":44},"1":{"loc":{"start":{"line":45,"column":33},"end":{"line":45,"column":51}},"type":"cond-expr","locations":[{"start":{"line":45,"column":44},"end":{"line":45,"column":45}},{"start":{"line":45,"column":48},"end":{"line":45,"column":51}}],"line":45},"2":{"loc":{"start":{"line":48,"column":29},"end":{"line":48,"column":47}},"type":"cond-expr","locations":[{"start":{"line":48,"column":40},"end":{"line":48,"column":43}},{"start":{"line":48,"column":46},"end":{"line":48,"column":47}}],"line":48},"3":{"loc":{"start":{"line":52,"column":31},"end":{"line":52,"column":49}},"type":"cond-expr","locations":[{"start":{"line":52,"column":42},"end":{"line":52,"column":43}},{"start":{"line":52,"column":46},"end":{"line":52,"column":49}}],"line":52},"4":{"loc":{"start":{"line":65,"column":27},"end":{"line":65,"column":65}},"type":"cond-expr","locations":[{"start":{"line":65,"column":38},"end":{"line":65,"column":49}},{"start":{"line":65,"column":52},"end":{"line":65,"column":65}}],"line":65}},"s":{"0":6,"1":22,"2":22,"3":22,"4":22,"5":22,"6":22,"7":22,"8":22,"9":22,"10":1},"f":{"0":6,"1":22,"2":22,"3":22,"4":22},"b":{"0":[6,16],"1":[6,16],"2":[6,16],"3":[6,16],"4":[6,16]},"_coverageSchema":"1a1c01bbd47fc00a2c39e90264f33305004495a9","hash":"463b0c05723cfe1bae9171c99acc14a48e5abb83"}
,"/Users/slava/Projects/exquizite-app/components/tour/TourSlide.tsx": {"path":"/Users/slava/Projects/exquizite-app/components/tour/TourSlide.tsx","statementMap":{"0":{"start":{"line":19,"column":21},"end":{"line":19,"column":31}},"1":{"start":{"line":21,"column":2},"end":{"line":38,"column":4}},"2":{"start":{"line":41,"column":15},"end":{"line":69,"column":2}}},"fnMap":{"0":{"name":"TourSlide","decl":{"start":{"line":13,"column":16},"end":{"line":13,"column":25}},"loc":{"start":{"line":18,"column":19},"end":{"line":39,"column":1}},"line":18}},"branchMap":{},"s":{"0":4,"1":4,"2":1},"f":{"0":4},"b":{},"_coverageSchema":"1a1c01bbd47fc00a2c39e90264f33305004495a9","hash":"1575bd6926e0e2ea9de00784e857bb6d31e11e59"}
,"/Users/slava/Projects/exquizite-app/components/ui/AlertDialog.tsx": {"path":"/Users/slava/Projects/exquizite-app/components/ui/AlertDialog.tsx","statementMap":{"0":{"start":{"line":16,"column":21},"end":{"line":16,"column":51}},"1":{"start":{"line":39,"column":21},"end":{"line":39,"column":31}},"2":{"start":{"line":40,"column":20},"end":{"line":40,"column":59}},"3":{"start":{"line":41,"column":19},"end":{"line":41,"column":37}},"4":{"start":{"line":43,"column":28},"end":{"line":56,"column":3}},"5":{"start":{"line":44,"column":4},"end":{"line":54,"column":5}},"6":{"start":{"line":45,"column":6},"end":{"line":53,"column":7}},"7":{"start":{"line":46,"column":23},"end":{"line":46,"column":39}},"8":{"start":{"line":48,"column":8},"end":{"line":50,"column":9}},"9":{"start":{"line":49,"column":10},"end":{"line":49,"column":23}},"10":{"start":{"line":52,"column":8},"end":{"line":52,"column":63}},"11":{"start":{"line":55,"column":4},"end":{"line":55,"column":14}},"12":{"start":{"line":59,"column":18},"end":{"line":72,"column":3}},"13":{"start":{"line":60,"column":27},"end":{"line":60,"column":71}},"14":{"start":{"line":60,"column":45},"end":{"line":60,"column":70}},"15":{"start":{"line":61,"column":21},"end":{"line":61,"column":39}},"16":{"start":{"line":62,"column":4},"end":{"line":64,"column":5}},"17":{"start":{"line":63,"column":6},"end":{"line":63,"column":78}},"18":{"start":{"line":65,"column":4},"end":{"line":71,"column":6}},"19":{"start":{"line":75,"column":24},"end":{"line":80,"column":4}},"20":{"start":{"line":76,"column":18},"end":{"line":76,"column":59}},"21":{"start":{"line":77,"column":19},"end":{"line":77,"column":46}},"22":{"start":{"line":78,"column":19},"end":{"line":78,"column":46}},"23":{"start":{"line":79,"column":4},"end":{"line":79,"column":27}},"24":{"start":{"line":82,"column":2},"end":{"line":226,"column":4}},"25":{"start":{"line":174,"column":33},"end":{"line":174,"column":68}},"26":{"start":{"line":186,"column":18},"end":{"line":218,"column":37}},"27":{"start":{"line":204,"column":35},"end":{"line":204,"column":60}},"28":{"start":{"line":229,"column":15},"end":{"line":299,"column":2}}},"fnMap":{"0":{"name":"AlertDialog","decl":{"start":{"line":32,"column":16},"end":{"line":32,"column":27}},"loc":{"start":{"line":38,"column":21},"end":{"line":227,"column":1}},"line":38},"1":{"name":"(anonymous_1)","decl":{"start":{"line":43,"column":28},"end":{"line":43,"column":29}},"loc":{"start":{"line":43,"column":59},"end":{"line":56,"column":3}},"line":43},"2":{"name":"(anonymous_2)","decl":{"start":{"line":59,"column":18},"end":{"line":59,"column":19}},"loc":{"start":{"line":59,"column":24},"end":{"line":72,"column":3}},"line":59},"3":{"name":"(anonymous_3)","decl":{"start":{"line":60,"column":40},"end":{"line":60,"column":41}},"loc":{"start":{"line":60,"column":45},"end":{"line":60,"column":70}},"line":60},"4":{"name":"(anonymous_4)","decl":{"start":{"line":75,"column":42},"end":{"line":75,"column":43}},"loc":{"start":{"line":75,"column":52},"end":{"line":80,"column":3}},"line":75},"5":{"name":"(anonymous_5)","decl":{"start":{"line":174,"column":27},"end":{"line":174,"column":28}},"loc":{"start":{"line":174,"column":33},"end":{"line":174,"column":68}},"line":174},"6":{"name":"(anonymous_6)","decl":{"start":{"line":185,"column":34},"end":{"line":185,"column":35}},"loc":{"start":{"line":186,"column":18},"end":{"line":218,"column":37}},"line":186},"7":{"name":"(anonymous_7)","decl":{"start":{"line":204,"column":29},"end":{"line":204,"column":30}},"loc":{"start":{"line":204,"column":35},"end":{"line":204,"column":60}},"line":204}},"branchMap":{"0":{"loc":{"start":{"line":36,"column":2},"end":{"line":36,"column":14}},"type":"default-arg","locations":[{"start":{"line":36,"column":12},"end":{"line":36,"column":14}}],"line":36},"1":{"loc":{"start":{"line":40,"column":20},"end":{"line":40,"column":59}},"type":"binary-expr","locations":[{"start":{"line":40,"column":20},"end":{"line":40,"column":41}},{"start":{"line":40,"column":45},"end":{"line":40,"column":59}}],"line":40},"2":{"loc":{"start":{"line":44,"column":4},"end":{"line":54,"column":5}},"type":"if","locations":[{"start":{"line":44,"column":4},"end":{"line":54,"column":5}},{"start":{},"end":{}}],"line":44},"3":{"loc":{"start":{"line":48,"column":8},"end":{"line":50,"column":9}},"type":"if","locations":[{"start":{"line":48,"column":8},"end":{"line":50,"column":9}},{"start":{},"end":{}}],"line":48},"4":{"loc":{"start":{"line":61,"column":21},"end":{"line":61,"column":39}},"type":"cond-expr","locations":[{"start":{"line":61,"column":32},"end":{"line":61,"column":34}},{"start":{"line":61,"column":37},"end":{"line":61,"column":39}}],"line":61},"5":{"loc":{"start":{"line":62,"column":4},"end":{"line":64,"column":5}},"type":"if","locations":[{"start":{"line":62,"column":4},"end":{"line":64,"column":5}},{"start":{},"end":{}}],"line":62},"6":{"loc":{"start":{"line":77,"column":25},"end":{"line":77,"column":45}},"type":"binary-expr","locations":[{"start":{"line":77,"column":25},"end":{"line":77,"column":32}},{"start":{"line":77,"column":36},"end":{"line":77,"column":45}}],"line":77},"7":{"loc":{"start":{"line":78,"column":25},"end":{"line":78,"column":45}},"type":"binary-expr","locations":[{"start":{"line":78,"column":25},"end":{"line":78,"column":32}},{"start":{"line":78,"column":36},"end":{"line":78,"column":45}}],"line":78},"8":{"loc":{"start":{"line":90,"column":9},"end":{"line":99,"column":9}},"type":"cond-expr","locations":[{"start":{"line":91,"column":10},"end":{"line":91,"column":69}},{"start":{"line":93,"column":10},"end":{"line":98,"column":12}}],"line":90},"9":{"loc":{"start":{"line":106,"column":14},"end":{"line":106,"column":45}},"type":"binary-expr","locations":[{"start":{"line":106,"column":14},"end":{"line":106,"column":22}},{"start":{"line":106,"column":26},"end":{"line":106,"column":45}}],"line":106},"10":{"loc":{"start":{"line":113,"column":16},"end":{"line":113,"column":54}},"type":"binary-expr","locations":[{"start":{"line":113,"column":16},"end":{"line":113,"column":24}},{"start":{"line":113,"column":28},"end":{"line":113,"column":54}}],"line":113},"11":{"loc":{"start":{"line":124,"column":16},"end":{"line":124,"column":46}},"type":"binary-expr","locations":[{"start":{"line":124,"column":16},"end":{"line":124,"column":24}},{"start":{"line":124,"column":28},"end":{"line":124,"column":46}}],"line":124},"12":{"loc":{"start":{"line":131,"column":13},"end":{"line":141,"column":13}},"type":"binary-expr","locations":[{"start":{"line":131,"column":13},"end":{"line":131,"column":20}},{"start":{"line":132,"column":14},"end":{"line":140,"column":21}}],"line":131},"13":{"loc":{"start":{"line":136,"column":18},"end":{"line":136,"column":50}},"type":"binary-expr","locations":[{"start":{"line":136,"column":18},"end":{"line":136,"column":26}},{"start":{"line":136,"column":30},"end":{"line":136,"column":50}}],"line":136},"14":{"loc":{"start":{"line":145,"column":15},"end":{"line":220,"column":15}},"type":"cond-expr","locations":[{"start":{"line":146,"column":16},"end":{"line":161,"column":35}},{"start":{"line":162,"column":18},"end":{"line":220,"column":15}}],"line":145},"15":{"loc":{"start":{"line":150,"column":20},"end":{"line":150,"column":51}},"type":"binary-expr","locations":[{"start":{"line":150,"column":20},"end":{"line":150,"column":28}},{"start":{"line":150,"column":32},"end":{"line":150,"column":51}}],"line":150},"16":{"loc":{"start":{"line":162,"column":18},"end":{"line":220,"column":15}},"type":"cond-expr","locations":[{"start":{"line":163,"column":16},"end":{"line":183,"column":35}},{"start":{"line":185,"column":16},"end":{"line":219,"column":18}}],"line":162},"17":{"loc":{"start":{"line":168,"column":24},"end":{"line":170,"column":42}},"type":"cond-expr","locations":[{"start":{"line":169,"column":28},"end":{"line":169,"column":40}},{"start":{"line":170,"column":28},"end":{"line":170,"column":42}}],"line":168},"18":{"loc":{"start":{"line":172,"column":20},"end":{"line":172,"column":51}},"type":"binary-expr","locations":[{"start":{"line":172,"column":20},"end":{"line":172,"column":28}},{"start":{"line":172,"column":32},"end":{"line":172,"column":51}}],"line":172},"19":{"loc":{"start":{"line":190,"column":22},"end":{"line":190,"column":70}},"type":"binary-expr","locations":[{"start":{"line":190,"column":22},"end":{"line":190,"column":47}},{"start":{"line":190,"column":51},"end":{"line":190,"column":70}}],"line":190},"20":{"loc":{"start":{"line":191,"column":22},"end":{"line":193,"column":23}},"type":"binary-expr","locations":[{"start":{"line":191,"column":22},"end":{"line":191,"column":52}},{"start":{"line":191,"column":56},"end":{"line":193,"column":23}}],"line":191},"21":{"loc":{"start":{"line":194,"column":22},"end":{"line":196,"column":23}},"type":"binary-expr","locations":[{"start":{"line":194,"column":22},"end":{"line":194,"column":48}},{"start":{"line":194,"column":52},"end":{"line":196,"column":23}}],"line":194},"22":{"loc":{"start":{"line":197,"column":22},"end":{"line":201,"column":23}},"type":"binary-expr","locations":[{"start":{"line":197,"column":22},"end":{"line":197,"column":47}},{"start":{"line":197,"column":51},"end":{"line":201,"column":23}}],"line":197},"23":{"loc":{"start":{"line":202,"column":22},"end":{"line":202,"column":53}},"type":"binary-expr","locations":[{"start":{"line":202,"column":22},"end":{"line":202,"column":30}},{"start":{"line":202,"column":34},"end":{"line":202,"column":53}}],"line":202},"24":{"loc":{"start":{"line":210,"column":24},"end":{"line":212,"column":48}},"type":"cond-expr","locations":[{"start":{"line":211,"column":28},"end":{"line":211,"column":50}},{"start":{"line":212,"column":28},"end":{"line":212,"column":48}}],"line":210}},"s":{"0":1,"1":18,"2":18,"3":18,"4":18,"5":7,"6":6,"7":6,"8":5,"9":4,"10":2,"11":7,"12":18,"13":18,"14":19,"15":18,"16":18,"17":8,"18":10,"19":18,"20":12,"21":12,"22":12,"23":12,"24":18,"25":3,"26":18,"27":4,"28":1},"f":{"0":18,"1":7,"2":18,"3":19,"4":12,"5":3,"6":18,"7":4},"b":{"0":[5],"1":[18,0],"2":[6,1],"3":[4,1],"4":[18,0],"5":[8,10],"6":[12,0],"7":[12,0],"8":[18,0],"9":[18,18],"10":[18,18],"11":[18,18],"12":[18,8],"13":[8,8],"14":[5,13],"15":[5,5],"16":[5,8],"17":[2,3],"18":[5,5],"19":[18,8],"20":[18,6],"21":[18,4],"22":[18,8],"23":[18,18],"24":[8,10]},"_coverageSchema":"1a1c01bbd47fc00a2c39e90264f33305004495a9","hash":"2ed5e3a36968f65be3a93314a535398a7cca8337"}
,"/Users/slava/Projects/exquizite-app/components/ui/Button.tsx": {"path":"/Users/slava/Projects/exquizite-app/components/ui/Button.tsx","statementMap":{"0":{"start":{"line":16,"column":26},"end":{"line":16,"column":69}},"1":{"start":{"line":35,"column":16},"end":{"line":35,"column":33}},"2":{"start":{"line":36,"column":21},"end":{"line":36,"column":31}},"3":{"start":{"line":38,"column":24},"end":{"line":40,"column":5}},"4":{"start":{"line":38,"column":48},"end":{"line":40,"column":3}},"5":{"start":{"line":42,"column":24},"end":{"line":44,"column":3}},"6":{"start":{"line":43,"column":4},"end":{"line":43,"column":35}},"7":{"start":{"line":46,"column":25},"end":{"line":48,"column":3}},"8":{"start":{"line":47,"column":4},"end":{"line":47,"column":32}},"9":{"start":{"line":50,"column":29},"end":{"line":59,"column":3}},"10":{"start":{"line":51,"column":4},"end":{"line":55,"column":5}},"11":{"start":{"line":52,"column":6},"end":{"line":52,"column":54}},"12":{"start":{"line":52,"column":33},"end":{"line":52,"column":54}},"13":{"start":{"line":53,"column":6},"end":{"line":53,"column":54}},"14":{"start":{"line":53,"column":35},"end":{"line":53,"column":54}},"15":{"start":{"line":54,"column":6},"end":{"line":54,"column":27}},"16":{"start":{"line":56,"column":4},"end":{"line":56,"column":53}},"17":{"start":{"line":56,"column":31},"end":{"line":56,"column":53}},"18":{"start":{"line":57,"column":4},"end":{"line":57,"column":52}},"19":{"start":{"line":57,"column":33},"end":{"line":57,"column":52}},"20":{"start":{"line":58,"column":4},"end":{"line":58,"column":25}},"21":{"start":{"line":61,"column":25},"end":{"line":66,"column":3}},"22":{"start":{"line":62,"column":4},"end":{"line":62,"column":64}},"23":{"start":{"line":62,"column":43},"end":{"line":62,"column":64}},"24":{"start":{"line":63,"column":4},"end":{"line":63,"column":54}},"25":{"start":{"line":63,"column":33},"end":{"line":63,"column":54}},"26":{"start":{"line":64,"column":4},"end":{"line":64,"column":53}},"27":{"start":{"line":64,"column":31},"end":{"line":64,"column":53}},"28":{"start":{"line":65,"column":4},"end":{"line":65,"column":21}},"29":{"start":{"line":68,"column":23},"end":{"line":74,"column":3}},"30":{"start":{"line":69,"column":4},"end":{"line":69,"column":46}},"31":{"start":{"line":69,"column":18},"end":{"line":69,"column":46}},"32":{"start":{"line":70,"column":4},"end":{"line":70,"column":48}},"33":{"start":{"line":70,"column":31},"end":{"line":70,"column":48}},"34":{"start":{"line":71,"column":4},"end":{"line":71,"column":52}},"35":{"start":{"line":71,"column":33},"end":{"line":71,"column":52}},"36":{"start":{"line":72,"column":4},"end":{"line":72,"column":75}},"37":{"start":{"line":72,"column":53},"end":{"line":72,"column":75}},"38":{"start":{"line":73,"column":4},"end":{"line":73,"column":23}},"39":{"start":{"line":76,"column":2},"end":{"line":98,"column":4}},"40":{"start":{"line":101,"column":15},"end":{"line":117,"column":2}}},"fnMap":{"0":{"name":"Button","decl":{"start":{"line":27,"column":16},"end":{"line":27,"column":22}},"loc":{"start":{"line":34,"column":16},"end":{"line":99,"column":1}},"line":34},"1":{"name":"(anonymous_1)","decl":{"start":{"line":38,"column":41},"end":{"line":38,"column":42}},"loc":{"start":{"line":38,"column":48},"end":{"line":40,"column":3}},"line":38},"2":{"name":"(anonymous_2)","decl":{"start":{"line":42,"column":24},"end":{"line":42,"column":25}},"loc":{"start":{"line":42,"column":30},"end":{"line":44,"column":3}},"line":42},"3":{"name":"(anonymous_3)","decl":{"start":{"line":46,"column":25},"end":{"line":46,"column":26}},"loc":{"start":{"line":46,"column":31},"end":{"line":48,"column":3}},"line":46},"4":{"name":"(anonymous_4)","decl":{"start":{"line":50,"column":29},"end":{"line":50,"column":30}},"loc":{"start":{"line":50,"column":35},"end":{"line":59,"column":3}},"line":50},"5":{"name":"(anonymous_5)","decl":{"start":{"line":61,"column":25},"end":{"line":61,"column":26}},"loc":{"start":{"line":61,"column":31},"end":{"line":66,"column":3}},"line":61},"6":{"name":"(anonymous_6)","decl":{"start":{"line":68,"column":23},"end":{"line":68,"column":24}},"loc":{"start":{"line":68,"column":29},"end":{"line":74,"column":3}},"line":68}},"branchMap":{"0":{"loc":{"start":{"line":30,"column":2},"end":{"line":30,"column":21}},"type":"default-arg","locations":[{"start":{"line":30,"column":12},"end":{"line":30,"column":21}}],"line":30},"1":{"loc":{"start":{"line":31,"column":2},"end":{"line":31,"column":18}},"type":"default-arg","locations":[{"start":{"line":31,"column":13},"end":{"line":31,"column":18}}],"line":31},"2":{"loc":{"start":{"line":51,"column":4},"end":{"line":55,"column":5}},"type":"if","locations":[{"start":{"line":51,"column":4},"end":{"line":55,"column":5}},{"start":{},"end":{}}],"line":51},"3":{"loc":{"start":{"line":52,"column":6},"end":{"line":52,"column":54}},"type":"if","locations":[{"start":{"line":52,"column":6},"end":{"line":52,"column":54}},{"start":{},"end":{}}],"line":52},"4":{"loc":{"start":{"line":53,"column":6},"end":{"line":53,"column":54}},"type":"if","locations":[{"start":{"line":53,"column":6},"end":{"line":53,"column":54}},{"start":{},"end":{}}],"line":53},"5":{"loc":{"start":{"line":56,"column":4},"end":{"line":56,"column":53}},"type":"if","locations":[{"start":{"line":56,"column":4},"end":{"line":56,"column":53}},{"start":{},"end":{}}],"line":56},"6":{"loc":{"start":{"line":57,"column":4},"end":{"line":57,"column":52}},"type":"if","locations":[{"start":{"line":57,"column":4},"end":{"line":57,"column":52}},{"start":{},"end":{}}],"line":57},"7":{"loc":{"start":{"line":62,"column":4},"end":{"line":62,"column":64}},"type":"if","locations":[{"start":{"line":62,"column":4},"end":{"line":62,"column":64}},{"start":{},"end":{}}],"line":62},"8":{"loc":{"start":{"line":62,"column":8},"end":{"line":62,"column":41}},"type":"binary-expr","locations":[{"start":{"line":62,"column":8},"end":{"line":62,"column":16}},{"start":{"line":62,"column":20},"end":{"line":62,"column":41}}],"line":62},"9":{"loc":{"start":{"line":63,"column":4},"end":{"line":63,"column":54}},"type":"if","locations":[{"start":{"line":63,"column":4},"end":{"line":63,"column":54}},{"start":{},"end":{}}],"line":63},"10":{"loc":{"start":{"line":64,"column":4},"end":{"line":64,"column":53}},"type":"if","locations":[{"start":{"line":64,"column":4},"end":{"line":64,"column":53}},{"start":{},"end":{}}],"line":64},"11":{"loc":{"start":{"line":69,"column":4},"end":{"line":69,"column":46}},"type":"if","locations":[{"start":{"line":69,"column":4},"end":{"line":69,"column":46}},{"start":{},"end":{}}],"line":69},"12":{"loc":{"start":{"line":70,"column":4},"end":{"line":70,"column":48}},"type":"if","locations":[{"start":{"line":70,"column":4},"end":{"line":70,"column":48}},{"start":{},"end":{}}],"line":70},"13":{"loc":{"start":{"line":71,"column":4},"end":{"line":71,"column":52}},"type":"if","locations":[{"start":{"line":71,"column":4},"end":{"line":71,"column":52}},{"start":{},"end":{}}],"line":71},"14":{"loc":{"start":{"line":72,"column":4},"end":{"line":72,"column":75}},"type":"if","locations":[{"start":{"line":72,"column":4},"end":{"line":72,"column":75}},{"start":{},"end":{}}],"line":72},"15":{"loc":{"start":{"line":72,"column":8},"end":{"line":72,"column":51}},"type":"binary-expr","locations":[{"start":{"line":72,"column":8},"end":{"line":72,"column":29}},{"start":{"line":72,"column":33},"end":{"line":72,"column":51}}],"line":72},"16":{"loc":{"start":{"line":87,"column":23},"end":{"line":87,"column":79}},"type":"cond-expr","locations":[{"start":{"line":87,"column":74},"end":{"line":87,"column":75}},{"start":{"line":87,"column":78},"end":{"line":87,"column":79}}],"line":87},"17":{"loc":{"start":{"line":87,"column":23},"end":{"line":87,"column":71}},"type":"binary-expr","locations":[{"start":{"line":87,"column":23},"end":{"line":87,"column":46}},{"start":{"line":87,"column":50},"end":{"line":87,"column":71}}],"line":87},"18":{"loc":{"start":{"line":89,"column":8},"end":{"line":89,"column":35}},"type":"binary-expr","locations":[{"start":{"line":89,"column":8},"end":{"line":89,"column":16}},{"start":{"line":89,"column":20},"end":{"line":89,"column":35}}],"line":89}},"s":{"0":1,"1":9,"2":9,"3":9,"4":9,"5":9,"6":0,"7":9,"8":0,"9":9,"10":9,"11":1,"12":1,"13":0,"14":0,"15":0,"16":8,"17":5,"18":3,"19":1,"20":2,"21":9,"22":9,"23":0,"24":9,"25":1,"26":8,"27":1,"28":7,"29":9,"30":9,"31":1,"32":8,"33":5,"34":3,"35":1,"36":2,"37":2,"38":0,"39":9,"40":1},"f":{"0":9,"1":9,"2":0,"3":0,"4":9,"5":9,"6":9},"b":{"0":[6],"1":[8],"2":[1,8],"3":[1,0],"4":[0,0],"5":[5,3],"6":[1,2],"7":[0,9],"8":[9,1],"9":[1,8],"10":[1,7],"11":[1,8],"12":[5,3],"13":[1,2],"14":[2,0],"15":[2,1],"16":[2,7],"17":[9,8],"18":[9,1]},"_coverageSchema":"1a1c01bbd47fc00a2c39e90264f33305004495a9","hash":"b3186ff3dcca88d64157d10df39713d4f0725076"}
,"/Users/slava/Projects/exquizite-app/components/ui/Card.tsx": {"path":"/Users/slava/Projects/exquizite-app/components/ui/Card.tsx","statementMap":{"0":{"start":{"line":13,"column":21},"end":{"line":13,"column":31}},"1":{"start":{"line":15,"column":2},"end":{"line":26,"column":4}},"2":{"start":{"line":29,"column":15},"end":{"line":38,"column":2}}},"fnMap":{"0":{"name":"Card","decl":{"start":{"line":12,"column":16},"end":{"line":12,"column":20}},"loc":{"start":{"line":12,"column":72},"end":{"line":27,"column":1}},"line":12}},"branchMap":{"0":{"loc":{"start":{"line":12,"column":40},"end":{"line":12,"column":57}},"type":"default-arg","locations":[{"start":{"line":12,"column":52},"end":{"line":12,"column":57}}],"line":12},"1":{"loc":{"start":{"line":20,"column":8},"end":{"line":20,"column":37}},"type":"binary-expr","locations":[{"start":{"line":20,"column":8},"end":{"line":20,"column":17}},{"start":{"line":20,"column":21},"end":{"line":20,"column":37}}],"line":20}},"s":{"0":5,"1":5,"2":1},"f":{"0":5},"b":{"0":[3],"1":[5,1]},"_coverageSchema":"1a1c01bbd47fc00a2c39e90264f33305004495a9","hash":"b07569c7a5d72342fc55923d043b61542fd6774d"}
,"/Users/slava/Projects/exquizite-app/components/ui/Input.tsx": {"path":"/Users/slava/Projects/exquizite-app/components/ui/Input.tsx","statementMap":{"0":{"start":{"line":17,"column":21},"end":{"line":17,"column":31}},"1":{"start":{"line":19,"column":2},"end":{"line":41,"column":4}},"2":{"start":{"line":44,"column":15},"end":{"line":64,"column":2}}},"fnMap":{"0":{"name":"Input","decl":{"start":{"line":16,"column":16},"end":{"line":16,"column":21}},"loc":{"start":{"line":16,"column":69},"end":{"line":42,"column":1}},"line":16}},"branchMap":{"0":{"loc":{"start":{"line":21,"column":7},"end":{"line":23,"column":7}},"type":"binary-expr","locations":[{"start":{"line":21,"column":7},"end":{"line":21,"column":12}},{"start":{"line":22,"column":8},"end":{"line":22,"column":75}}],"line":21},"1":{"loc":{"start":{"line":28,"column":25},"end":{"line":28,"column":61}},"type":"cond-expr","locations":[{"start":{"line":28,"column":33},"end":{"line":28,"column":45}},{"start":{"line":28,"column":48},"end":{"line":28,"column":61}}],"line":28},"2":{"loc":{"start":{"line":37,"column":7},"end":{"line":39,"column":7}},"type":"binary-expr","locations":[{"start":{"line":37,"column":7},"end":{"line":37,"column":12}},{"start":{"line":38,"column":8},"end":{"line":38,"column":76}}],"line":37}},"s":{"0":8,"1":8,"2":1},"f":{"0":8},"b":{"0":[8,2],"1":[2,6],"2":[8,2]},"_coverageSchema":"1a1c01bbd47fc00a2c39e90264f33305004495a9","hash":"5f6c6204ef2523518ee47cc4a12f2aa14de5e4a9"}
,"/Users/slava/Projects/exquizite-app/components/ui/LanguageBadge.tsx": {"path":"/Users/slava/Projects/exquizite-app/components/ui/LanguageBadge.tsx","statementMap":{"0":{"start":{"line":19,"column":21},"end":{"line":19,"column":31}},"1":{"start":{"line":21,"column":21},"end":{"line":21,"column":77}},"2":{"start":{"line":21,"column":51},"end":{"line":21,"column":76}},"3":{"start":{"line":22,"column":21},"end":{"line":22,"column":77}},"4":{"start":{"line":22,"column":51},"end":{"line":22,"column":76}},"5":{"start":{"line":24,"column":2},"end":{"line":26,"column":3}},"6":{"start":{"line":25,"column":4},"end":{"line":25,"column":16}},"7":{"start":{"line":28,"column":18},"end":{"line":28,"column":34}},"8":{"start":{"line":31,"column":2},"end":{"line":69,"column":3}},"9":{"start":{"line":32,"column":4},"end":{"line":68,"column":6}},"10":{"start":{"line":72,"column":2},"end":{"line":127,"column":4}},"11":{"start":{"line":130,"column":15},"end":{"line":211,"column":2}}},"fnMap":{"0":{"name":"LanguageBadge","decl":{"start":{"line":13,"column":16},"end":{"line":13,"column":29}},"loc":{"start":{"line":18,"column":23},"end":{"line":128,"column":1}},"line":18},"1":{"name":"(anonymous_1)","decl":{"start":{"line":21,"column":46},"end":{"line":21,"column":47}},"loc":{"start":{"line":21,"column":51},"end":{"line":21,"column":76}},"line":21},"2":{"name":"(anonymous_2)","decl":{"start":{"line":22,"column":46},"end":{"line":22,"column":47}},"loc":{"start":{"line":22,"column":51},"end":{"line":22,"column":76}},"line":22}},"branchMap":{"0":{"loc":{"start":{"line":16,"column":2},"end":{"line":16,"column":17}},"type":"default-arg","locations":[{"start":{"line":16,"column":9},"end":{"line":16,"column":17}}],"line":16},"1":{"loc":{"start":{"line":17,"column":2},"end":{"line":17,"column":17}},"type":"default-arg","locations":[{"start":{"line":17,"column":12},"end":{"line":17,"column":17}}],"line":17},"2":{"loc":{"start":{"line":24,"column":2},"end":{"line":26,"column":3}},"type":"if","locations":[{"start":{"line":24,"column":2},"end":{"line":26,"column":3}},{"start":{},"end":{}}],"line":24},"3":{"loc":{"start":{"line":24,"column":6},"end":{"line":24,"column":32}},"type":"binary-expr","locations":[{"start":{"line":24,"column":6},"end":{"line":24,"column":17}},{"start":{"line":24,"column":21},"end":{"line":24,"column":32}}],"line":24},"4":{"loc":{"start":{"line":31,"column":2},"end":{"line":69,"column":3}},"type":"if","locations":[{"start":{"line":31,"column":2},"end":{"line":69,"column":3}},{"start":{},"end":{}}],"line":31},"5":{"loc":{"start":{"line":42,"column":9},"end":{"line":52,"column":9}},"type":"cond-expr","locations":[{"start":{"line":43,"column":10},"end":{"line":47,"column":17}},{"start":{"line":49,"column":10},"end":{"line":51,"column":17}}],"line":42},"6":{"loc":{"start":{"line":56,"column":9},"end":{"line":66,"column":9}},"type":"cond-expr","locations":[{"start":{"line":57,"column":10},"end":{"line":61,"column":17}},{"start":{"line":63,"column":10},"end":{"line":65,"column":17}}],"line":56},"7":{"loc":{"start":{"line":80,"column":8},"end":{"line":80,"column":40}},"type":"binary-expr","locations":[{"start":{"line":80,"column":8},"end":{"line":80,"column":15}},{"start":{"line":80,"column":19},"end":{"line":80,"column":40}}],"line":80},"8":{"loc":{"start":{"line":83,"column":7},"end":{"line":93,"column":7}},"type":"cond-expr","locations":[{"start":{"line":84,"column":8},"end":{"line":88,"column":15}},{"start":{"line":90,"column":8},"end":{"line":92,"column":15}}],"line":83},"9":{"loc":{"start":{"line":90,"column":21},"end":{"line":90,"column":61}},"type":"cond-expr","locations":[{"start":{"line":90,"column":31},"end":{"line":90,"column":47}},{"start":{"line":90,"column":50},"end":{"line":90,"column":61}}],"line":90},"10":{"loc":{"start":{"line":98,"column":10},"end":{"line":98,"column":37}},"type":"binary-expr","locations":[{"start":{"line":98,"column":10},"end":{"line":98,"column":17}},{"start":{"line":98,"column":21},"end":{"line":98,"column":37}}],"line":98},"11":{"loc":{"start":{"line":106,"column":7},"end":{"line":116,"column":7}},"type":"cond-expr","locations":[{"start":{"line":107,"column":8},"end":{"line":111,"column":15}},{"start":{"line":113,"column":8},"end":{"line":115,"column":15}}],"line":106},"12":{"loc":{"start":{"line":113,"column":21},"end":{"line":113,"column":61}},"type":"cond-expr","locations":[{"start":{"line":113,"column":31},"end":{"line":113,"column":47}},{"start":{"line":113,"column":50},"end":{"line":113,"column":61}}],"line":113},"13":{"loc":{"start":{"line":121,"column":10},"end":{"line":121,"column":37}},"type":"binary-expr","locations":[{"start":{"line":121,"column":10},"end":{"line":121,"column":17}},{"start":{"line":121,"column":21},"end":{"line":121,"column":37}}],"line":121}},"s":{"0":7,"1":7,"2":16,"3":7,"4":13,"5":7,"6":2,"7":5,"8":5,"9":1,"10":4,"11":1},"f":{"0":7,"1":16,"2":13},"b":{"0":[5],"1":[6],"2":[2,5],"3":[7,6],"4":[1,4],"5":[0,1],"6":[0,1],"7":[4,1],"8":[0,4],"9":[1,3],"10":[4,1],"11":[0,4],"12":[1,3],"13":[4,1]},"_coverageSchema":"1a1c01bbd47fc00a2c39e90264f33305004495a9","hash":"4b351caebb58ef29d790021795f42c288ebe95e0"}
,"/Users/slava/Projects/exquizite-app/contexts/AuthContext.tsx": {"path":"/Users/slava/Projects/exquizite-app/contexts/AuthContext.tsx","statementMap":{"0":{"start":{"line":28,"column":20},"end":{"line":28,"column":73}},"1":{"start":{"line":31,"column":26},"end":{"line":31,"column":53}},"2":{"start":{"line":32,"column":36},"end":{"line":32,"column":50}},"3":{"start":{"line":34,"column":2},"end":{"line":91,"column":9}},"4":{"start":{"line":36,"column":4},"end":{"line":36,"column":19}},"5":{"start":{"line":39,"column":35},"end":{"line":74,"column":5}},"6":{"start":{"line":41,"column":8},"end":{"line":41,"column":69}},"7":{"start":{"line":44,"column":8},"end":{"line":46,"column":9}},"8":{"start":{"line":45,"column":10},"end":{"line":45,"column":56}},"9":{"start":{"line":48,"column":8},"end":{"line":59,"column":9}},"10":{"start":{"line":49,"column":10},"end":{"line":49,"column":44}},"11":{"start":{"line":51,"column":28},"end":{"line":51,"column":61}},"12":{"start":{"line":52,"column":10},"end":{"line":57,"column":11}},"13":{"start":{"line":53,"column":12},"end":{"line":53,"column":77}},"14":{"start":{"line":54,"column":12},"end":{"line":54,"column":31}},"15":{"start":{"line":56,"column":12},"end":{"line":56,"column":26}},"16":{"start":{"line":58,"column":10},"end":{"line":58,"column":17}},"17":{"start":{"line":61,"column":8},"end":{"line":72,"column":9}},"18":{"start":{"line":62,"column":10},"end":{"line":62,"column":49}},"19":{"start":{"line":65,"column":28},"end":{"line":65,"column":61}},"20":{"start":{"line":66,"column":10},"end":{"line":71,"column":11}},"21":{"start":{"line":67,"column":12},"end":{"line":67,"column":77}},"22":{"start":{"line":68,"column":12},"end":{"line":68,"column":31}},"23":{"start":{"line":70,"column":12},"end":{"line":70,"column":26}},"24":{"start":{"line":77,"column":33},"end":{"line":85,"column":5}},"25":{"start":{"line":80,"column":8},"end":{"line":83,"column":9}},"26":{"start":{"line":81,"column":10},"end":{"line":81,"column":66}},"27":{"start":{"line":82,"column":10},"end":{"line":82,"column":30}},"28":{"start":{"line":87,"column":4},"end":{"line":90,"column":6}},"29":{"start":{"line":88,"column":6},"end":{"line":88,"column":47}},"30":{"start":{"line":89,"column":6},"end":{"line":89,"column":36}},"31":{"start":{"line":93,"column":23},"end":{"line":155,"column":3}},"32":{"start":{"line":94,"column":4},"end":{"line":154,"column":5}},"33":{"start":{"line":99,"column":10},"end":{"line":99,"column":42}},"34":{"start":{"line":102,"column":6},"end":{"line":126,"column":7}},"35":{"start":{"line":103,"column":8},"end":{"line":103,"column":81}},"36":{"start":{"line":105,"column":10},"end":{"line":105,"column":46}},"37":{"start":{"line":107,"column":8},"end":{"line":119,"column":9}},"38":{"start":{"line":108,"column":10},"end":{"line":108,"column":77}},"39":{"start":{"line":110,"column":10},"end":{"line":110,"column":40}},"40":{"start":{"line":111,"column":28},"end":{"line":111,"column":61}},"41":{"start":{"line":112,"column":10},"end":{"line":117,"column":11}},"42":{"start":{"line":113,"column":12},"end":{"line":113,"column":77}},"43":{"start":{"line":114,"column":12},"end":{"line":114,"column":31}},"44":{"start":{"line":116,"column":12},"end":{"line":116,"column":26}},"45":{"start":{"line":118,"column":10},"end":{"line":118,"column":17}},"46":{"start":{"line":122,"column":8},"end":{"line":124,"column":9}},"47":{"start":{"line":123,"column":10},"end":{"line":123,"column":58}},"48":{"start":{"line":125,"column":8},"end":{"line":125,"column":15}},"49":{"start":{"line":128,"column":6},"end":{"line":139,"column":7}},"50":{"start":{"line":129,"column":8},"end":{"line":129,"column":47}},"51":{"start":{"line":132,"column":26},"end":{"line":132,"column":59}},"52":{"start":{"line":133,"column":8},"end":{"line":138,"column":9}},"53":{"start":{"line":134,"column":10},"end":{"line":134,"column":75}},"54":{"start":{"line":135,"column":10},"end":{"line":135,"column":29}},"55":{"start":{"line":137,"column":10},"end":{"line":137,"column":24}},"56":{"start":{"line":141,"column":6},"end":{"line":141,"column":54}},"57":{"start":{"line":143,"column":24},"end":{"line":143,"column":57}},"58":{"start":{"line":144,"column":6},"end":{"line":149,"column":7}},"59":{"start":{"line":145,"column":8},"end":{"line":145,"column":85}},"60":{"start":{"line":146,"column":8},"end":{"line":146,"column":27}},"61":{"start":{"line":148,"column":8},"end":{"line":148,"column":22}},"62":{"start":{"line":151,"column":6},"end":{"line":153,"column":7}},"63":{"start":{"line":152,"column":8},"end":{"line":152,"column":28}},"64":{"start":{"line":157,"column":26},"end":{"line":217,"column":3}},"65":{"start":{"line":158,"column":4},"end":{"line":216,"column":5}},"66":{"start":{"line":160,"column":39},"end":{"line":166,"column":8}},"67":{"start":{"line":161,"column":8},"end":{"line":165,"column":20}},"68":{"start":{"line":168,"column":6},"end":{"line":196,"column":7}},"69":{"start":{"line":171,"column":10},"end":{"line":174,"column":35}},"70":{"start":{"line":176,"column":8},"end":{"line":181,"column":9}},"71":{"start":{"line":177,"column":10},"end":{"line":177,"column":73}},"72":{"start":{"line":178,"column":10},"end":{"line":178,"column":40}},"73":{"start":{"line":179,"column":10},"end":{"line":179,"column":24}},"74":{"start":{"line":180,"column":10},"end":{"line":180,"column":17}},"75":{"start":{"line":184,"column":8},"end":{"line":190,"column":9}},"76":{"start":{"line":185,"column":10},"end":{"line":187,"column":12}},"77":{"start":{"line":188,"column":10},"end":{"line":188,"column":65}},"78":{"start":{"line":188,"column":39},"end":{"line":188,"column":63}},"79":{"start":{"line":189,"column":10},"end":{"line":189,"column":54}},"80":{"start":{"line":192,"column":8},"end":{"line":192,"column":81}},"81":{"start":{"line":193,"column":8},"end":{"line":193,"column":38}},"82":{"start":{"line":194,"column":8},"end":{"line":194,"column":22}},"83":{"start":{"line":195,"column":8},"end":{"line":195,"column":15}},"84":{"start":{"line":198,"column":6},"end":{"line":211,"column":7}},"85":{"start":{"line":199,"column":8},"end":{"line":199,"column":68}},"86":{"start":{"line":200,"column":8},"end":{"line":206,"column":11}},"87":{"start":{"line":208,"column":8},"end":{"line":208,"column":60}},"88":{"start":{"line":209,"column":8},"end":{"line":209,"column":38}},"89":{"start":{"line":210,"column":8},"end":{"line":210,"column":22}},"90":{"start":{"line":213,"column":6},"end":{"line":213,"column":69}},"91":{"start":{"line":214,"column":6},"end":{"line":214,"column":36}},"92":{"start":{"line":215,"column":6},"end":{"line":215,"column":20}},"93":{"start":{"line":219,"column":26},"end":{"line":232,"column":3}},"94":{"start":{"line":220,"column":4},"end":{"line":231,"column":5}},"95":{"start":{"line":221,"column":30},"end":{"line":224,"column":8}},"96":{"start":{"line":226,"column":6},"end":{"line":226,"column":29}},"97":{"start":{"line":226,"column":17},"end":{"line":226,"column":29}},"98":{"start":{"line":229,"column":6},"end":{"line":229,"column":59}},"99":{"start":{"line":230,"column":6},"end":{"line":230,"column":60}},"100":{"start":{"line":234,"column":26},"end":{"line":263,"column":3}},"101":{"start":{"line":239,"column":4},"end":{"line":262,"column":5}},"102":{"start":{"line":240,"column":30},"end":{"line":249,"column":8}},"103":{"start":{"line":251,"column":6},"end":{"line":251,"column":29}},"104":{"start":{"line":251,"column":17},"end":{"line":251,"column":29}},"105":{"start":{"line":254,"column":6},"end":{"line":256,"column":7}},"106":{"start":{"line":255,"column":8},"end":{"line":255,"column":75}},"107":{"start":{"line":260,"column":6},"end":{"line":260,"column":59}},"108":{"start":{"line":261,"column":6},"end":{"line":261,"column":60}},"109":{"start":{"line":265,"column":24},"end":{"line":283,"column":3}},"110":{"start":{"line":266,"column":4},"end":{"line":282,"column":5}},"111":{"start":{"line":267,"column":6},"end":{"line":267,"column":65}},"112":{"start":{"line":270,"column":24},"end":{"line":270,"column":75}},"113":{"start":{"line":272,"column":6},"end":{"line":276,"column":9}},"114":{"start":{"line":278,"column":6},"end":{"line":278,"column":25}},"115":{"start":{"line":280,"column":6},"end":{"line":280,"column":59}},"116":{"start":{"line":281,"column":6},"end":{"line":281,"column":70}},"117":{"start":{"line":285,"column":24},"end":{"line":296,"column":3}},"118":{"start":{"line":286,"column":4},"end":{"line":295,"column":5}},"119":{"start":{"line":287,"column":24},"end":{"line":289,"column":8}},"120":{"start":{"line":291,"column":6},"end":{"line":291,"column":29}},"121":{"start":{"line":291,"column":17},"end":{"line":291,"column":29}},"122":{"start":{"line":293,"column":6},"end":{"line":293,"column":56}},"123":{"start":{"line":294,"column":6},"end":
[...]
olumn":8},"end":{"line":14,"column":41}},"4":{"start":{"line":16,"column":6},"end":{"line":16,"column":18}},"5":{"start":{"line":19,"column":6},"end":{"line":19,"column":49}},"6":{"start":{"line":24,"column":4},"end":{"line":31,"column":5}},"7":{"start":{"line":25,"column":6},"end":{"line":27,"column":7}},"8":{"start":{"line":26,"column":8},"end":{"line":26,"column":41}},"9":{"start":{"line":30,"column":6},"end":{"line":30,"column":49}},"10":{"start":{"line":35,"column":4},"end":{"line":42,"column":5}},"11":{"start":{"line":36,"column":6},"end":{"line":38,"column":7}},"12":{"start":{"line":37,"column":8},"end":{"line":37,"column":37}},"13":{"start":{"line":41,"column":6},"end":{"line":41,"column":45}}},"fnMap":{"0":{"name":"(anonymous_0)","decl":{"start":{"line":11,"column":11},"end":{"line":11,"column":12}},"loc":{"start":{"line":11,"column":58},"end":{"line":21,"column":3}},"line":11},"1":{"name":"(anonymous_1)","decl":{"start":{"line":23,"column":11},"end":{"line":23,"column":12}},"loc":{"start":{"line":23,"column":64},"end":{"line":32,"column":3}},"line":23},"2":{"name":"(anonymous_2)","decl":{"start":{"line":34,"column":14},"end":{"line":34,"column":15}},"loc":{"start":{"line":34,"column":52},"end":{"line":43,"column":3}},"line":34}},"branchMap":{"0":{"loc":{"start":{"line":12,"column":4},"end":{"line":20,"column":5}},"type":"if","locations":[{"start":{"line":12,"column":4},"end":{"line":20,"column":5}},{"start":{"line":17,"column":11},"end":{"line":20,"column":5}}],"line":12},"1":{"loc":{"start":{"line":13,"column":6},"end":{"line":15,"column":7}},"type":"if","locations":[{"start":{"line":13,"column":6},"end":{"line":15,"column":7}},{"start":{},"end":{}}],"line":13},"2":{"loc":{"start":{"line":24,"column":4},"end":{"line":31,"column":5}},"type":"if","locations":[{"start":{"line":24,"column":4},"end":{"line":31,"column":5}},{"start":{"line":28,"column":11},"end":{"line":31,"column":5}}],"line":24},"3":{"loc":{"start":{"line":25,"column":6},"end":{"line":27,"column":7}},"type":"if","locations":[{"start":{"line":25,"column":6},"end":{"line":27,"column":7}},{"start":{},"end":{}}],"line":25},"4":{"loc":{"start":{"line":35,"column":4},"end":{"line":42,"column":5}},"type":"if","locations":[{"start":{"line":35,"column":4},"end":{"line":42,"column":5}},{"start":{"line":39,"column":11},"end":{"line":42,"column":5}}],"line":35},"5":{"loc":{"start":{"line":36,"column":6},"end":{"line":38,"column":7}},"type":"if","locations":[{"start":{"line":36,"column":6},"end":{"line":38,"column":7}},{"start":{},"end":{}}],"line":36}},"s":{"0":1,"1":0,"2":0,"3":0,"4":0,"5":0,"6":0,"7":0,"8":0,"9":0,"10":0,"11":0,"12":0,"13":0},"f":{"0":0,"1":0,"2":0},"b":{"0":[0,0],"1":[0,0],"2":[0,0],"3":[0,0],"4":[0,0],"5":[0,0]},"_coverageSchema":"1a1c01bbd47fc00a2c39e90264f33305004495a9","hash":"3bbfee5b0a4c72c5249a816c98df41e00bd13ac0"}
,"/Users/slava/Projects/exquizite-app/lib/supabase.ts": {"path":"/Users/slava/Projects/exquizite-app/lib/supabase.ts","statementMap":{"0":{"start":{"line":7,"column":24},"end":{"line":29,"column":1}},"1":{"start":{"line":33,"column":2},"end":{"line":83,"column":3}},"2":{"start":{"line":37,"column":8},"end":{"line":37,"column":40}},"3":{"start":{"line":40,"column":4},"end":{"line":54,"column":5}},"4":{"start":{"line":41,"column":6},"end":{"line":41,"column":61}},"5":{"start":{"line":45,"column":10},"end":{"line":45,"column":46}},"6":{"start":{"line":47,"column":6},"end":{"line":50,"column":7}},"7":{"start":{"line":48,"column":8},"end":{"line":48,"column":72}},"8":{"start":{"line":49,"column":8},"end":{"line":49,"column":21}},"9":{"start":{"line":52,"column":6},"end":{"line":52,"column":54}},"10":{"start":{"line":53,"column":6},"end":{"line":53,"column":18}},"11":{"start":{"line":57,"column":4},"end":{"line":77,"column":5}},"12":{"start":{"line":58,"column":24},"end":{"line":58,"column":49}},"13":{"start":{"line":59,"column":18},"end":{"line":59,"column":28}},"14":{"start":{"line":60,"column":26},"end":{"line":60,"column":39}},"15":{"start":{"line":62,"column":6},"end":{"line":76,"column":7}},"16":{"start":{"line":63,"column":8},"end":{"line":63,"column":58}},"17":{"start":{"line":67,"column":12},"end":{"line":67,"column":48}},"18":{"start":{"line":69,"column":8},"end":{"line":72,"column":9}},"19":{"start":{"line":70,"column":10},"end":{"line":70,"column":76}},"20":{"start":{"line":71,"column":10},"end":{"line":71,"column":23}},"21":{"start":{"line":74,"column":8},"end":{"line":74,"column":55}},"22":{"start":{"line":75,"column":8},"end":{"line":75,"column":20}},"23":{"start":{"line":79,"column":4},"end":{"line":79,"column":16}},"24":{"start":{"line":81,"column":4},"end":{"line":81,"column":54}},"25":{"start":{"line":82,"column":4},"end":{"line":82,"column":17}},"26":{"start":{"line":94,"column":2},"end":{"line":122,"column":3}},"27":{"start":{"line":94,"column":21},"end":{"line":94,"column":22}},"28":{"start":{"line":95,"column":4},"end":{"line":121,"column":5}},"29":{"start":{"line":96,"column":6},"end":{"line":96,"column":31}},"30":{"start":{"line":98,"column":6},"end":{"line":98,"column":24}},"31":{"start":{"line":100,"column":8},"end":{"line":108,"column":38}},"32":{"start":{"line":111,"column":6},"end":{"line":117,"column":7}},"33":{"start":{"line":112,"column":8},"end":{"line":114,"column":10}},"34":{"start":{"line":115,"column":8},"end":{"line":115,"column":67}},"35":{"start":{"line":115,"column":37},"end":{"line":115,"column":65}},"36":{"start":{"line":116,"column":8},"end":{"line":116,"column":17}},"37":{"start":{"line":120,"column":6},"end":{"line":120,"column":18}},"38":{"start":{"line":124,"column":2},"end":{"line":124,"column":18}}},"fnMap":{"0":{"name":"ensureValidSession","decl":{"start":{"line":32,"column":22},"end":{"line":32,"column":40}},"loc":{"start":{"line":32,"column":61},"end":{"line":84,"column":1}},"line":32},"1":{"name":"retryOperation","decl":{"start":{"line":87,"column":22},"end":{"line":87,"column":36}},"loc":{"start":{"line":91,"column":14},"end":{"line":125,"column":1}},"line":91},"2":{"name":"(anonymous_2)","decl":{"start":{"line":115,"column":26},"end":{"line":115,"column":27}},"loc":{"start":{"line":115,"column":37},"end":{"line":115,"column":65}},"line":115}},"branchMap":{"0":{"loc":{"start":{"line":40,"column":4},"end":{"line":54,"column":5}},"type":"if","locations":[{"start":{"line":40,"column":4},"end":{"line":54,"column":5}},{"start":{},"end":{}}],"line":40},"1":{"loc":{"start":{"line":40,"column":8},"end":{"line":40,"column":25}},"type":"binary-expr","locations":[{"start":{"line":40,"column":8},"end":{"line":40,"column":13}},{"start":{"line":40,"column":17},"end":{"line":40,"column":25}}],"line":40},"2":{"loc":{"start":{"line":47,"column":6},"end":{"line":50,"column":7}},"type":"if","locations":[{"start":{"line":47,"column":6},"end":{"line":50,"column":7}},{"start":{},"end":{}}],"line":47},"3":{"loc":{"start":{"line":47,"column":10},"end":{"line":47,"column":43}},"type":"binary-expr","locations":[{"start":{"line":47,"column":10},"end":{"line":47,"column":22}},{"start":{"line":47,"column":26},"end":{"line":47,"column":43}}],"line":47},"4":{"loc":{"start":{"line":57,"column":4},"end":{"line":77,"column":5}},"type":"if","locations":[{"start":{"line":57,"column":4},"end":{"line":77,"column":5}},{"start":{},"end":{}}],"line":57},"5":{"loc":{"start":{"line":62,"column":6},"end":{"line":76,"column":7}},"type":"if","locations":[{"start":{"line":62,"column":6},"end":{"line":76,"column":7}},{"start":{},"end":{}}],"line":62},"6":{"loc":{"start":{"line":69,"column":8},"end":{"line":72,"column":9}},"type":"if","locations":[{"start":{"line":69,"column":8},"end":{"line":72,"column":9}},{"start":{},"end":{}}],"line":69},"7":{"loc":{"start":{"line":69,"column":12},"end":{"line":69,"column":45}},"type":"binary-expr","locations":[{"start":{"line":69,"column":12},"end":{"line":69,"column":24}},{"start":{"line":69,"column":28},"end":{"line":69,"column":45}}],"line":69},"8":{"loc":{"start":{"line":89,"column":2},"end":{"line":89,"column":24}},"type":"default-arg","locations":[{"start":{"line":89,"column":23},"end":{"line":89,"column":24}}],"line":89},"9":{"loc":{"start":{"line":90,"column":2},"end":{"line":90,"column":24}},"type":"default-arg","locations":[{"start":{"line":90,"column":20},"end":{"line":90,"column":24}}],"line":90},"10":{"loc":{"start":{"line":100,"column":8},"end":{"line":108,"column":38}},"type":"binary-expr","locations":[{"start":{"line":100,"column":8},"end":{"line":100,"column":58}},{"start":{"line":101,"column":8},"end":{"line":101,"column":51}},{"start":{"line":102,"column":8},"end":{"line":102,"column":43}},{"start":{"line":103,"column":8},"end":{"line":103,"column":45}},{"start":{"line":104,"column":8},"end":{"line":104,"column":48}},{"start":{"line":105,"column":8},"end":{"line":105,"column":45}},{"start":{"line":106,"column":8},"end":{"line":106,"column":39}},{"start":{"line":107,"column":8},"end":{"line":107,"column":35}},{"start":{"line":108,"column":8},"end":{"line":108,"column":38}}],"line":100},"11":{"loc":{"start":{"line":111,"column":6},"end":{"line":117,"column":7}},"type":"if","locations":[{"start":{"line":111,"column":6},"end":{"line":117,"column":7}},{"start":{},"end":{}}],"line":111},"12":{"loc":{"start":{"line":111,"column":10},"end":{"line":111,"column":48}},"type":"binary-expr","locations":[{"start":{"line":111,"column":10},"end":{"line":111,"column":24}},{"start":{"line":111,"column":28},"end":{"line":111,"column":48}}],"line":111}},"s":{"0":1,"1":0,"2":0,"3":0,"4":0,"5":0,"6":0,"7":0,"8":0,"9":0,"10":0,"11":0,"12":0,"13":0,"14":0,"15":0,"16":0,"17":0,"18":0,"19":0,"20":0,"21":0,"22":0,"23":0,"24":0,"25":0,"26":10,"27":10,"28":19,"29":19,"30":13,"31":13,"32":13,"33":9,"34":9,"35":9,"36":9,"37":4,"38":0},"f":{"0":0,"1":10,"2":9},"b":{"0":[0,0],"1":[0,0],"2":[0,0],"3":[0,0],"4":[0,0],"5":[0,0],"6":[0,0],"7":[0,0],"8":[6],"9":[6],"10":[13,4,3,3,3,3,3,2,2],"11":[9,4],"12":[13,11]},"_coverageSchema":"1a1c01bbd47fc00a2c39e90264f33305004495a9","hash":"205db0b0ea2ca337bb5a23368e3ea42cfb2b68b6"}
,"/Users/slava/Projects/exquizite-app/lib/web-share.ts": {"path":"/Users/slava/Projects/exquizite-app/lib/web-share.ts","statementMap":{"0":{"start":{"line":21,"column":30},"end":{"line":23,"column":1}},"1":{"start":{"line":22,"column":2},"end":{"line":22,"column":75}},"2":{"start":{"line":28,"column":31},"end":{"line":34,"column":1}},"3":{"start":{"line":29,"column":2},"end":{"line":33,"column":4}},"4":{"start":{"line":40,"column":30},"end":{"line":57,"column":1}},"5":{"start":{"line":41,"column":2},"end":{"line":43,"column":3}},"6":{"start":{"line":42,"column":4},"end":{"line":42,"column":17}},"7":{"start":{"line":45,"column":2},"end":{"line":56,"column":3}},"8":{"start":{"line":46,"column":4},"end":{"line":46,"column":32}},"9":{"start":{"line":47,"column":4},"end":{"line":47,"column":16}},"10":{"start":{"line":50,"column":4},"end":{"line":52,"column":5}},"11":{"start":{"line":51,"column":6},"end":{"line":51,"column":19}},"12":{"start":{"line":54,"column":4},"end":{"line":54,"column":49}},"13":{"start":{"line":55,"column":4},"end":{"line":55,"column":17}},"14":{"start":{"line":62,"column":32},"end":{"line":86,"column":1}},"15":{"start":{"line":63,"column":2},"end":{"line":65,"column":3}},"16":{"start":{"line":64,"column":4},"end":{"line":64,"column":17}},"17":{"start":{"line":67,"column":19},"end":{"line":67,"column":53}},"18":{"start":{"line":68,"column":2},"end":{"line":68,"column":24}},"19":{"start":{"line":69,"column":2},"end":{"line":69,"column":36}},"20":{"start":{"line":70,"column":2},"end":{"line":70,"column":36}},"21":{"start":{"line":71,"column":2},"end":{"line":71,"column":35}},"22":{"start":{"line":73,"column":2},"end":{"line":73,"column":38}},"23":{"start":{"line":74,"column":2},"end":{"line":74,"column":19}},"24":{"start":{"line":75,"column":2},"end":{"line":75,"column":20}},"25":{"start":{"line":77,"column":2},"end":{"line":85,"column":3}},"26":{"start":{"line":78,"column":23},"end":{"line":78,"column":51}},"27":{"start":{"line":79,"column":4},"end":{"line":79,"column":40}},"28":{"start":{"line":80,"column":4},"end":{"line":80,"column":22}},"29":{"start":{"line":82,"column":4},"end":{"line":82,"column":48}},"30":{"start":{"line":83,"column":4},"end":{"line":83,"column":40}},"31":{"start":{"line":84,"column":4},"end":{"line":84,"column":17}},"32":{"start":{"line":92,"column":31},"end":{"line":106,"column":1}},"33":{"start":{"line":94,"column":2},"end":{"line":102,"column":3}},"34":{"start":{"line":95,"column":4},"end":{"line":101,"column":5}},"35":{"start":{"line":96,"column":6},"end":{"line":96,"column":48}},"36":{"start":{"line":97,"column":6},"end":{"line":97,"column":18}},"37":{"start":{"line":99,"column":6},"end":{"line":99,"column":51}},"38":{"start":{"line":105,"column":2},"end":{"line":105,"column":39}},"39":{"start":{"line":111,"column":34},"end":{"line":126,"column":1}},"40":{"start":{"line":116,"column":21},"end":{"line":116,"column":44}},"41":{"start":{"line":117,"column":23},"end":{"line":117,"column":48}},"42":{"start":{"line":118,"column":29},"end":{"line":118,"column":60}},"43":{"start":{"line":120,"column":2},"end":{"line":125,"column":4}},"44":{"start":{"line":132,"column":28},"end":{"line":136,"column":1}},"45":{"start":{"line":133,"column":2},"end":{"line":135,"column":3}},"46":{"start":{"line":134,"column":4},"end":{"line":134,"column":54}}},"fnMap":{"0":{"name":"(anonymous_0)","decl":{"start":{"line":21,"column":30},"end":{"line":21,"column":31}},"loc":{"start":{"line":21,"column":45},"end":{"line":23,"column":1}},"line":21},"1":{"name":"(anonymous_1)","decl":{"start":{"line":28,"column":31},"end":{"line":28,"column":32}},"loc":{"start":{"line":28,"column":46},"end":{"line":34,"column":1}},"line":28},"2":{"name":"(anonymous_2)","decl":{"start":{"line":40,"column":30},"end":{"line":40,"column":31}},"loc":{"start":{"line":40,"column":75},"end":{"line":57,"column":1}},"line":40},"3":{"name":"(anonymous_3)","decl":{"start":{"line":62,"column":32},"end":{"line":62,"column":33}},"loc":{"start":{"line":62,"column":59},"end":{"line":86,"column":1}},"line":62},"4":{"name":"(anonymous_4)","decl":{"start":{"line":92,"column":31},"end":{"line":92,"column":32}},"loc":{"start":{"line":92,"column":73},"end":{"line":106,"column":1}},"line":92},"5":{"name":"(anonymous_5)","decl":{"start":{"line":111,"column":34},"end":{"line":111,"column":35}},"loc":{"start":{"line":115,"column":37},"end":{"line":126,"column":1}},"line":115},"6":{"name":"(anonymous_6)","decl":{"start":{"line":132,"column":28},"end":{"line":132,"column":29}},"loc":{"start":{"line":132,"column":51},"end":{"line":136,"column":1}},"line":132}},"branchMap":{"0":{"loc":{"start":{"line":22,"column":9},"end":{"line":22,"column":74}},"type":"binary-expr","locations":[{"start":{"line":22,"column":9},"end":{"line":22,"column":41}},{"start":{"line":22,"column":45},"end":{"line":22,"column":74}}],"line":22},"1":{"loc":{"start":{"line":30,"column":4},"end":{"line":32,"column":47}},"type":"binary-expr","locations":[{"start":{"line":30,"column":4},"end":{"line":30,"column":36}},{"start":{"line":31,"column":4},"end":{"line":31,"column":37}},{"start":{"line":32,"column":4},"end":{"line":32,"column":47}}],"line":30},"2":{"loc":{"start":{"line":41,"column":2},"end":{"line":43,"column":3}},"type":"if","locations":[{"start":{"line":41,"column":2},"end":{"line":43,"column":3}},{"start":{},"end":{}}],"line":41},"3":{"loc":{"start":{"line":50,"column":4},"end":{"line":52,"column":5}},"type":"if","locations":[{"start":{"line":50,"column":4},"end":{"line":52,"column":5}},{"start":{},"end":{}}],"line":50},"4":{"loc":{"start":{"line":63,"column":2},"end":{"line":65,"column":3}},"type":"if","locations":[{"start":{"line":63,"column":2},"end":{"line":65,"column":3}},{"start":{},"end":{}}],"line":63},"5":{"loc":{"start":{"line":94,"column":2},"end":{"line":102,"column":3}},"type":"if","locations":[{"start":{"line":94,"column":2},"end":{"line":102,"column":3}},{"start":{},"end":{}}],"line":94},"6":{"loc":{"start":{"line":133,"column":2},"end":{"line":135,"column":3}},"type":"if","locations":[{"start":{"line":133,"column":2},"end":{"line":135,"column":3}},{"start":{},"end":{}}],"line":133}},"s":{"0":2,"1":6,"2":2,"3":6,"4":2,"5":4,"6":1,"7":3,"8":3,"9":1,"10":2,"11":1,"12":1,"13":1,"14":2,"15":2,"16":0,"17":2,"18":2,"19":2,"20":2,"21":2,"22":2,"23":2,"24":2,"25":2,"26":2,"27":2,"28":2,"29":0,"30":0,"31":0,"32":2,"33":3,"34":2,"35":2,"36":1,"37":1,"38":2,"39":2,"40":5,"41":5,"42":5,"43":5,"44":2,"45":1,"46":1},"f":{"0":6,"1":6,"2":4,"3":2,"4":3,"5":5,"6":1},"b":{"0":[6,6],"1":[6,6,4],"2":[1,3],"3":[1,1],"4":[0,2],"5":[2,1],"6":[1,0]},"_coverageSchema":"1a1c01bbd47fc00a2c39e90264f33305004495a9","hash":"31d688fb8b4c0b9bc6ce6dbbd4456bd45be426c8"}
,"/Users/slava/Projects/exquizite-app/lib/i18n/index.ts": {"path":"/Users/slava/Projects/exquizite-app/lib/i18n/index.ts","statementMap":{"0":{"start":{"line":316,"column":18},"end":{"line":669,"column":1}},"1":{"start":{"line":672,"column":26},"end":{"line":682,"column":1}},"2":{"start":{"line":673,"column":18},"end":{"line":673,"column":43}},"3":{"start":{"line":674,"column":2},"end":{"line":680,"column":3}},"4":{"start":{"line":675,"column":25},"end":{"line":675,"column":71}},"5":{"start":{"line":677,"column":4},"end":{"line":679,"column":5}},"6":{"start":{"line":678,"column":6},"end":{"line":678,"column":26}},"7":{"start":{"line":681,"column":2},"end":{"line":681,"column":29}},"8":{"start":{"line":684,"column":0},"end":{"line":700,"column":3}}},"fnMap":{"0":{"name":"(anonymous_0)","decl":{"start":{"line":672,"column":26},"end":{"line":672,"column":27}},"loc":{"start":{"line":672,"column":40},"end":{"line":682,"column":1}},"line":672}},"branchMap":{"0":{"loc":{"start":{"line":674,"column":2},"end":{"line":680,"column":3}},"type":"if","locations":[{"start":{"line":674,"column":2},"end":{"line":680,"column":3}},{"start":{},"end":{}}],"line":674},"1":{"loc":{"start":{"line":674,"column":6},"end":{"line":674,"column":35}},"type":"binary-expr","locations":[{"start":{"line":674,"column":6},"end":{"line":674,"column":13}},{"start":{"line":674,"column":17},"end":{"line":674,"column":35}}],"line":674},"2":{"loc":{"start":{"line":675,"column":25},"end":{"line":675,"column":71}},"type":"binary-expr","locations":[{"start":{"line":675,"column":25},"end":{"line":675,"column":48}},{"start":{"line":675,"column":52},"end":{"line":675,"column":71}}],"line":675},"3":{"loc":{"start":{"line":677,"column":4},"end":{"line":679,"column":5}},"type":"if","locations":[{"start":{"line":677,"column":4},"end":{"line":679,"column":5}},{"start":{},"end":{}}],"line":677}},"s":{"0":1,"1":1,"2":1,"3":1,"4":1,"5":1,"6":1,"7":0,"8":1},"f":{"0":1},"b":{"0":[1,0],"1":[1,1],"2":[1,0],"3":[1,0]},"_coverageSchema":"1a1c01bbd47fc00a2c39e90264f33305004495a9","hash":"c41a7e9d5aceae7df1688d60776b1da2f866254f"}
,"/Users/slava/Projects/exquizite-app/lib/i18n/languages.ts": {"path":"/Users/slava/Projects/exquizite-app/lib/i18n/languages.ts","statementMap":{"0":{"start":{"line":9,"column":52},"end":{"line":64,"column":1}},"1":{"start":{"line":66,"column":35},"end":{"line":66,"column":39}},"2":{"start":{"line":69,"column":42},"end":{"line":114,"column":10}},"3":{"start":{"line":116,"column":29},"end":{"line":118,"column":24}},"4":{"start":{"line":117,"column":10},"end":{"line":117,"column":18}},"5":{"start":{"line":118,"column":14},"end":{"line":118,"column":23}}},"fnMap":{"0":{"name":"(anonymous_0)","decl":{"start":{"line":117,"column":2},"end":{"line":117,"column":3}},"loc":{"start":{"line":117,"column":10},"end":{"line":117,"column":18}},"line":117},"1":{"name":"(anonymous_1)","decl":{"start":{"line":118,"column":6},"end":{"line":118,"column":7}},"loc":{"start":{"line":118,"column":14},"end":{"line":118,"column":23}},"line":118}},"branchMap":{},"s":{"0":1,"1":1,"2":1,"3":1,"4":44,"5":2},"f":{"0":44,"1":2},"b":{},"_coverageSchema":"1a1c01bbd47fc00a2c39e90264f33305004495a9","hash":"cf559f37918b2f3b2c85bb77b0f001ec735a8051"}
}
