TN:
SF:components/layout/DesktopContainer.tsx
FN:13,DesktopContainer
FNF:1
FNH:1
FNDA:6,DesktopContainer
DA:18,6
DA:20,6
DA:21,2
DA:24,4
DA:33,1
LF:5
LH:5
BRDA:15,0,0,5
BRDA:16,1,0,5
BRDA:20,2,0,2
BRDA:20,2,1,4
BRDA:26,3,0,4
BRDA:26,3,1,1
BRF:6
BRH:6
end_of_record
TN:
SF:components/set/DesktopSetCard.tsx
FN:20,DesktopSetCard
FN:28,(anonymous_1)
FN:31,(anonymous_2)
FN:46,(anonymous_3)
FN:59,(anonymous_4)
FN:64,(anonymous_5)
FN:69,(anonymous_6)
FN:79,(anonymous_7)
FN:94,(anonymous_8)
FN:106,(anonymous_9)
FN:140,(anonymous_10)
FN:150,(anonymous_11)
FN:253,(anonymous_12)
FNF:13
FNH:6
FNDA:20,DesktopSetCard
FNDA:20,(anonymous_1)
FNDA:202,(anonymous_2)
FNDA:19,(anonymous_3)
FNDA:0,(anonymous_4)
FNDA:0,(anonymous_5)
FNDA:0,(anonymous_6)
FNDA:0,(anonymous_7)
FNDA:1,(anonymous_8)
FNDA:0,(anonymous_9)
FNDA:0,(anonymous_10)
FNDA:1,(anonymous_11)
FNDA:0,(anonymous_12)
DA:21,20
DA:22,20
DA:23,20
DA:24,20
DA:25,20
DA:26,20
DA:28,20
DA:29,20
DA:31,202
DA:32,20
DA:43,20
DA:46,20
DA:47,19
DA:48,19
DA:49,19
DA:50,19
DA:51,19
DA:53,19
DA:54,18
DA:55,18
DA:56,18
DA:59,20
DA:60,0
DA:61,0
DA:64,20
DA:65,0
DA:66,0
DA:69,20
DA:70,0
DA:71,0
DA:80,0
DA:81,0
DA:83,0
DA:94,20
DA:95,1
DA:98,20
DA:100,20
DA:106,0
DA:140,0
DA:150,1
DA:253,0
DA:259,1
LF:42
LH:30
BRDA:47,0,0,0
BRDA:47,0,1,19
BRDA:53,1,0,1
BRDA:53,1,1,18
BRDA:54,2,0,0
BRDA:54,2,1,18
BRDA:55,3,0,0
BRDA:55,3,1,18
BRDA:85,4,0,0
BRDA:85,4,1,0
BRDA:103,5,0,20
BRDA:103,5,1,0
BRDA:111,6,0,20
BRDA:111,6,1,3
BRDA:126,7,0,20
BRDA:126,7,1,2
BRDA:137,8,0,20
BRDA:137,8,1,17
BRDA:182,9,0,20
BRDA:182,9,1,19
BRDA:210,10,0,20
BRDA:210,10,1,0
BRF:22
BRH:15
end_of_record
TN:
SF:components/set/SetCard.tsx
FN:24,SetCard
FN:34,(anonymous_1)
FN:37,(anonymous_2)
FN:52,(anonymous_3)
FN:65,(anonymous_4)
FN:71,(anonymous_5)
FN:75,(anonymous_6)
FN:79,(anonymous_7)
FN:87,(anonymous_8)
FN:91,(anonymous_9)
FN:100,(anonymous_10)
FN:115,(anonymous_11)
FN:119,(anonymous_12)
FN:260,(anonymous_13)
FNF:14
FNH:7
FNDA:10,SetCard
FNDA:10,(anonymous_1)
FNDA:100,(anonymous_2)
FNDA:1,(anonymous_3)
FNDA:10,(anonymous_4)
FNDA:0,(anonymous_5)
FNDA:0,(anonymous_6)
FNDA:2,(anonymous_7)
FNDA:0,(anonymous_8)
FNDA:0,(anonymous_9)
FNDA:0,(anonymous_10)
FNDA:0,(anonymous_11)
FNDA:27,(anonymous_12)
FNDA:0,(anonymous_13)
DA:25,10
DA:26,10
DA:27,10
DA:28,10
DA:29,10
DA:30,10
DA:31,10
DA:34,10
DA:35,10
DA:37,100
DA:38,10
DA:49,10
DA:52,10
DA:53,1
DA:54,1
DA:55,1
DA:56,1
DA:57,1
DA:59,1
DA:60,0
DA:61,0
DA:62,0
DA:65,10
DA:66,10
DA:71,10
DA:72,0
DA:75,10
DA:76,0
DA:79,10
DA:80,2
DA:81,1
DA:83,1
DA:87,10
DA:88,0
DA:91,10
DA:92,0
DA:101,0
DA:102,0
DA:104,0
DA:115,10
DA:116,0
DA:119,27
DA:121,10
DA:123,10
DA:260,0
DA:266,1
LF:46
LH:34
BRDA:53,0,0,0
BRDA:53,0,1,1
BRDA:59,1,0,1
BRDA:59,1,1,0
BRDA:60,2,0,0
BRDA:60,2,1,0
BRDA:61,3,0,0
BRDA:61,3,1,0
BRDA:80,4,0,1
BRDA:80,4,1,1
BRDA:106,5,0,0
BRDA:106,5,1,0
BRDA:126,6,0,10
BRDA:126,6,1,1
BRDA:173,7,0,10
BRDA:173,7,1,1
BRDA:198,8,0,10
BRDA:198,8,1,1
BRDA:209,9,0,1
BRDA:209,9,1,0
BRDA:226,10,0,1
BRDA:226,10,1,1
BRF:22
BRH:13
end_of_record
TN:
SF:components/set/ShareModal.tsx
FN:39,ShareModal
FN:49,(anonymous_1)
FN:56,(anonymous_2)
FN:71,(anonymous_3)
FN:93,(anonymous_4)
FN:109,(anonymous_5)
FN:116,(anonymous_6)
FN:127,(anonymous_7)
FN:141,(anonymous_8)
FN:164,(anonymous_9)
FN:195,(anonymous_10)
FN:542,(anonymous_11)
FN:558,(anonymous_12)
FN:574,(anonymous_13)
FN:590,(anonymous_14)
FNF:15
FNH:3
FNDA:10,ShareModal
FNDA:9,(anonymous_1)
FNDA:9,(anonymous_2)
FNDA:0,(anonymous_3)
FNDA:0,(anonymous_4)
FNDA:0,(anonymous_5)
FNDA:0,(anonymous_6)
FNDA:0,(anonymous_7)
FNDA:0,(anonymous_8)
FNDA:0,(anonymous_9)
FNDA:0,(anonymous_10)
FNDA:0,(anonymous_11)
FNDA:0,(anonymous_12)
FNDA:0,(anonymous_13)
FNDA:0,(anonymous_14)
DA:40,10
DA:41,10
DA:42,10
DA:43,10
DA:44,10
DA:45,10
DA:46,10
DA:47,10
DA:49,10
DA:50,9
DA:51,0
DA:52,0
DA:56,10
DA:57,9
DA:59,0
DA:60,0
DA:61,0
DA:62,0
DA:63,9
DA:65,9
DA:66,9
DA:67,9
DA:71,10
DA:72,0
DA:74,0
DA:75,0
DA:76,0
DA:78,0
DA:79,0
DA:81,0
DA:82,0
DA:85,0
DA:86,0
DA:87,0
DA:89,0
DA:93,10
DA:94,0
DA:96,0
DA:98,0
DA:102,0
DA:103,0
DA:105,0
DA:108,0
DA:109,0
DA:111,0
DA:112,0
DA:116,10
DA:117,0
DA:119,0
DA:128,0
DA:129,0
DA:130,0
DA:131,0
DA:133,0
DA:141,10
DA:142,0
DA:144,0
DA:145,0
DA:152,0
DA:158,0
DA:159,0
DA:164,10
DA:165,0
DA:167,0
DA:168,0
DA:175,0
DA:176,0
DA:177,0
DA:183,0
DA:187,0
DA:188,0
DA:190,0
DA:191,0
DA:195,10
DA:196,0
DA:198,0
DA:199,0
DA:201,0
DA:202,0
DA:204,0
DA:207,10
DA:209,10
DA:542,0
DA:558,0
DA:574,0
DA:590,0
DA:612,1
LF:87
LH:25
BRDA:50,0,0,0
BRDA:50,0,1,9
BRDA:57,1,0,0
BRDA:57,1,1,9
BRDA:57,2,0,9
BRDA:57,2,1,0
BRDA:63,3,0,9
BRDA:63,3,1,0
BRDA:72,4,0,0
BRDA:72,4,1,0
BRDA:72,5,0,0
BRDA:72,5,1,0
BRDA:78,6,0,0
BRDA:78,6,1,0
BRDA:94,7,0,0
BRDA:94,7,1,0
BRDA:98,8,0,0
BRDA:98,8,1,0
BRDA:102,9,0,0
BRDA:102,9,1,0
BRDA:102,10,0,0
BRDA:102,10,1,0
BRDA:117,11,0,0
BRDA:117,11,1,0
BRDA:142,12,0,0
BRDA:142,12,1,0
BRDA:142,13,0,0
BRDA:142,13,1,0
BRDA:158,14,0,0
BRDA:158,14,1,0
BRDA:165,15,0,0
BRDA:165,15,1,0
BRDA:165,16,0,0
BRDA:165,16,1,0
BRDA:176,17,0,0
BRDA:176,17,1,0
BRDA:183,18,0,0
BRDA:183,18,1,0
BRDA:196,19,0,0
BRDA:196,19,1,0
BRDA:196,20,0,0
BRDA:196,20,1,0
BRDA:207,21,0,0
BRDA:207,21,1,10
BRDA:217,22,0,10
BRDA:217,22,1,0
BRDA:273,23,0,10
BRDA:273,23,1,0
BRDA:288,24,0,10
BRDA:288,24,1,10
BRDA:288,24,2,0
BRDA:335,25,0,0
BRDA:335,25,1,0
BRDA:340,26,0,0
BRDA:340,26,1,0
BRDA:342,27,0,0
BRDA:342,27,1,0
BRDA:417,28,0,0
BRDA:417,28,1,0
BRDA:420,29,0,0
BRDA:420,29,1,0
BRDA:457,30,0,0
BRDA:457,30,1,0
BRDA:496,31,0,0
BRDA:496,31,1,0
BRDA:535,32,0,0
BRDA:535,32,1,0
BRDA:535,32,2,0
BRDA:622,33,0,0
BRDA:622,33,1,1
BRDA:633,34,0,0
BRDA:633,34,1,1
BRDA:644,35,0,0
BRDA:644,35,1,1
BRDA:699,36,0,1
BRDA:699,36,1,0
BRDA:711,37,0,1
BRDA:711,37,1,0
BRF:78
BRH:14
end_of_record
TN:
SF:components/tour/TourProgressDots.tsx
FN:17,TourProgressDots
FN:25,(anonymous_1)
FN:43,Dot
FN:47,(anonymous_3)
FN:55,(anonymous_4)
FNF:5
FNH:5
FNDA:6,TourProgressDots
FNDA:22,(anonymous_1)
FNDA:22,Dot
FNDA:22,(anonymous_3)
FNDA:22,(anonymous_4)
DA:23,6
DA:26,22
DA:44,22
DA:45,22
DA:47,22
DA:48,22
DA:52,22
DA:55,22
DA:60,22
DA:73,1
LF:10
LH:10
BRDA:44,0,0,6
BRDA:44,0,1,16
BRDA:45,1,0,6
BRDA:45,1,1,16
BRDA:48,2,0,6
BRDA:48,2,1,16
BRDA:52,3,0,6
BRDA:52,3,1,16
BRDA:65,4,0,6
BRDA:65,4,1,16
BRF:10
BRH:10
end_of_record
TN:
SF:components/tour/TourSlide.tsx
FN:13,TourSlide
FNF:1
FNH:1
FNDA:4,TourSlide
DA:19,4
DA:21,4
DA:41,1
LF:3
LH:3
BRF:0
BRH:0
end_of_record
TN:
SF:components/ui/AlertDialog.tsx
FN:32,AlertDialog
FN:43,(anonymous_1)
FN:59,(anonymous_2)
FN:60,(anonymous_3)
FN:75,(anonymous_4)
FN:174,(anonymous_5)
FN:185,(anonymous_6)
FN:204,(anonymous_7)
FNF:8
FNH:8
FNDA:18,AlertDialog
FNDA:7,(anonymous_1)
FNDA:18,(anonymous_2)
FNDA:19,(anonymous_3)
FNDA:12,(anonymous_4)
FNDA:3,(anonymous_5)
FNDA:18,(anonymous_6)
FNDA:4,(anonymous_7)
DA:16,1
DA:39,18
DA:40,18
DA:41,18
DA:43,18
DA:44,7
DA:45,6
DA:46,6
DA:48,5
DA:49,4
DA:52,2
DA:55,7
DA:59,18
DA:60,19
DA:61,18
DA:62,18
DA:63,8
DA:65,10
DA:75,18
DA:76,12
DA:77,12
DA:78,12
DA:79,12
DA:82,18
DA:174,3
DA:186,18
DA:204,4
DA:229,1
LF:28
LH:28
BRDA:36,0,0,5
BRDA:40,1,0,18
BRDA:40,1,1,0
BRDA:44,2,0,6
BRDA:44,2,1,1
BRDA:48,3,0,4
BRDA:48,3,1,1
BRDA:61,4,0,18
BRDA:61,4,1,0
BRDA:62,5,0,8
BRDA:62,5,1,10
BRDA:77,6,0,12
BRDA:77,6,1,0
BRDA:78,7,0,12
BRDA:78,7,1,0
BRDA:90,8,0,18
BRDA:90,8,1,0
BRDA:106,9,0,18
BRDA:106,9,1,18
BRDA:113,10,0,18
BRDA:113,10,1,18
BRDA:124,11,0,18
BRDA:124,11,1,18
BRDA:131,12,0,18
BRDA:131,12,1,8
BRDA:136,13,0,8
BRDA:136,13,1,8
BRDA:145,14,0,5
BRDA:145,14,1,13
BRDA:150,15,0,5
BRDA:150,15,1,5
BRDA:162,16,0,5
BRDA:162,16,1,8
BRDA:168,17,0,2
BRDA:168,17,1,3
BRDA:172,18,0,5
BRDA:172,18,1,5
BRDA:190,19,0,18
BRDA:190,19,1,8
BRDA:191,20,0,18
BRDA:191,20,1,6
BRDA:194,21,0,18
BRDA:194,21,1,4
BRDA:197,22,0,18
BRDA:197,22,1,8
BRDA:202,23,0,18
BRDA:202,23,1,18
BRDA:210,24,0,8
BRDA:210,24,1,10
BRF:49
BRH:44
end_of_record
TN:
SF:components/ui/Button.tsx
FN:27,Button
FN:38,(anonymous_1)
FN:42,(anonymous_2)
FN:46,(anonymous_3)
FN:50,(anonymous_4)
FN:61,(anonymous_5)
FN:68,(anonymous_6)
FNF:7
FNH:5
FNDA:9,Button
FNDA:9,(anonymous_1)
FNDA:0,(anonymous_2)
FNDA:0,(anonymous_3)
FNDA:9,(anonymous_4)
FNDA:9,(anonymous_5)
FNDA:9,(anonymous_6)
DA:16,1
DA:35,9
DA:36,9
DA:38,9
DA:42,9
DA:43,0
DA:46,9
DA:47,0
DA:50,9
DA:51,9
DA:52,1
DA:53,0
DA:54,0
DA:56,8
DA:57,3
DA:58,2
DA:61,9
DA:62,9
DA:63,9
DA:64,8
DA:65,7
DA:68,9
DA:69,9
DA:70,8
DA:71,3
DA:72,2
DA:73,0
DA:76,9
DA:101,1
LF:29
LH:24
BRDA:30,0,0,6
BRDA:31,1,0,8
BRDA:51,2,0,1
BRDA:51,2,1,8
BRDA:52,3,0,1
BRDA:52,3,1,0
BRDA:53,4,0,0
BRDA:53,4,1,0
BRDA:56,5,0,5
BRDA:56,5,1,3
BRDA:57,6,0,1
BRDA:57,6,1,2
BRDA:62,7,0,0
BRDA:62,7,1,9
BRDA:62,8,0,9
BRDA:62,8,1,1
BRDA:63,9,0,1
BRDA:63,9,1,8
BRDA:64,10,0,1
BRDA:64,10,1,7
BRDA:69,11,0,1
BRDA:69,11,1,8
BRDA:70,12,0,5
BRDA:70,12,1,3
BRDA:71,13,0,1
BRDA:71,13,1,2
BRDA:72,14,0,2
BRDA:72,14,1,0
BRDA:72,15,0,2
BRDA:72,15,1,1
BRDA:87,16,0,2
BRDA:87,16,1,7
BRDA:87,17,0,9
BRDA:87,17,1,8
BRDA:89,18,0,9
BRDA:89,18,1,1
BRF:36
BRH:31
end_of_record
TN:
SF:components/ui/Card.tsx
FN:12,Card
FNF:1
FNH:1
FNDA:5,Card
DA:13,5
DA:15,5
DA:29,1
LF:3
LH:3
BRDA:12,0,0,3
BRDA:20,1,0,5
BRDA:20,1,1,1
BRF:3
BRH:3
end_of_record
TN:
SF:components/ui/Input.tsx
FN:16,Input
FNF:1
FNH:1
FNDA:8,Input
DA:17,8
DA:19,8
DA:44,1
LF:3
LH:3
BRDA:21,0,0,8
BRDA:21,0,1,2
BRDA:28,1,0,2
BRDA:28,1,1,6
BRDA:37,2,0,8
BRDA:37,2,1,2
BRF:6
BRH:6
end_of_record
TN:
SF:components/ui/LanguageBadge.tsx
FN:13,LanguageBadge
FN:21,(anonymous_1)
FN:22,(anonymous_2)
FNF:3
FNH:3
FNDA:7,LanguageBadge
FNDA:16,(anonymous_1)
FNDA:13,(anonymous_2)
DA:19,7
DA:21,16
DA:22,13
DA:24,7
DA:25,2
DA:28,5
DA:31,5
DA:32,1
DA:72,4
DA:130,1
LF:10
LH:10
BRDA:16,0,0,5
BRDA:17,1,0,6
BRDA:24,2,0,2
BRDA:24,2,1,5
BRDA:24,3,0,7
BRDA:24,3,1,6
BRDA:31,4,0,1
BRDA:31,4,1,4
BRDA:42,5,0,0
BRDA:42,5,1,1
BRDA:56,6,0,0
BRDA:56,6,1,1
BRDA:80,7,0,4
BRDA:80,7,1,1
BRDA:83,8,0,0
BRDA:83,8,1,4
BRDA:90,9,0,1
BRDA:90,9,1,3
BRDA:98,10,0,4
BRDA:98,10,1,1
BRDA:106,11,0,0
BRDA:106,11,1,4
BRDA:113,12,0,1
BRDA:113,12,1,3
BRDA:121,13,0,4
BRDA:121,13,1,1
BRF:26
BRH:22
end_of_record
TN:
SF:contexts/AuthContext.tsx
FN:30,AuthProvider
FN:34,(anonymous_1)
FN:40,(anonymous_2)
FN:79,(anonymous_3)
FN:87,(anonymous_4)
FN:93,(anonymous_5)
FN:157,(anonymous_6)
FN:160,(anonymous_7)
FN:188,(anonymous_8)
FN:219,(anonymous_9)
FN:234,(anonymous_10)
FN:265,(anonymous_11)
FN:285,(anonymous_12)
FN:298,(anonymous_13)
FN:316,(anonymous_14)
FN:370,useAuth
FNF:16
FNH:0
FNDA:0,AuthProvider
FNDA:0,(anonymous_1)
FNDA:0,(anonymous_2)
FNDA:0,(anonymous_3)
FNDA:0,(anonymous_4)
FNDA:0,(anonymous_5)
FNDA:0,(anonymous_6)
FNDA:0,(anonymous_7)
FNDA:0,(anonymous_8)
FNDA:0,(anonymous_9)
FNDA:0,(anonymous_10)
FNDA:0,(anonymous_11)
FNDA:0,(anonymous_12)
FNDA:0,(anonymous_13)
FNDA:0,(anonymous_14)
FNDA:0,useAuth
DA:28,1
DA:31,0
DA:32,0
DA:34,0
DA:36,0
DA:39,0
DA:41,0
DA:44,0
DA:45,0
DA:48,0
DA:49,0
DA:51,0
DA:52,0
DA:53,0
DA:54,0
DA:56,0
DA:58,0
DA:61,0
DA:62,0
DA:65,0
DA:66,0
DA:67,0
DA:68,0
DA:70,0
DA:77,0
DA:80,0
DA:81,0
DA:82,0
DA:87,0
DA:88,0
DA:89,0
DA:93,0
DA:94,0
DA:99,0
DA:102,0
DA:103,0
DA:105,0
DA:107,0
DA:108,0
DA:110,0
DA:111,0
DA:112,0
DA:113,0
DA:114,0
DA:116,0
DA:118,0
DA:122,0
DA:123,0
DA:125,0
DA:128,0
DA:129,0
DA:132,0
DA:133,0
DA:134,0
DA:135,0
DA:137,0
DA:141,0
DA:143,0
DA:144,0
DA:145,0
DA:146,0
DA:148,0
DA:151,0
DA:152,0
DA:157,0
DA:158,0
DA:160,0
DA:161,0
DA:168,0
DA:171,0
DA:176,0
DA:177,0
DA:178,0
DA:179,0
DA:180,0
DA:184,0
DA:185,0
DA:188,0
DA:189,0
DA:192,0
DA:193,0
DA:194,0
DA:195,0
DA:198,0
DA:199,0
DA:200,0
DA:208,0
DA:209,0
DA:210,0
DA:213,0
DA:214,0
DA:215,0
DA:219,0
DA:220,0
DA:221,0
DA:226,0
DA:229,0
DA:230,0
DA:234,0
DA:239,0
DA:240,0
DA:251,0
DA:254,0
DA:255,0
DA:260,0
DA:261,0
DA:265,0
DA:266,0
DA:267,0
DA:270,0
DA:272,0
DA:278,0
DA:280,0
DA:281,0
DA:285,0
DA:286,0
DA:287,0
DA:291,0
DA:293,0
DA:294,0
DA:298,0
DA:299,0
DA:301,0
DA:303,0
DA:304,0
DA:307,0
DA:309,0
DA:311,0
DA:312,0
DA:316,0
DA:319,0
DA:320,0
DA:321,0
DA:324,0
DA:325,0
DA:328,0
DA:330,0
DA:331,0
DA:332,0
DA:333,0
DA:336,0
DA:345,0
DA:347,0
DA:348,0
DA:352,0
DA:371,0
DA:372,0
DA:373,0
DA:375,0
LF:149
LH:1
BRDA:44,0,0,0
BRDA:44,0,1,0
BRDA:48,1,0,0
BRDA:48,1,1,0
BRDA:52,2,0,0
BRDA:52,2,1,0
BRDA:61,3,0,0
BRDA:61,3,1,0
BRDA:66,4,0,0
BRDA:66,4,1,0
BRDA:80,5,0,0
BRDA:80,5,1,0
BRDA:93,6,0,0
BRDA:102,7,0,0
BRDA:102,7,1,0
BRDA:107,8,0,0
BRDA:107,8,1,0
BRDA:107,9,0,0
BRDA:107,9,1,0
BRDA:112,10,0,0
BRDA:112,10,1,0
BRDA:122,11,0,0
BRDA:122,11,1,0
BRDA:128,12,0,0
BRDA:128,12,1,0
BRDA:133,13,0,0
BRDA:133,13,1,0
BRDA:144,14,0,0
BRDA:144,14,1,0
BRDA:151,15,0,0
BRDA:151,15,1,0
BRDA:157,16,0,0
BRDA:168,17,0,0
BRDA:168,17,1,0
BRDA:171,18,0,0
BRDA:171,18,1,0
BRDA:171,18,2,0
BRDA:171,18,3,0
BRDA:176,19,0,0
BRDA:176,19,1,0
BRDA:184,20,0,0
BRDA:184,20,1,0
BRDA:184,21,0,0
BRDA:184,21,1,0
BRDA:198,22,0,0
BRDA:198,22,1,0
BRDA:203,23,0,0
BRDA:203,23,1,0
BRDA:205,24,0,0
BRDA:205,24,1,0
BRDA:226,25,0,0
BRDA:226,25,1,0
BRDA:230,26,0,0
BRDA:230,26,1,0
BRDA:245,27,0,0
BRDA:245,27,1,0
BRDA:251,28,0,0
BRDA:251,28,1,0
BRDA:254,29,0,0
BRDA:254,29,1,0
BRDA:254,30,0,0
BRDA:254,30,1,0
BRDA:261,31,0,0
BRDA:261,31,1,0
BRDA:270,32,0,0
BRDA:270,32,1,0
BRDA:281,33,0,0
BRDA:281,33,1,0
BRDA:291,34,0,0
BRDA:291,34,1,0
BRDA:294,35,0,0
BRDA:294,35,1,0
BRDA:301,36,0,0
BRDA:301,36,1,0
BRDA:319,37,0,0
BRDA:319,37,1,0
BRDA:319,38,0,0
BRDA:319,38,1,0
BRDA:330,39,0,0
BRDA:330,39,1,0
BRDA:372,40,0,0
BRDA:372,40,1,0
BRF:82
BRH:0
end_of_record
TN:
SF:contexts/LanguageContext.tsx
FN:84,(anonymous_0)
FN:92,(anonymous_1)
FN:101,LanguageProvider
FN:110,(anonymous_3)
FN:116,(anonymous_4)
FN:146,(anonymous_5)
FN:268,(anonymous_6)
FN:312,useLanguage
FN:321,getLanguageName
FN:322,(anonymous_9)
FN:327,getLanguageDisplay
FN:328,(anonymous_11)
FNF:12
FNH:0
FNDA:0,(anonymous_0)
FNDA:0,(anonymous_1)
FNDA:0,LanguageProvider
FNDA:0,(anonymous_3)
FNDA:0,(anonymous_4)
FNDA:0,(anonymous_5)
FNDA:0,(anonymous_6)
FNDA:0,useLanguage
FNDA:0,getLanguageName
FNDA:0,(anonymous_9)
FNDA:0,getLanguageDisplay
FNDA:0,(anonymous_11)
DA:29,1
DA:33,1
DA:36,1
DA:84,1
DA:85,0
DA:86,0
DA:87,0
DA:88,0
DA:91,0
DA:92,0
DA:94,0
DA:95,0
DA:98,0
DA:102,0
DA:103,0
DA:108,0
DA:110,0
DA:111,0
DA:112,0
DA:116,0
DA:117,0
DA:118,0
DA:120,0
DA:121,0
DA:122,0
DA:123,0
DA:128,0
DA:129,0
DA:133,0
DA:136,0
DA:137,0
DA:139,0
DA:140,0
DA:141,0
DA:146,0
DA:147,0
DA:154,0
DA:155,0
DA:157,0
DA:158,0
DA:159,0
DA:160,0
DA:162,0
DA:166,0
DA:170,0
DA:172,0
DA:173,0
DA:174,0
DA:182,0
DA:183,0
DA:186,0
DA:187,0
DA:191,0
DA:196,0
DA:199,0
DA:200,0
DA:202,0
DA:204,0
DA:205,0
DA:209,0
DA:210,0
DA:211,0
DA:212,0
DA:216,0
DA:217,0
DA:219,0
DA:220,0
DA:221,0
DA:223,0
DA:228,0
DA:235,0
DA:240,0
DA:243,0
DA:244,0
DA:248,0
DA:255,0
DA:257,0
DA:258,0
DA:264,0
DA:268,0
DA:272,0
DA:273,0
DA:274,0
DA:277,0
DA:283,0
DA:284,0
DA:286,0
DA:292,0
DA:294,0
DA:295,0
DA:299,0
DA:313,0
DA:314,0
DA:315,0
DA:317,0
DA:322,0
DA:323,0
DA:328,0
DA:329,0
LF:99
LH:4
BRDA:86,0,0,0
BRDA:86,0,1,0
BRDA:86,1,0,0
BRDA:86,1,1,0
BRDA:88,2,0,0
BRDA:88,2,1,0
BRDA:94,3,0,0
BRDA:94,3,1,0
BRDA:111,4,0,0
BRDA:111,4,1,0
BRDA:120,5,0,0
BRDA:120,5,1,0
BRDA:139,6,0,0
BRDA:139,6,1,0
BRDA:154,7,0,0
BRDA:154,7,1,0
BRDA:157,8,0,0
BRDA:157,8,1,0
BRDA:158,9,0,0
BRDA:158,9,1,0
BRDA:172,10,0,0
BRDA:172,10,1,0
BRDA:182,11,0,0
BRDA:182,11,1,0
BRDA:182,12,0,0
BRDA:182,12,1,0
BRDA:191,13,0,0
BRDA:191,13,1,0
BRDA:192,14,0,0
BRDA:192,14,1,0
BRDA:192,14,2,0
BRDA:192,14,3,0
BRDA:201,15,0,0
BRDA:201,15,1,0
BRDA:201,15,2,0
BRDA:203,16,0,0
BRDA:203,16,1,0
BRDA:203,16,2,0
BRDA:209,17,0,0
BRDA:209,17,1,0
BRDA:209,18,0,0
BRDA:209,18,1,0
BRDA:211,19,0,0
BRDA:211,19,1,0
BRDA:217,20,0,0
BRDA:217,20,1,0
BRDA:217,21,0,0
BRDA:217,21,1,0
BRDA:220,22,0,0
BRDA:220,22,1,0
BRDA:221,23,0,0
BRDA:221,23,1,0
BRDA:273,24,0,0
BRDA:273,24,1,0
BRDA:314,25,0,0
BRDA:314,25,1,0
BRDA:323,26,0,0
BRDA:323,26,1,0
BRDA:329,27,0,0
BRDA:329,27,1,0
BRF:60
BRH:0
end_of_record
TN:
SF:contexts/SetsContext.tsx
FN:60,selectFeaturedSets
FN:68,(anonymous_1)
FN:78,(anonymous_2)
FN:85,SetsProvider
FN:104,(anonymous_4)
FN:167,(anonymous_5)
FN:178,(anonymous_6)
FN:201,(anonymous_7)
FN:205,(anonymous_8)
FN:232,(anonymous_9)
FN:265,(anonymous_10)
FN:269,(anonymous_11)
FN:270,(anonymous_12)
FN:312,(anonymous_13)
FN:325,(anonymous_14)
FN:344,(anonymous_15)
FN:379,(anonymous_16)
FN:381,(anonymous_17)
FN:382,(anonymous_18)
FN:394,(anonymous_19)
FN:428,(anonymous_20)
FN:437,(anonymous_21)
FN:468,(anonymous_22)
FN:481,(anonymous_23)
FN:483,(anonymous_24)
FN:484,(anonymous_25)
FN:514,(anonymous_26)
FN:526,(anonymous_27)
FN:560,(anonymous_28)
FN:577,(anonymous_29)
FN:592,(anonymous_30)
FN:599,(anonymous_31)
FN:623,(anonymous_32)
FN:627,(anonymous_33)
FN:637,(anonymous_34)
FN:637,(anonymous_35)
FN:652,(anonymous_36)
FN:674,(anonymous_37)
FN:674,(anonymous_38)
FN:681,(anonymous_39)
FN:682,(anonymous_40)
FN:685,(anonymous_41)
FN:692,(anonymous_42)
FN:693,(anonymous_43)
FN:711,(anonymous_44)
FN:712,(anonymous_45)
FN:723,(anonymous_46)
FN:727,(anonymous_47)
FN:771,(anonymous_48)
FN:806,(anonymous_49)
FN:824,(anonymous_50)
FN:833,(anonymous_51)
FN:835,(anonymous_52)
FN:872,(anonymous_53)
FN:901,(anonymous_54)
FN:964,(anonymous_55)
FN:965,(anonymous_56)
FN:987,(anonymous_57)
FN:1044,useSets
FNF:59
FNH:0
FNDA:0,selectFeaturedSets
FNDA:0,(anonymous_1)
FNDA:0,(anonymous_2)
FNDA:0,SetsProvider
FNDA:0,(anonymous_4)
FNDA:0,(anonymous_5)
FNDA:0,(anonymous_6)
FNDA:0,(anonymous_7)
FNDA:0,(anonymous_8)
FNDA:0,(anonymous_9)
FNDA:0,(anonymous_10)
FNDA:0,(anonymous_11)
FNDA:0,(anonymous_12)
FNDA:0,(anonymous_13)
FNDA:0,(anonymous_14)
FNDA:0,(anonymous_15)
FNDA:0,(anonymous_16)
FNDA:0,(anonymous_17)
FNDA:0,(anonymous_18)
FNDA:0,(anonymous_19)
FNDA:0,(anonymous_20)
FNDA:0,(anonymous_21)
FNDA:0,(anonymous_22)
FNDA:0,(anonymous_23)
FNDA:0,(anonymous_24)
FNDA:0,(anonymous_25)
FNDA:0,(anonymous_26)
FNDA:0,(anonymous_27)
FNDA:0,(anonymous_28)
FNDA:0,(anonymous_29)
FNDA:0,(anonymous_30)
FNDA:0,(anonymous_31)
FNDA:0,(anonymous_32)
FNDA:0,(anonymous_33)
FNDA:0,(anonymous_34)
FNDA:0,(anonymous_35)
FNDA:0,(anonymous_36)
FNDA:0,(anonymous_37)
FNDA:0,(anonymous_38)
FNDA:0,(anonymous_39)
FNDA:0,(anonymous_40)
FNDA:0,(anonymous_41)
FNDA:0,(anonymous_42)
FNDA:0,(anonymous_43)
FNDA:0,(anonymous_44)
FNDA:0,(anonymous_45)
FNDA:0,(anonymous_46)
FNDA:0,(anonymous_47)
FNDA:0,(anonymous_48)
FNDA:0,(anonymous_49)
FNDA:0,(anonymous_50)
FNDA:0,(anonymous_51)
FNDA:0,(anonymous_52)
FNDA:0,(anonymous_53)
FNDA:0,(anonymous_54)
FNDA:0,(anonymous_55)
FNDA:0,(anonymous_56)
FNDA:0,(anonymous_57)
FNDA:0,useSets
DA:57,1
DA:61,0
DA:67,0
DA:68,0
DA:71,0
DA:76,0
DA:78,0
DA:86,0
DA:87,0
DA:88,0
DA:90,0
DA:91,0
DA:92,0
DA:95,0
DA:96,0
DA:97,0
DA:98,0
DA:101,0
DA:102,0
DA:104,0
DA:105,0
DA:107,0
DA:108,0
DA:109,0
DA:112,0
DA:115,0
DA:116,0
DA:117,0
DA:124,0
DA:125,0
DA:128,0
DA:130,0
DA:131,0
DA:140,0
DA:141,0
DA:145,0
DA:146,0
DA:149,0
DA:150,0
DA:151,0
DA:152,0
DA:154,0
DA:155,0
DA:156,0
DA:157,0
DA:159,0
DA:160,0
DA:161,0
DA:162,0
DA:167,0
DA:168,0
DA:169,0
DA:170,0
DA:178,0
DA:180,0
DA:181,0
DA:182,0
DA:185,0
DA:186,0
DA:187,0
DA:188,0
DA:189,0
DA:190,0
DA:191,0
DA:192,0
DA:195,0
DA:196,0
DA:201,0
DA:202,0
DA:205,0
DA:206,0
DA:208,0
DA:209,0
DA:210,0
DA:213,0
DA:214,0
DA:215,0
DA:216,0
DA:217,0
DA:220,0
DA:223,0
DA:224,0
DA:225,0
DA:226,0
DA:227,0
DA:228,0
DA:232,0
DA:233,0
DA:245,0
DA:248,0
DA:253,0
DA:254,0
DA:255,0
DA:257,0
DA:258,0
DA:261,0
DA:265,0
DA:269,0
DA:270,0
DA:285,0
DA:289,0
DA:290,0
DA:291,0
DA:293,0
DA:294,0
DA:296,0
DA:300,0
DA:301,0
DA:302,0
DA:303,0
DA:308,0
DA:309,0
DA:310,0
DA:312,0
DA:313,0
DA:314,0
DA:318,0
DA:321,0
DA:322,0
DA:323,0
DA:325,0
DA:326,0
DA:327,0
DA:331,0
DA:332,0
DA:333,0
DA:338,0
DA:339,0
DA:344,0
DA:350,0
DA:351,0
DA:352,0
DA:353,0
DA:358,0
DA:359,0
DA:369,0
DA:370,0
DA:371,0
DA:379,0
DA:381,0
DA:382,0
DA:384,0
DA:387,0
DA:388,0
DA:394,0
DA:395,0
DA:406,0
DA:407,0
DA:411,0
DA:417,0
DA:422,0
DA:425,0
DA:428,0
DA:435,0
DA:437,0
DA:438,0
DA:443,0
DA:444,0
DA:448,0
DA:454,0
DA:459,0
DA:462,0
DA:465,0
DA:468,0
DA:481,0
DA:483,0
DA:484,0
DA:486,0
DA:489,0
DA:491,0
DA:492,0
DA:496,0
DA:507,0
DA:508,0
DA:510,0
DA:514,0
DA:521,0
DA:522,0
DA:526,0
DA:527,0
DA:528,0
DA:533,0
DA:534,0
DA:543,0
DA:544,0
DA:545,0
DA:552,0
DA:553,0
DA:554,0
DA:560,0
DA:561,0
DA:570,0
DA:571,0
DA:572,0
DA:577,0
DA:578,0
DA:583,0
DA:584,0
DA:585,0
DA:592,0
DA:599,0
DA:600,0
DA:604,0
DA:605,0
DA:606,0
DA:612,0
DA:615,0
DA:617,0
DA:619,0
DA:623,0
DA:624,0
DA:627,0
DA:628,0
DA:629,0
DA:632,0
DA:634,0
DA:635,0
DA:636,0
DA:637,0
DA:638,0
DA:639,0
DA:643,0
DA:644,0
DA:645,0
DA:646,0
DA:652,0
DA:653,0
DA:660,0
DA:661,0
DA:662,0
DA:666,0
DA:667,0
DA:668,0
DA:671,0
DA:674,0
DA:676,0
DA:677,0
DA:681,0
DA:682,0
DA:685,0
DA:686,0
DA:688,0
DA:690,0
DA:691,0
DA:692,0
DA:693,0
DA:694,0
DA:699,0
DA:703,0
DA:708,0
DA:711,0
DA:712,0
DA:713,0
DA:719,0
DA:723,0
DA:724,0
DA:727,0
DA:729,0
DA:730,0
DA:731,0
DA:734,0
DA:735,0
DA:738,0
DA:740,0
DA:741,0
DA:742,0
DA:743,0
DA:746,0
DA:749,0
DA:750,0
DA:753,0
DA:764,0
DA:765,0
DA:766,0
DA:770,0
DA:771,0
DA:778,0
DA:782,0
DA:783,0
DA:790,0
DA:794,0
DA:795,0
DA:798,0
DA:800,0
DA:801,0
DA:806,0
DA:810,0
DA:811,0
DA:812,0
DA:816,0
DA:817,0
DA:820,0
DA:824,0
DA:825,0
DA:826,0
DA:831,0
DA:833,0
DA:834,0
DA:836,0
DA:843,0
DA:851,0
DA:856,0
DA:857,0
DA:858,0
DA:861,0
DA:862,0
DA:865,0
DA:867,0
DA:868,0
DA:872,0
DA:875,0
DA:876,0
DA:878,0
DA:885,0
DA:886,0
DA:887,0
DA:890,0
DA:891,0
DA:892,0
DA:893,0
DA:894,0
DA:896,0
DA:897,0
DA:901,0
DA:905,0
DA:906,0
DA:907,0
DA:911,0
DA:912,0
DA:915,0
DA:918,0
DA:919,0
DA:921,0
DA:931,0
DA:932,0
DA:933,0
DA:936,0
DA:938,0
DA:941,0
DA:952,0
DA:953,0
DA:955,0
DA:956,0
DA:960,0
DA:964,0
DA:965,0
DA:978,0
DA:980,0
DA:982,0
DA:983,0
DA:987,0
DA:988,0
DA:989,0
DA:990,0
DA:994,0
DA:995,0
DA:996,0
DA:999,0
DA:1000,0
DA:1003,0
DA:1009,0
DA:1010,0
DA:1011,0
DA:1014,0
DA:1016,0
DA:1017,0
DA:1021,0
DA:1045,0
DA:1046,0
DA:1047,0
DA:1049,0
LF:371
LH:1
BRDA:105,0,0,0
BRDA:105,0,1,0
BRDA:108,1,0,0
BRDA:108,1,1,0
BRDA:109,2,0,0
BRDA:109,2,1,0
BRDA:124,3,0,0
BRDA:124,3,1,0
BRDA:128,4,0,0
BRDA:128,4,1,0
BRDA:128,4,2,0
BRDA:128,4,3,0
BRDA:130,5,0,0
BRDA:130,5,1,0
BRDA:145,6,0,0
BRDA:145,6,1,0
BRDA:145,7,0,0
BRDA:145,7,1,0
BRDA:160,8,0,0
BRDA:160,8,1,0
BRDA:168,9,0,0
BRDA:168,9,1,0
BRDA:180,10,0,0
BRDA:180,10,1,0
BRDA:187,11,0,0
BRDA:187,11,1,0
BRDA:205,12,0,0
BRDA:206,13,0,0
BRDA:206,13,1,0
BRDA:213,14,0,0
BRDA:213,14,1,0
BRDA:220,15,0,0
BRDA:220,15,1,0
BRDA:224,16,0,0
BRDA:224,16,1,0
BRDA:245,17,0,0
BRDA:245,17,1,0
BRDA:248,18,0,0
BRDA:248,18,1,0
BRDA:248,18,2,0
BRDA:248,18,3,0
BRDA:253,19,0,0
BRDA:253,19,1,0
BRDA:265,20,0,0
BRDA:265,20,1,0
BRDA:268,21,0,0
BRDA:268,21,1,0
BRDA:275,22,0,0
BRDA:275,22,1,0
BRDA:276,23,0,0
BRDA:276,23,1,0
BRDA:279,24,0,0
BRDA:279,24,1,0
BRDA:280,25,0,0
BRDA:280,25,1,0
BRDA:282,26,0,0
BRDA:282,26,1,0
BRDA:289,27,0,0
BRDA:289,27,1,0
BRDA:301,28,0,0
BRDA:301,28,1,0
BRDA:308,29,0,0
BRDA:308,29,1,0
BRDA:308,30,0,0
BRDA:308,30,1,0
BRDA:308,30,2,0
BRDA:308,30,3,0
BRDA:308,30,4,0
BRDA:321,31,0,0
BRDA:321,31,1,0
BRDA:321,32,0,0
BRDA:321,32,1,0
BRDA:321,32,2,0
BRDA:331,33,0,0
BRDA:331,33,1,0
BRDA:338,34,0,0
BRDA:338,34,1,0
BRDA:338,35,0,0
BRDA:338,35,1,0
BRDA:350,36,0,0
BRDA:350,36,1,0
BRDA:369,37,0,0
BRDA:369,37,1,0
BRDA:406,38,0,0
BRDA:406,38,1,0
BRDA:418,39,0,0
BRDA:418,39,1,0
BRDA:443,40,0,0
BRDA:443,40,1,0
BRDA:455,41,0,0
BRDA:455,41,1,0
BRDA:468,42,0,0
BRDA:468,42,1,0
BRDA:497,43,0,0
BRDA:497,43,1,0
BRDA:498,44,0,0
BRDA:498,44,1,0
BRDA:499,45,0,0
BRDA:499,45,1,0
BRDA:500,46,0,0
BRDA:500,46,1,0
BRDA:501,47,0,0
BRDA:501,47,1,0
BRDA:502,48,0,0
BRDA:502,48,1,0
BRDA:507,49,0,0
BRDA:507,49,1,0
BRDA:507,49,2,0
BRDA:521,50,0,0
BRDA:521,50,1,0
BRDA:527,51,0,0
BRDA:527,51,1,0
BRDA:543,52,0,0
BRDA:543,52,1,0
BRDA:570,53,0,0
BRDA:570,53,1,0
BRDA:583,54,0,0
BRDA:583,54,1,0
BRDA:604,55,0,0
BRDA:604,55,1,0
BRDA:624,56,0,0
BRDA:624,56,1,0
BRDA:628,57,0,0
BRDA:628,57,1,0
BRDA:634,58,0,0
BRDA:634,58,1,0
BRDA:644,59,0,0
BRDA:644,59,1,0
BRDA:660,60,0,0
BRDA:660,60,1,0
BRDA:666,61,0,0
BRDA:666,61,1,0
BRDA:686,62,0,0
BRDA:686,62,1,0
BRDA:690,63,0,0
BRDA:690,63,1,0
BRDA:694,64,0,0
BRDA:694,64,1,0
BRDA:708,65,0,0
BRDA:708,65,1,0
BRDA:713,66,0,0
BRDA:713,66,1,0
BRDA:729,67,0,0
BRDA:729,67,1,0
BRDA:729,68,0,0
BRDA:729,68,1,0
BRDA:740,69,0,0
BRDA:740,69,1,0
BRDA:764,70,0,0
BRDA:764,70,1,0
BRDA:770,71,0,0
BRDA:770,71,1,0
BRDA:782,72,0,0
BRDA:782,72,1,0
BRDA:810,73,0,0
BRDA:810,73,1,0
BRDA:816,74,0,0
BRDA:816,74,1,0
BRDA:825,75,0,0
BRDA:825,75,1,0
BRDA:846,76,0,0
BRDA:846,76,1,0
BRDA:856,77,0,0
BRDA:856,77,1,0
BRDA:861,78,0,0
BRDA:861,78,1,0
BRDA:885,79,0,0
BRDA:885,79,1,0
BRDA:905,80,0,0
BRDA:905,80,1,0
BRDA:911,81,0,0
BRDA:911,81,1,0
BRDA:931,82,0,0
BRDA:931,82,1,0
BRDA:952,83,0,0
BRDA:952,83,1,0
BRDA:952,84,0,0
BRDA:952,84,1,0
BRDA:956,85,0,0
BRDA:956,85,1,0
BRDA:963,86,0,0
BRDA:963,86,1,0
BRDA:970,87,0,0
BRDA:970,87,1,0
BRDA:971,88,0,0
BRDA:971,88,1,0
BRDA:974,89,0,0
BRDA:974,89,1,0
BRDA:988,90,0,0
BRDA:988,90,1,0
BRDA:994,91,0,0
BRDA:994,91,1,0
BRDA:1009,92,0,0
BRDA:1009,92,1,0
BRDA:1046,93,0,0
BRDA:1046,93,1,0
BRF:196
BRH:0
end_of_record
TN:
SF:hooks/useResponsive.ts
FN:6,useResponsive
FN:7,(anonymous_1)
FN:9,(anonymous_2)
FN:12,(anonymous_3)
FN:13,(anonymous_4)
FN:18,(anonymous_5)
FNF:6
FNH:6
FNDA:10,useResponsive
FNDA:8,(anonymous_1)
FNDA:8,(anonymous_2)
FNDA:8,(anonymous_3)
FNDA:2,(anonymous_4)
FNDA:8,(anonymous_5)
DA:7,10
DA:8,10
DA:9,8
DA:12,10
DA:13,8
DA:14,2
DA:15,2
DA:18,8
DA:21,10
LF:9
LH:9
BRF:0
BRH:0
end_of_record
TN:
SF:lib/alert.ts
FN:21,setCustomAlertFn
FN:30,showAlert
FN:53,confirm
FN:54,(anonymous_3)
FN:56,(anonymous_4)
FN:57,(anonymous_5)
FNF:6
FNH:6
FNDA:17,setCustomAlertFn
FNDA:12,showAlert
FNDA:4,confirm
FNDA:4,(anonymous_3)
FNDA:1,(anonymous_4)
FNDA:3,(anonymous_5)
DA:15,2
DA:22,17
DA:40,12
DA:41,4
DA:42,4
DA:46,8
DA:54,4
DA:55,4
DA:56,1
DA:57,3
LF:10
LH:10
BRDA:40,0,0,4
BRDA:40,0,1,8
BRDA:40,1,0,12
BRDA:40,1,1,5
BRF:4
BRH:4
end_of_record
TN:
SF:lib/constants.ts
FNF:0
FNH:0
DA:5,9
DA:19,9
DA:46,9
DA:48,9
DA:57,9
DA:92,9
DA:100,9
DA:124,9
LF:8
LH:8
BRF:0
BRH:0
end_of_record
TN:
SF:lib/guestStorage.ts
FN:11,generateGuestEmail
FN:17,generateUUID
FN:18,(anonymous_2)
FN:27,createGuestUser
FN:39,getGuestUser
FN:50,updateGuestUser
FN:60,deleteGuestUser
FN:66,getGuestSets
FN:77,createGuestSet
FN:101,updateGuestSet
FN:109,(anonymous_10)
FN:127,deleteGuestSet
FN:129,(anonymous_12)
FN:133,updateGuestSetLastPracticed
FN:135,(anonymous_14)
FN:149,getGuestSetById
FN:151,(anonymous_16)
FN:155,clearGuestData
FN:161,hasGuestData
FNF:19
FNH:19
FNDA:5,generateGuestEmail
FNDA:9,generateUUID
FNDA:279,(anonymous_2)
FNDA:2,createGuestUser
FNDA:8,getGuestUser
FNDA:2,updateGuestUser
FNDA:2,deleteGuestUser
FNDA:15,getGuestSets
FNDA:2,createGuestSet
FNDA:2,updateGuestSet
FNDA:1,(anonymous_10)
FNDA:1,deleteGuestSet
FNDA:2,(anonymous_12)
FNDA:2,updateGuestSetLastPracticed
FNDA:1,(anonymous_14)
FNDA:2,getGuestSetById
FNDA:2,(anonymous_16)
FNDA:1,clearGuestData
FNDA:3,hasGuestData
DA:7,2
DA:8,2
DA:12,5
DA:13,5
DA:18,9
DA:19,279
DA:20,279
DA:21,279
DA:28,2
DA:35,2
DA:36,2
DA:40,8
DA:41,8
DA:42,8
DA:43,4
DA:45,1
DA:46,1
DA:51,2
DA:52,2
DA:53,1
DA:56,1
DA:57,1
DA:61,2
DA:67,15
DA:68,15
DA:69,15
DA:70,12
DA:72,1
DA:73,1
DA:83,2
DA:85,2
DA:95,2
DA:96,2
DA:98,2
DA:108,2
DA:109,2
DA:111,2
DA:112,1
DA:115,1
DA:124,1
DA:128,1
DA:129,2
DA:130,1
DA:134,2
DA:135,2
DA:137,2
DA:138,1
DA:141,1
DA:146,1
DA:150,2
DA:151,2
DA:156,1
DA:157,1
DA:162,3
DA:163,3
DA:164,3
LF:56
LH:56
BRDA:20,0,0,270
BRDA:20,0,1,9
BRDA:27,1,0,1
BRDA:42,2,0,4
BRDA:42,2,1,4
BRDA:52,3,0,1
BRDA:52,3,1,1
BRDA:69,4,0,3
BRDA:69,4,1,12
BRDA:111,5,0,1
BRDA:111,5,1,1
BRDA:137,6,0,1
BRDA:137,6,1,1
BRDA:151,7,0,2
BRDA:151,7,1,1
BRDA:164,8,0,3
BRDA:164,8,1,2
BRF:17
BRH:17
end_of_record
TN:
SF:lib/platform-utils.ts
FN:7,isDesktopWeb
FN:42,isMobileWeb
FN:53,isNative
FNF:3
FNH:3
FNDA:8,isDesktopWeb
FNDA:3,isMobileWeb
FNDA:3,isNative
DA:8,8
DA:9,1
DA:13,7
DA:14,1
DA:18,6
DA:19,6
DA:23,6
DA:30,6
DA:31,6
DA:35,6
DA:43,3
DA:44,1
DA:47,2
DA:54,3
LF:14
LH:14
BRDA:8,0,0,1
BRDA:8,0,1,7
BRDA:13,1,0,1
BRDA:13,1,1,6
BRDA:23,2,0,6
BRDA:23,2,1,4
BRDA:23,2,2,4
BRDA:35,3,0,6
BRDA:35,3,1,4
BRDA:35,3,2,2
BRDA:43,4,0,1
BRDA:43,4,1,2
BRDA:54,5,0,3
BRDA:54,5,1,2
BRF:14
BRH:14
end_of_record
TN:
SF:lib/responsive.ts
FN:13,(anonymous_0)
FN:19,(anonymous_1)
FN:26,(anonymous_2)
FN:33,(anonymous_3)
FN:40,(anonymous_4)
FN:47,(anonymous_5)
FNF:6
FNH:6
FNDA:24,(anonymous_0)
FNDA:14,(anonymous_1)
FNDA:11,(anonymous_2)
FNDA:3,(anonymous_3)
FNDA:10,(anonymous_4)
FNDA:6,(anonymous_5)
DA:5,1
DA:13,1
DA:14,24
DA:15,24
DA:19,1
DA:20,14
DA:21,12
DA:22,12
DA:26,1
DA:27,11
DA:28,9
DA:29,9
DA:33,1
DA:34,3
DA:35,2
DA:36,2
DA:40,1
DA:41,10
DA:42,6
DA:43,3
DA:47,1
DA:52,6
DA:54,6
DA:55,2
DA:58,4
DA:59,1
DA:62,3
DA:66,1
DA:67,1
LF:29
LH:29
BRDA:20,0,0,2
BRDA:20,0,1,12
BRDA:27,1,0,2
BRDA:27,1,1,9
BRDA:29,2,0,9
BRDA:29,2,1,6
BRDA:34,3,0,1
BRDA:34,3,1,2
BRDA:41,4,0,4
BRDA:41,4,1,6
BRDA:42,5,0,3
BRDA:42,5,1,3
BRDA:54,6,0,2
BRDA:54,6,1,4
BRDA:54,7,0,6
BRDA:54,7,1,3
BRDA:58,8,0,1
BRDA:58,8,1,3
BRDA:58,9,0,4
BRDA:58,9,1,2
BRF:20
BRH:20
end_of_record
TN:
SF:lib/routing.ts
FN:85,getRoutingDecision
FNF:1
FNH:1
FNDA:22,getRoutingDecision
DA:86,22
DA:88,22
DA:89,22
DA:92,22
DA:93,2
DA:97,20
DA:98,1
DA:104,19
DA:105,4
DA:108,15
DA:109,3
DA:113,12
DA:114,4
DA:117,8
DA:118,3
DA:122,5
LF:16
LH:16
BRDA:92,0,0,2
BRDA:92,0,1,20
BRDA:92,1,0,22
BRDA:92,1,1,3
BRDA:97,2,0,1
BRDA:97,2,1,19
BRDA:97,3,0,20
BRDA:97,3,1,1
BRDA:104,4,0,4
BRDA:104,4,1,15
BRDA:104,5,0,19
BRDA:104,5,1,19
BRDA:104,5,2,7
BRDA:108,6,0,3
BRDA:108,6,1,12
BRDA:108,7,0,15
BRDA:108,7,1,15
BRDA:108,7,2,3
BRDA:113,8,0,4
BRDA:113,8,1,8
BRDA:113,9,0,12
BRDA:113,9,1,12
BRDA:113,9,2,12
BRDA:117,10,0,3
BRDA:117,10,1,5
BRDA:117,11,0,8
BRDA:117,11,1,8
BRDA:117,11,2,8
BRDA:117,11,3,3
BRF:29
BRH:29
end_of_record
TN:
SF:lib/setIcons.ts
FN:99,getIconForSet
FNF:1
FNH:1
FNDA:59,getIconForSet
DA:13,1
DA:100,59
DA:103,59
DA:104,1238
DA:105,51
DA:110,8
DA:117,1
LF:7
LH:7
BRDA:104,0,0,51
BRDA:104,0,1,1187
BRF:2
BRH:2
end_of_record
TN:
SF:lib/share-utils.ts
FN:17,generateShareUrl
FN:24,generateWebShareUrl
FN:31,extractShareCode
FN:64,isValidShareCode
FN:73,formatShareMessage
FN:84,generateShareText
FN:99,shareViaDialog
FN:126,parseShareUrl
FN:138,getPlatformShareUrl
FNF:9
FNH:7
FNDA:4,generateShareUrl
FNDA:3,generateWebShareUrl
FNDA:14,extractShareCode
FNDA:13,isValidShareCode
FNDA:6,formatShareMessage
FNDA:3,generateShareText
FNDA:0,shareViaDialog
FNDA:6,parseShareUrl
FNDA:0,getPlatformShareUrl
DA:7,2
DA:18,4
DA:25,3
DA:32,14
DA:34,14
DA:37,14
DA:38,14
DA:39,4
DA:43,10
DA:44,10
DA:45,10
DA:46,2
DA:50,8
DA:51,2
DA:54,6
DA:56,0
DA:57,0
DA:65,13
DA:78,6
DA:90,3
DA:93,3
DA:104,0
DA:106,0
DA:108,0
DA:110,0
DA:116,0
DA:118,0
DA:119,0
DA:127,6
DA:128,6
DA:129,3
DA:131,3
DA:139,0
DA:140,0
DA:142,0
LF:35
LH:23
BRDA:38,0,0,4
BRDA:38,0,1,10
BRDA:38,1,0,14
BRDA:38,1,1,4
BRDA:45,2,0,2
BRDA:45,2,1,8
BRDA:45,3,0,10
BRDA:45,3,1,2
BRDA:50,4,0,2
BRDA:50,4,1,6
BRDA:50,5,0,8
BRDA:50,5,1,3
BRDA:66,6,0,13
BRDA:66,6,1,9
BRDA:88,7,0,1
BRDA:90,8,0,1
BRDA:90,8,1,2
BRDA:128,9,0,3
BRDA:128,9,1,3
BRDA:128,10,0,6
BRDA:128,10,1,4
BRDA:139,11,0,0
BRDA:139,11,1,0
BRF:23
BRH:21
end_of_record
TN:
SF:lib/storage.ts
FN:11,(anonymous_0)
FN:23,(anonymous_1)
FN:34,(anonymous_2)
FNF:3
FNH:0
FNDA:0,(anonymous_0)
FNDA:0,(anonymous_1)
FNDA:0,(anonymous_2)
DA:10,1
DA:12,0
DA:13,0
DA:14,0
DA:16,0
DA:19,0
DA:24,0
DA:25,0
DA:26,0
DA:30,0
DA:35,0
DA:36,0
DA:37,0
DA:41,0
LF:14
LH:1
BRDA:12,0,0,0
BRDA:12,0,1,0
BRDA:13,1,0,0
BRDA:13,1,1,0
BRDA:24,2,0,0
BRDA:24,2,1,0
BRDA:25,3,0,0
BRDA:25,3,1,0
BRDA:35,4,0,0
BRDA:35,4,1,0
BRDA:36,5,0,0
BRDA:36,5,1,0
BRF:12
BRH:0
end_of_record
TN:
SF:lib/supabase.ts
FN:32,ensureValidSession
FN:87,retryOperation
FN:115,(anonymous_2)
FNF:3
FNH:2
FNDA:0,ensureValidSession
FNDA:10,retryOperation
FNDA:9,(anonymous_2)
DA:7,1
DA:33,0
DA:37,0
DA:40,0
DA:41,0
DA:45,0
DA:47,0
DA:48,0
DA:49,0
DA:52,0
DA:53,0
DA:57,0
DA:58,0
DA:59,0
DA:60,0
DA:62,0
DA:63,0
DA:67,0
DA:69,0
DA:70,0
DA:71,0
DA:74,0
DA:75,0
DA:79,0
DA:81,0
DA:82,0
DA:94,10
DA:95,19
DA:96,19
DA:98,13
DA:100,13
DA:111,13
DA:112,9
DA:115,9
DA:116,9
DA:120,4
DA:124,0
LF:37
LH:11
BRDA:40,0,0,0
BRDA:40,0,1,0
BRDA:40,1,0,0
BRDA:40,1,1,0
BRDA:47,2,0,0
BRDA:47,2,1,0
BRDA:47,3,0,0
BRDA:47,3,1,0
BRDA:57,4,0,0
BRDA:57,4,1,0
BRDA:62,5,0,0
BRDA:62,5,1,0
BRDA:69,6,0,0
BRDA:69,6,1,0
BRDA:69,7,0,0
BRDA:69,7,1,0
BRDA:89,8,0,6
BRDA:90,9,0,6
BRDA:100,10,0,13
BRDA:100,10,1,4
BRDA:100,10,2,3
BRDA:100,10,3,3
BRDA:100,10,4,3
BRDA:100,10,5,3
BRDA:100,10,6,3
BRDA:100,10,7,2
BRDA:100,10,8,2
BRDA:111,11,0,9
BRDA:111,11,1,4
BRDA:111,12,0,13
BRDA:111,12,1,11
BRF:31
BRH:15
end_of_record
TN:
SF:lib/web-share.ts
FN:21,(anonymous_0)
FN:28,(anonymous_1)
FN:40,(anonymous_2)
FN:62,(anonymous_3)
FN:92,(anonymous_4)
FN:111,(anonymous_5)
FN:132,(anonymous_6)
FNF:7
FNH:7
FNDA:6,(anonymous_0)
FNDA:6,(anonymous_1)
FNDA:4,(anonymous_2)
FNDA:2,(anonymous_3)
FNDA:3,(anonymous_4)
FNDA:5,(anonymous_5)
FNDA:1,(anonymous_6)
DA:21,2
DA:22,6
DA:28,2
DA:29,6
DA:40,2
DA:41,4
DA:42,1
DA:45,3
DA:46,3
DA:47,1
DA:50,2
DA:51,1
DA:54,1
DA:55,1
DA:62,2
DA:63,2
DA:64,0
DA:67,2
DA:68,2
DA:69,2
DA:70,2
DA:71,2
DA:73,2
DA:74,2
DA:75,2
DA:77,2
DA:78,2
DA:79,2
DA:80,2
DA:82,0
DA:83,0
DA:84,0
DA:92,2
DA:94,3
DA:95,2
DA:96,2
DA:97,1
DA:99,1
DA:105,2
DA:111,2
DA:116,5
DA:117,5
DA:118,5
DA:120,5
DA:132,2
DA:133,1
DA:134,1
LF:47
LH:43
BRDA:22,0,0,6
BRDA:22,0,1,6
BRDA:30,1,0,6
BRDA:30,1,1,6
BRDA:30,1,2,4
BRDA:41,2,0,1
BRDA:41,2,1,3
BRDA:50,3,0,1
BRDA:50,3,1,1
BRDA:63,4,0,0
BRDA:63,4,1,2
BRDA:94,5,0,2
BRDA:94,5,1,1
BRDA:133,6,0,1
BRDA:133,6,1,0
BRF:15
BRH:13
end_of_record
TN:
SF:lib/i18n/index.ts
FN:672,(anonymous_0)
FNF:1
FNH:1
FNDA:1,(anonymous_0)
DA:316,1
DA:672,1
DA:673,1
DA:674,1
DA:675,1
DA:677,1
DA:678,1
DA:681,0
DA:684,1
LF:9
LH:8
BRDA:674,0,0,1
BRDA:674,0,1,0
BRDA:674,1,0,1
BRDA:674,1,1,1
BRDA:675,2,0,1
BRDA:675,2,1,0
BRDA:677,3,0,1
BRDA:677,3,1,0
BRF:8
BRH:5
end_of_record
TN:
SF:lib/i18n/languages.ts
FN:117,(anonymous_0)
FN:118,(anonymous_1)
FNF:2
FNH:2
FNDA:44,(anonymous_0)
FNDA:2,(anonymous_1)
DA:9,1
DA:66,1
DA:69,1
DA:116,1
DA:117,44
DA:118,2
LF:6
LH:6
BRF:0
BRH:0
end_of_record
